==============================================================
Vivado(TM) HLS - High-Level Synthesis from C, C++ and SystemC v2019.2 (64-bit)
Copyright 1986-2019 Xilinx, Inc. All Rights Reserved.
==============================================================
INFO: [HLS 200-10] Setting target device to 'xc7k160t-fbg484-2'
INFO: [SYN 201-201] Setting up clock 'default' with a period of 5ns.
INFO: [SCHED 204-61] Option 'relax_ii_for_timing' is enabled, will increase II to preserve clock frequency constraints.
INFO: [HLS 200-10] Analyzing design file 'down_sample.cpp' ... 
WARNING: [HLS 214-111] Static scalars and arrays declared inside a dataflow region will be treated like local variables: down_sample.cpp:451:32
WARNING: [HLS 214-111] Static scalars and arrays declared inside a dataflow region will be treated like local variables: down_sample.cpp:452:33
WARNING: [HLS 214-113] Either use an argument of the function or declare the variable inside the dataflow loop body: down_sample.cpp:454:108
WARNING: [HLS 214-113] Either use an argument of the function or declare the variable inside the dataflow loop body: down_sample.cpp:458:113
WARNING: [HLS 200-471] Dataflow form checks found 4 issue(s) in file down_sample.cpp
INFO: [HLS 200-111] Finished Linking Time (s): cpu = 00:00:18 ; elapsed = 00:00:21 . Memory (MB): peak = 882.711 ; gain = 459.242 ; free physical = 81051 ; free virtual = 166962
INFO: [HLS 200-111] Finished Checking Pragmas Time (s): cpu = 00:00:18 ; elapsed = 00:00:21 . Memory (MB): peak = 882.711 ; gain = 459.242 ; free physical = 81051 ; free virtual = 166962
INFO: [HLS 200-10] Starting code transformations ...
INFO: [XFORM 203-603] Inlining function 'op_hcompute_hw_input_stencil' into 'down_sample' (down_sample.cpp:411).
INFO: [XFORM 203-603] Inlining function 'op_hcompute_avg_pool_stencil' into 'down_sample' (down_sample.cpp:413).
INFO: [XFORM 203-603] Inlining function 'op_hcompute_avg_pool_stencil_1' into 'down_sample' (down_sample.cpp:414).
INFO: [XFORM 203-603] Inlining function 'op_hcompute_hw_output_stencil' into 'down_sample' (down_sample.cpp:415).
INFO: [XFORM 203-603] Inlining function 'HWStream<hw_uint<16> >::read' into 'down_sample' (down_sample.cpp:300->down_sample.cpp:411).
INFO: [XFORM 203-603] Inlining function 'hcompute_hw_input_stencil' into 'down_sample' (down_sample.cpp:301->down_sample.cpp:411).
INFO: [XFORM 203-603] Inlining function 'hw_input_stencil_op_hcompute_hw_input_stencil_write_bundle_write' into 'down_sample' (down_sample.cpp:303->down_sample.cpp:411).
INFO: [XFORM 203-603] Inlining function 'hcompute_avg_pool_stencil' into 'down_sample' (down_sample.cpp:313->down_sample.cpp:413).
INFO: [XFORM 203-603] Inlining function 'avg_pool_stencil_clkwrk_dsa0_op_hcompute_avg_pool_stencil_write_bundle_write' into 'down_sample' (down_sample.cpp:315->down_sample.cpp:413).
INFO: [XFORM 203-603] Inlining function 'avg_pool_stencil_clkwrk_dsa0_op_hcompute_avg_pool_stencil_1_read_bundle_read' into 'down_sample' (down_sample.cpp:326->down_sample.cpp:414).
INFO: [XFORM 203-603] Inlining function 'hw_input_stencil_op_hcompute_avg_pool_stencil_1_read_bundle_read' into 'down_sample' (down_sample.cpp:332->down_sample.cpp:414).
INFO: [XFORM 203-603] Inlining function 'hcompute_avg_pool_stencil_1' into 'down_sample' (down_sample.cpp:337->down_sample.cpp:414).
INFO: [XFORM 203-603] Inlining function 'avg_pool_stencil_op_hcompute_avg_pool_stencil_1_write_bundle_write' into 'down_sample' (down_sample.cpp:339->down_sample.cpp:414).
INFO: [XFORM 203-603] Inlining function 'avg_pool_stencil_op_hcompute_hw_output_stencil_read_bundle_read' into 'down_sample' (down_sample.cpp:350->down_sample.cpp:415).
INFO: [XFORM 203-603] Inlining function 'hcompute_hw_output_stencil' into 'down_sample' (down_sample.cpp:355->down_sample.cpp:415).
INFO: [XFORM 203-603] Inlining function 'HWStream<hw_uint<16> >::write' into 'down_sample' (down_sample.cpp:357->down_sample.cpp:415).
INFO: [XFORM 203-603] Inlining function 'hw_uint<16>::extract<0, 15>' into 'down_sample' (./down_sample_compute.h:8->down_sample.cpp:301->down_sample.cpp:411).
INFO: [XFORM 203-603] Inlining function 'hw_uint<16>::operator int' into 'down_sample' (./down_sample_compute.h:8->down_sample.cpp:301->down_sample.cpp:411).
INFO: [XFORM 203-603] Inlining function 'hw_uint<16>::extract<0, 15>' into 'down_sample' (down_sample.cpp:288->down_sample.cpp:303->down_sample.cpp:411).
INFO: [XFORM 203-603] Inlining function 'hw_input_stencil_op_hcompute_hw_input_stencil_2_write' into 'down_sample' (down_sample.cpp:289->down_sample.cpp:303->down_sample.cpp:411).
INFO: [XFORM 203-603] Inlining function 'hw_uint<16>::extract<0, 15>' into 'down_sample' (down_sample.cpp:140->down_sample.cpp:315->down_sample.cpp:413).
INFO: [XFORM 203-603] Inlining function 'avg_pool_stencil_clkwrk_dsa0_op_hcompute_avg_pool_stencil_10_write' into 'down_sample' (down_sample.cpp:141->down_sample.cpp:315->down_sample.cpp:413).
INFO: [XFORM 203-603] Inlining function 'avg_pool_stencil_clkwrk_dsa0_op_hcompute_avg_pool_stencil_1_5_select' into 'down_sample' (down_sample.cpp:132->down_sample.cpp:326->down_sample.cpp:414).
INFO: [XFORM 203-603] Inlining function 'set_at<0, 16, 16>' into 'down_sample' (down_sample.cpp:133->down_sample.cpp:326->down_sample.cpp:414).
INFO: [XFORM 203-603] Inlining function 'hw_input_stencil_op_hcompute_avg_pool_stencil_1_6_select' into 'down_sample' (down_sample.cpp:274->down_sample.cpp:332->down_sample.cpp:414).
INFO: [XFORM 203-603] Inlining function 'set_at<0, 64, 16>' into 'down_sample' (down_sample.cpp:275->down_sample.cpp:332->down_sample.cpp:414).
INFO: [XFORM 203-603] Inlining function 'hw_input_stencil_op_hcompute_avg_pool_stencil_1_7_select' into 'down_sample' (down_sample.cpp:276->down_sample.cpp:332->down_sample.cpp:414).
INFO: [XFORM 203-603] Inlining function 'set_at<16, 64, 16>' into 'down_sample' (down_sample.cpp:277->down_sample.cpp:332->down_sample.cpp:414).
INFO: [XFORM 203-603] Inlining function 'hw_input_stencil_op_hcompute_avg_pool_stencil_1_8_select' into 'down_sample' (down_sample.cpp:278->down_sample.cpp:332->down_sample.cpp:414).
INFO: [XFORM 203-603] Inlining function 'set_at<32, 64, 16>' into 'down_sample' (down_sample.cpp:279->down_sample.cpp:332->down_sample.cpp:414).
INFO: [XFORM 203-603] Inlining function 'hw_input_stencil_op_hcompute_avg_pool_stencil_1_9_select' into 'down_sample' (down_sample.cpp:280->down_sample.cpp:332->down_sample.cpp:414).
INFO: [XFORM 203-603] Inlining function 'set_at<48, 64, 16>' into 'down_sample' (down_sample.cpp:281->down_sample.cpp:332->down_sample.cpp:414).
INFO: [XFORM 203-603] Inlining function 'hw_uint<16>::extract<0, 15>' into 'down_sample' (./down_sample_compute.h:21->down_sample.cpp:337->down_sample.cpp:414).
INFO: [XFORM 203-603] Inlining function 'hw_uint<16>::operator int' into 'down_sample' (./down_sample_compute.h:21->down_sample.cpp:337->down_sample.cpp:414).
INFO: [XFORM 203-603] Inlining function 'hw_uint<64>::extract<0, 15>' into 'down_sample' (./down_sample_compute.h:23->down_sample.cpp:337->down_sample.cpp:414).
INFO: [XFORM 203-603] Inlining function 'hw_uint<16>::operator int' into 'down_sample' (./down_sample_compute.h:23->down_sample.cpp:337->down_sample.cpp:414).
INFO: [XFORM 203-603] Inlining function 'hw_uint<64>::extract<16, 31>' into 'down_sample' (./down_sample_compute.h:24->down_sample.cpp:337->down_sample.cpp:414).
INFO: [XFORM 203-603] Inlining function 'hw_uint<16>::operator int' into 'down_sample' (./down_sample_compute.h:24->down_sample.cpp:337->down_sample.cpp:414).
INFO: [XFORM 203-603] Inlining function 'hw_uint<64>::extract<32, 47>' into 'down_sample' (./down_sample_compute.h:25->down_sample.cpp:337->down_sample.cpp:414).
INFO: [XFORM 203-603] Inlining function 'hw_uint<16>::operator int' into 'down_sample' (./down_sample_compute.h:25->down_sample.cpp:337->down_sample.cpp:414).
INFO: [XFORM 203-603] Inlining function 'hw_uint<64>::extract<48, 63>' into 'down_sample' (./down_sample_compute.h:26->down_sample.cpp:337->down_sample.cpp:414).
INFO: [XFORM 203-603] Inlining function 'hw_uint<16>::operator int' into 'down_sample' (./down_sample_compute.h:26->down_sample.cpp:337->down_sample.cpp:414).
INFO: [XFORM 203-603] Inlining function 'hw_uint<16>::extract<0, 15>' into 'down_sample' (down_sample.cpp:62->down_sample.cpp:339->down_sample.cpp:414).
INFO: [XFORM 203-603] Inlining function 'avg_pool_stencil_op_hcompute_avg_pool_stencil_1_4_write' into 'down_sample' (down_sample.cpp:63->down_sample.cpp:339->down_sample.cpp:414).
INFO: [XFORM 203-603] Inlining function 'avg_pool_stencil_op_hcompute_hw_output_stencil_1_select' into 'down_sample' (down_sample.cpp:73->down_sample.cpp:350->down_sample.cpp:415).
INFO: [XFORM 203-603] Inlining function 'set_at<0, 16, 16>' into 'down_sample' (down_sample.cpp:74->down_sample.cpp:350->down_sample.cpp:415).
INFO: [XFORM 203-603] Inlining function 'hw_uint<16>::extract<0, 15>' into 'down_sample' (./down_sample_compute.h:37->down_sample.cpp:355->down_sample.cpp:415).
INFO: [XFORM 203-603] Inlining function 'hw_uint<16>::operator int' into 'down_sample' (./down_sample_compute.h:37->down_sample.cpp:355->down_sample.cpp:415).
INFO: [XFORM 203-603] Inlining function 'hw_uint<16>::to_int' into 'down_sample' (../../.././hw_classes.h:221->./down_sample_compute.h:8->down_sample.cpp:301->down_sample.cpp:411).
INFO: [XFORM 203-603] Inlining function 'hw_input_stencil_op_hcompute_hw_input_stencil_2_merged_banks_4_cache::push' into 'down_sample' (down_sample.cpp:213->down_sample.cpp:289->down_sample.cpp:303->down_sample.cpp:411).
INFO: [XFORM 203-603] Inlining function 'avg_pool_stencil_clkwrk_dsa0_op_hcompute_avg_pool_stencil_10_to_avg_pool_stencil_clkwrk_dsa0_op_hcompute_avg_pool_stencil_1_5_cache::push' into 'down_sample' (down_sample.cpp:110->down_sample.cpp:141->down_sample.cpp:315->down_sample.cpp:413).
INFO: [XFORM 203-603] Inlining function 'avg_pool_stencil_clkwrk_dsa0_op_hcompute_avg_pool_stencil_10_to_avg_pool_stencil_clkwrk_dsa0_op_hcompute_avg_pool_stencil_1_5_cache::peek' into 'down_sample' (down_sample.cpp:119->down_sample.cpp:132->down_sample.cpp:326->down_sample.cpp:414).
INFO: [XFORM 203-603] Inlining function 'hw_input_stencil_op_hcompute_hw_input_stencil_2_merged_banks_4_cache::peek_65' into 'down_sample' (down_sample.cpp:222->down_sample.cpp:274->down_sample.cpp:332->down_sample.cpp:414).
INFO: [XFORM 203-603] Inlining function 'hw_input_stencil_op_hcompute_hw_input_stencil_2_merged_banks_4_cache::peek_64' into 'down_sample' (down_sample.cpp:233->down_sample.cpp:276->down_sample.cpp:332->down_sample.cpp:414).
INFO: [XFORM 203-603] Inlining function 'hw_input_stencil_op_hcompute_hw_input_stencil_2_merged_banks_4_cache::peek_0' into 'down_sample' (down_sample.cpp:244->down_sample.cpp:278->down_sample.cpp:332->down_sample.cpp:414).
INFO: [XFORM 203-603] Inlining function 'hw_input_stencil_op_hcompute_hw_input_stencil_2_merged_banks_4_cache::peek_1' into 'down_sample' (down_sample.cpp:255->down_sample.cpp:280->down_sample.cpp:332->down_sample.cpp:414).
INFO: [XFORM 203-603] Inlining function 'hw_uint<16>::to_int' into 'down_sample' (../../.././hw_classes.h:221->./down_sample_compute.h:21->down_sample.cpp:337->down_sample.cpp:414).
INFO: [XFORM 203-603] Inlining function 'hw_uint<16>::to_int' into 'down_sample' (../../.././hw_classes.h:221->./down_sample_compute.h:23->down_sample.cpp:337->down_sample.cpp:414).
INFO: [XFORM 203-603] Inlining function 'hw_uint<16>::to_int' into 'down_sample' (../../.././hw_classes.h:221->./down_sample_compute.h:24->down_sample.cpp:337->down_sample.cpp:414).
INFO: [XFORM 203-603] Inlining function 'hw_uint<16>::to_int' into 'down_sample' (../../.././hw_classes.h:221->./down_sample_compute.h:25->down_sample.cpp:337->down_sample.cpp:414).
INFO: [XFORM 203-603] Inlining function 'hw_uint<16>::to_int' into 'down_sample' (../../.././hw_classes.h:221->./down_sample_compute.h:26->down_sample.cpp:337->down_sample.cpp:414).
INFO: [XFORM 203-603] Inlining function 'avg_pool_stencil_op_hcompute_avg_pool_stencil_1_4_to_avg_pool_stencil_op_hcompute_hw_output_stencil_1_cache::push' into 'down_sample' (down_sample.cpp:44->down_sample.cpp:63->down_sample.cpp:339->down_sample.cpp:414).
INFO: [XFORM 203-603] Inlining function 'avg_pool_stencil_op_hcompute_avg_pool_stencil_1_4_to_avg_pool_stencil_op_hcompute_hw_output_stencil_1_cache::peek' into 'down_sample' (down_sample.cpp:53->down_sample.cpp:73->down_sample.cpp:350->down_sample.cpp:415).
INFO: [XFORM 203-603] Inlining function 'hw_uint<16>::to_int' into 'down_sample' (../../.././hw_classes.h:221->./down_sample_compute.h:37->down_sample.cpp:355->down_sample.cpp:415).
INFO: [XFORM 203-603] Inlining function 'fifo<hw_uint<16>, 62>::back' into 'down_sample' (down_sample.cpp:190->down_sample.cpp:213->down_sample.cpp:289->down_sample.cpp:303->down_sample.cpp:411).
INFO: [XFORM 203-603] Inlining function 'fifo<hw_uint<16>, 62>::push' into 'down_sample' (down_sample.cpp:194->down_sample.cpp:213->down_sample.cpp:289->down_sample.cpp:303->down_sample.cpp:411).
INFO: [XFORM 203-603] Inlining function 'fifo<hw_uint<16>, 1>::push' into 'down_sample' (down_sample.cpp:97->down_sample.cpp:110->down_sample.cpp:141->down_sample.cpp:315->down_sample.cpp:413).
INFO: [XFORM 203-603] Inlining function 'fifo<hw_uint<16>, 1>::peek' into 'down_sample' (down_sample.cpp:89->down_sample.cpp:119->down_sample.cpp:132->down_sample.cpp:326->down_sample.cpp:414).
INFO: [XFORM 203-603] Inlining function 'fifo<hw_uint<16>, 1>::push' into 'down_sample' (down_sample.cpp:31->down_sample.cpp:44->down_sample.cpp:63->down_sample.cpp:339->down_sample.cpp:414).
INFO: [XFORM 203-603] Inlining function 'fifo<hw_uint<16>, 1>::peek' into 'down_sample' (down_sample.cpp:23->down_sample.cpp:53->down_sample.cpp:73->down_sample.cpp:350->down_sample.cpp:415).
INFO: [HLS 200-111] Finished Standard Transforms Time (s): cpu = 00:00:19 ; elapsed = 00:00:23 . Memory (MB): peak = 882.711 ; gain = 459.242 ; free physical = 80974 ; free virtual = 166887
INFO: [HLS 200-10] Checking synthesizability ...
WARNING: [SYNCHK 200-23] ../../.././hw_classes.h:212: variable-indexed range selection may cause suboptimal QoR.
INFO: [SYNCHK 200-10] 0 error(s), 1 warning(s).
INFO: [HLS 200-111] Finished Checking Synthesizability Time (s): cpu = 00:00:20 ; elapsed = 00:00:23 . Memory (MB): peak = 882.711 ; gain = 459.242 ; free physical = 80969 ; free virtual = 166883
INFO: [XFORM 203-502] Unrolling all sub-loops inside loop 'Loop-1.1.1' (down_sample.cpp:409) in function 'down_sample' for pipelining.
INFO: [HLS 200-489] Unrolling loop 'Loop-1.1.1.1' (../../.././hw_classes.h:209) in function 'down_sample' completely with a factor of 16.
INFO: [HLS 200-489] Unrolling loop 'Loop-1.1.1.2' (../../.././hw_classes.h:209) in function 'down_sample' completely with a factor of 16.
INFO: [HLS 200-489] Unrolling loop 'Loop-1.1.1.3' (../../.././hw_classes.h:209) in function 'down_sample' completely with a factor of 16.
INFO: [HLS 200-489] Unrolling loop 'Loop-1.1.1.4' (../../.././hw_classes.h:343) in function 'down_sample' completely with a factor of 16.
INFO: [HLS 200-489] Unrolling loop 'Loop-1.1.1.5' (../../.././hw_classes.h:343) in function 'down_sample' completely with a factor of 16.
INFO: [HLS 200-489] Unrolling loop 'Loop-1.1.1.6' (../../.././hw_classes.h:343) in function 'down_sample' completely with a factor of 16.
INFO: [HLS 200-489] Unrolling loop 'Loop-1.1.1.7' (../../.././hw_classes.h:343) in function 'down_sample' completely with a factor of 16.
INFO: [HLS 200-489] Unrolling loop 'Loop-1.1.1.8' (../../.././hw_classes.h:343) in function 'down_sample' completely with a factor of 16.
INFO: [HLS 200-489] Unrolling loop 'Loop-1.1.1.9' (../../.././hw_classes.h:209) in function 'down_sample' completely with a factor of 16.
INFO: [HLS 200-489] Unrolling loop 'Loop-1.1.1.10' (../../.././hw_classes.h:209) in function 'down_sample' completely with a factor of 16.
INFO: [HLS 200-489] Unrolling loop 'Loop-1.1.1.11' (../../.././hw_classes.h:209) in function 'down_sample' completely with a factor of 16.
INFO: [HLS 200-489] Unrolling loop 'Loop-1.1.1.12' (../../.././hw_classes.h:209) in function 'down_sample' completely with a factor of 16.
INFO: [HLS 200-489] Unrolling loop 'Loop-1.1.1.13' (../../.././hw_classes.h:209) in function 'down_sample' completely with a factor of 16.
INFO: [HLS 200-489] Unrolling loop 'Loop-1.1.1.14' (../../.././hw_classes.h:209) in function 'down_sample' completely with a factor of 16.
INFO: [HLS 200-489] Unrolling loop 'Loop-1.1.1.15' (../../.././hw_classes.h:343) in function 'down_sample' completely with a factor of 16.
INFO: [HLS 200-489] Unrolling loop 'Loop-1.1.1.16' (../../.././hw_classes.h:209) in function 'down_sample' completely with a factor of 16.
