# 
# Steps log generated by v++
# This log file contains a collection of steps that describe the kernel compilation flow
# Note: Some steps are tagged as internal, these steps are for debugging purposes and 
#       are not expected to be able to run independently.
# 

# The following environment variables are set when running v++
Environment variables :
------------------------------------------
_RDI_DONT_SET_XILINX_AS_PATH=True
XDG_SESSION_ID=1
HOSTNAME=ip-172-31-78-185.ec2.internal
XILINX_DSP=
SHELL=/bin/bash
TERM=xterm-256color
MAKEFLAGS=DEVICE=/home/centos/aws-fpga/Vitis/aws_platform/xilinx_aws-vu9p-f1_shell-v04261818_201920_1/xilinx_aws-vu9p-f1_shell-v04261818_201920_1.xpfm TARGET=sw_emu
HISTSIZE=1000
SSH_CLIENT=73.231.31.159 55129 22
MYVIVADO=
RDI_TPS_ROOT=/opt/Xilinx/Vivado/2019.2/tps/lnx64
HDK_SHELL_DIR=/home/centos/aws-fpga/hdk/common/shell_v04261818
HDI_PROCESSOR=x86_64
HDK_SHELL_DESIGN_DIR=/home/centos/aws-fpga/hdk/common/shell_v04261818/design
SYNTH_COMMON=/opt/Xilinx/Vitis/2019.2/scripts/rt/data
SSH_TTY=/dev/pts/0
RDI_JAVA_VERSION=9.0.4
RT_TCL_PATH=/opt/Xilinx/Vitis/2019.2/scripts/rt/base_tcl/tcl
RDI_PREPEND_PATH=/opt/Xilinx/Vitis/2019.2/bin
RDI_OPT_EXT=.o
MAKEOVERRIDES=${-*-command-variables-*-}
USER=centos
LS_COLORS=rs=0:di=38;5;27:ln=38;5;51:mh=44;38;5;15:pi=40;38;5;11:so=38;5;13:do=38;5;5:bd=48;5;232;38;5;11:cd=48;5;232;38;5;3:or=48;5;232;38;5;9:mi=05;48;5;232;38;5;15:su=48;5;196;38;5;15:sg=48;5;11;38;5;16:ca=48;5;196;38;5;226:tw=48;5;10;38;5;16:ow=48;5;10;38;5;21:st=48;5;21;38;5;15:ex=38;5;34:*.tar=38;5;9:*.tgz=38;5;9:*.arc=38;5;9:*.arj=38;5;9:*.taz=38;5;9:*.lha=38;5;9:*.lz4=38;5;9:*.lzh=38;5;9:*.lzma=38;5;9:*.tlz=38;5;9:*.txz=38;5;9:*.tzo=38;5;9:*.t7z=38;5;9:*.zip=38;5;9:*.z=38;5;9:*.Z=38;5;9:*.dz=38;5;9:*.gz=38;5;9:*.lrz=38;5;9:*.lz=38;5;9:*.lzo=38;5;9:*.xz=38;5;9:*.bz2=38;5;9:*.bz=38;5;9:*.tbz=38;5;9:*.tbz2=38;5;9:*.tz=38;5;9:*.deb=38;5;9:*.rpm=38;5;9:*.jar=38;5;9:*.war=38;5;9:*.ear=38;5;9:*.sar=38;5;9:*.rar=38;5;9:*.alz=38;5;9:*.ace=38;5;9:*.zoo=38;5;9:*.cpio=38;5;9:*.7z=38;5;9:*.rz=38;5;9:*.cab=38;5;9:*.jpg=38;5;13:*.jpeg=38;5;13:*.gif=38;5;13:*.bmp=38;5;13:*.pbm=38;5;13:*.pgm=38;5;13:*.ppm=38;5;13:*.tga=38;5;13:*.xbm=38;5;13:*.xpm=38;5;13:*.tif=38;5;13:*.tiff=38;5;13:*.png=38;5;13:*.svg=38;5;13:*.svgz=38;5;13:*.mng=38;5;13:*.pcx=38;5;13:*.mov=38;5;13:*.mpg=38;5;13:*.mpeg=38;5;13:*.m2v=38;5;13:*.mkv=38;5;13:*.webm=38;5;13:*.ogm=38;5;13:*.mp4=38;5;13:*.m4v=38;5;13:*.mp4v=38;5;13:*.vob=38;5;13:*.qt=38;5;13:*.nuv=38;5;13:*.wmv=38;5;13:*.asf=38;5;13:*.rm=38;5;13:*.rmvb=38;5;13:*.flc=38;5;13:*.avi=38;5;13:*.fli=38;5;13:*.flv=38;5;13:*.gl=38;5;13:*.dl=38;5;13:*.xcf=38;5;13:*.xwd=38;5;13:*.yuv=38;5;13:*.cgm=38;5;13:*.emf=38;5;13:*.axv=38;5;13:*.anx=38;5;13:*.ogv=38;5;13:*.ogx=38;5;13:*.aac=38;5;45:*.au=38;5;45:*.flac=38;5;45:*.mid=38;5;45:*.midi=38;5;45:*.mka=38;5;45:*.mp3=38;5;45:*.mpc=38;5;45:*.ogg=38;5;45:*.ra=38;5;45:*.wav=38;5;45:*.axa=38;5;45:*.oga=38;5;45:*.spx=38;5;45:*.xspf=38;5;45:
LD_LIBRARY_PATH=/opt/Xilinx/Vitis/2019.2/lib/lnx64.o/Default:/opt/Xilinx/Vitis/2019.2/lib/lnx64.o:/opt/Xilinx/Vitis/2019.2/tps/lnx64/jre9.0.4/lib/:/opt/Xilinx/Vitis/2019.2/tps/lnx64/jre9.0.4/lib//server:/opt/Xilinx/Vitis/2019.2/lib/lnx64.o/Default:/opt/Xilinx/Vitis/2019.2/lib/lnx64.o:/opt/xilinx/xrt/lib:/opt/Xilinx/Vitis/2019.2/lib/lnx64.o/Default:/opt/Xilinx/Vitis/2019.2/lib/lnx64.o:/opt/Xilinx/Vitis/2019.2/bin/../lnx64/tools/dot/lib
RDI_PATCHROOT=
TCL_LIBRARY=/opt/Xilinx/Vitis/2019.2/tps/tcl/tcl8.5
RDI_PLATFORM=lnx64
AWS_PLATFORM=/home/centos/aws-fpga/Vitis/aws_platform/xilinx_aws-vu9p-f1_shell-v04261818_201920_1/xilinx_aws-vu9p-f1_shell-v04261818_201920_1.xpfm
MAKELEVEL=1
RDI_BUILD=yes
MFLAGS=
RT_LIBPATH=/opt/Xilinx/Vitis/2019.2/scripts/rt/data
RDI_LIBDIR=/opt/Xilinx/Vitis/2019.2/lib/lnx64.o/Default:/opt/Xilinx/Vitis/2019.2/lib/lnx64.o
RELEASE_VER=2019.2
PATH=/opt/Xilinx/Vivado/2019.2/tps/lnx64/binutils-2.26/bin:/opt/Xilinx/Vitis/2019.2/bin/../gnu/aarch64/lin/aarch64-linux/bin:/opt/Xilinx/Vitis/2019.2/bin/../gnu/ppc64le/4.9.3/lnx64/bin:/opt/Xilinx/Vitis/2019.2/bin/../gnu/aarch32/lin/gcc-arm-linux-gnueabi/bin:/opt/Xilinx/Vivado/2019.2/tps/lnx64/gcc-6.2.0/bin:/opt/Xilinx/Vivado/2019.2/gnu/microblaze/lin/bin:/opt/Xilinx/Vitis/2019.2/bin:/opt/Xilinx/Vitis/2019.2/tps/lnx64/jre9.0.4/bin:/opt/Xilinx/Vivado/2019.2/bin:/home/centos/aws-fpga/shared/bin/scripts:/usr/local/bin:/usr/bin:/usr/local/sbin:/usr/sbin:/srv/git/centos-git-common:/home/centos/.local/bin:/home/centos/bin:/opt/xilinx/xrt/bin
MAIL=/var/spool/mail/centos
XILINX_VITIS=/opt/Xilinx/Vitis/2019.2
HDK_DIR=/home/centos/aws-fpga/hdk
SDK_DIR=/home/centos/aws-fpga/sdk
PWD=/home/centos/aws-fpga/Vitis/examples/xilinx_2019.2/jacobi2d_unrolled_1_opt
XILINX_XRT=/opt/xilinx/xrt
XIL_CHECK_TCL_DEBUG=False
_LMFILES_=/usr/share/Modules/modulefiles/vitis
SDACCEL_DIR=/home/centos/aws-fpga/SDAccel
AWS_PLATFORM_201920_1=/home/centos/aws-fpga/Vitis/aws_platform/xilinx_aws-vu9p-f1_shell-v04261818_201920_1/xilinx_aws-vu9p-f1_shell-v04261818_201920_1.xpfm
LANG=en_US.UTF-8
XILINX_VIVADO_HLS=/opt/Xilinx/Vivado/2019.2
MODULEPATH=/usr/share/Modules/modulefiles:/etc/modulefiles
HDK_COMMON_DIR=/home/centos/aws-fpga/hdk/common
HDI_APPROOT=/opt/Xilinx/Vitis/2019.2
LOADEDMODULES=vitis
XILINX_HLS=/opt/Xilinx/Vivado/2019.2
VITIS_DIR=/home/centos/aws-fpga/Vitis
XILINX_VIVADO=/opt/Xilinx/Vivado/2019.2
XILINX_SDK=/opt/Xilinx/Vitis/2019.2
HISTCONTROL=ignoredups
ISL_IOSTREAMS_RSA=/opt/Xilinx/Vitis/2019.2/tps/isl
HOME=/home/centos
SHLVL=3
RDI_BASEROOT=/opt/Xilinx/Vitis
DEVICE=/home/centos/aws-fpga/Vitis/aws_platform/xilinx_aws-vu9p-f1_shell-v04261818_201920_1/xilinx_aws-vu9p-f1_shell-v04261818_201920_1.xpfm
RDI_APPROOT=/opt/Xilinx/Vitis/2019.2
TARGET=sw_emu
LOGNAME=centos
PYTHONPATH=/home/centos/aws-fpga/shared/lib:/home/centos/aws-fpga/shared/bin/scripts:/opt/Xilinx/Vitis/2019.2/bin:/opt/Xilinx/Vivado/2019.2/bin:/usr/local/bin:/usr/bin:/usr/local/sbin:/usr/sbin:/srv/git/centos-git-common:/home/centos/.local/bin:/home/centos/bin
RDI_JAVA_PLATFORM=
SSH_CONNECTION=73.231.31.159 55129 172.31.78.185 22
RDI_BINROOT=/opt/Xilinx/Vitis/2019.2/bin
VIVADO_TOOL_VER=2019.2
MODULESHOME=/usr/share/Modules
LESSOPEN=||/usr/bin/lesspipe.sh %s
XILINX_ENABLE_SCOUT_HLS=0
RDI_PROG=/opt/Xilinx/Vitis/2019.2/bin/unwrapped/lnx64.o/v++
XDG_RUNTIME_DIR=/run/user/1000
XIL_NO_OVERRIDE=0
XIL_SUPPRESS_OVERRIDE_WARNINGS=1
XILINX_PLANAHEAD=/opt/Xilinx/Vitis/2019.2
AWS_FPGA_REPO_DIR=/home/centos/aws-fpga
HDIPRELDPATH=/opt/Xilinx/Vitis/2019.2/lib/lnx64.o/Default:/opt/Xilinx/Vitis/2019.2/lib/lnx64.o:/opt/xilinx/xrt/lib:/opt/Xilinx/Vitis/2019.2/lib/lnx64.o/Default:/opt/Xilinx/Vitis/2019.2/lib/lnx64.o:/opt/Xilinx/Vitis/2019.2/bin/../lnx64/tools/dot/lib
RDI_INSTALLVER=2019.2
RDI_DATADIR=/opt/Xilinx/Vitis/2019.2/data
RDI_INSTALLROOT=/opt/Xilinx
BASH_FUNC_allow_non_root()=() {  [ ! -z ${AWS_FPGA_ALLOW_NON_ROOT} ]
}
BASH_FUNC_module()=() {  eval `/usr/bin/modulecmd bash $*`
}
_=/opt/Xilinx/Vitis/2019.2/bin/unwrapped/lnx64.o/v++
XILINX_CD_CONNECT_ID=39410
XILINX_CD_SESSION=15c10324-7d86-4564-82b9-81c78930c51f
XILINX_RS_PORT=40748
XILINX_RS_SESSION=1d16b784-f486-454c-9d4f-01ce5791a1fe


V++ command line :
------------------------------------------
/opt/Xilinx/Vitis/2019.2/bin/unwrapped/lnx64.o/v++ -D__VIVADO_SYNTH__ -t sw_emu --platform /home/centos/aws-fpga/Vitis/aws_platform/xilinx_aws-vu9p-f1_shell-v04261818_201920_1/xilinx_aws-vu9p-f1_shell-v04261818_201920_1.xpfm --save-temps -g --temp_dir ./_x.sw_emu.xilinx_aws-vu9p-f1_shell-v04261818_201920_1 -c -k jacobi2d_unrolled_1_opt -Isrc -o_x.sw_emu.xilinx_aws-vu9p-f1_shell-v04261818_201920_1/jacobi2d_unrolled_1_opt.xo src/jacobi2d_unrolled_1_opt.cpp 
  Options from -O    :  --xp "vivado_prop:run.__KERNEL__.{STEPS.SYNTH_DESIGN.ARGS.MORE OPTIONS}={-directive sdx_optimization_effort_high}" --xp "misc:report=type report_timing_summary name impl_report_timing_summary_route_design_summary steps {route_design} runs {impl_1} options {-max_paths 10}" --xp "misc:report=type report_timing_summary name impl_report_timing_summary_post_route_phys_opt_design_summary steps {post_route_phys_opt_design} runs {impl_1} options {-max_paths 10}"
  Options from *.ini : 
  Options from Hw Platform : 

Target platform : /home/centos/aws-fpga/Vitis/aws_platform/xilinx_aws-vu9p-f1_shell-v04261818_201920_1/xilinx_aws-vu9p-f1_shell-v04261818_201920_1.xpfm


==========================================
new:  steps log generated by v++ for new launch 
timestamp: 09 Apr 2020 03:17:10
------------------------------------------
step: performing high-level synthesis for kernel:jacobi2d_unrolled_1_opt
timestamp: 09 Apr 2020 03:17:23
launch dir: /home/centos/aws-fpga/Vitis/examples/xilinx_2019.2/jacobi2d_unrolled_1_opt/_x.sw_emu.xilinx_aws-vu9p-f1_shell-v04261818_201920_1/jacobi2d_unrolled_1_opt/jacobi2d_unrolled_1_opt
cmd: vivado_hls -f /home/centos/aws-fpga/Vitis/examples/xilinx_2019.2/jacobi2d_unrolled_1_opt/_x.sw_emu.xilinx_aws-vu9p-f1_shell-v04261818_201920_1/jacobi2d_unrolled_1_opt/jacobi2d_unrolled_1_opt/jacobi2d_unrolled_1_opt.tcl -messageDb vivado_hls.pb
------------------------------------------
V++ internal step: generating system estimate report file
timestamp: 09 Apr 2020 03:17:23
output: /home/centos/aws-fpga/Vitis/examples/xilinx_2019.2/jacobi2d_unrolled_1_opt/_x.sw_emu.xilinx_aws-vu9p-f1_shell-v04261818_201920_1/reports/jacobi2d_unrolled_1_opt/system_estimate_jacobi2d_unrolled_1_opt.xtxt
