XRT Build Version: 2.3.0
       Build Date: 2020-02-06 15:08:44
          Hash ID: 9e13d57c4563e2c19bf5f518993f6e5a8dadc18a
Creating a default 'in-memory' xclbin image.

Section: 'BITSTREAM'(0) was successfully added.
Size   : 482288 bytes
Format : RAW
File   : '/home/centos/aws-fpga/Vitis/examples/xilinx_2019.2/jacobi2d_unrolled_1_opt/build_dir.sw_emu.xilinx_aws-vu9p-f1_shell-v04261818_201920_1/link/int/jacobi2d_unrolled_1_opt.so'
WARNING: Skipping CLOCK_FREQ_TOPOLOGY section for count size is zero.
WARNING: Section 'CLOCK_FREQ_TOPOLOGY' content is empty.  No data in the given JSON file.

Section: 'CLOCK_FREQ_TOPOLOGY'(11) was empty.  No action taken.
Format : JSON
File   : '/home/centos/aws-fpga/Vitis/examples/xilinx_2019.2/jacobi2d_unrolled_1_opt/build_dir.sw_emu.xilinx_aws-vu9p-f1_shell-v04261818_201920_1/link/int/jacobi2d_unrolled_1_opt_xml.rtd'

Section: 'BUILD_METADATA'(14) was successfully added.
Size   : 2451 bytes
Format : JSON
File   : '/home/centos/aws-fpga/Vitis/examples/xilinx_2019.2/jacobi2d_unrolled_1_opt/build_dir.sw_emu.xilinx_aws-vu9p-f1_shell-v04261818_201920_1/link/int/jacobi2d_unrolled_1_opt_build.rtd'

Section: 'EMBEDDED_METADATA'(2) was successfully added.
Size   : 2514 bytes
Format : RAW
File   : '/home/centos/aws-fpga/Vitis/examples/xilinx_2019.2/jacobi2d_unrolled_1_opt/build_dir.sw_emu.xilinx_aws-vu9p-f1_shell-v04261818_201920_1/link/int/jacobi2d_unrolled_1_opt.xml'

Section: 'DEBUG_DATA'(4) was successfully added.
Size   : 0 bytes
Format : RAW
File   : '/dev/null'
Successfully wrote (491607 bytes) to the output file: /home/centos/aws-fpga/Vitis/examples/xilinx_2019.2/jacobi2d_unrolled_1_opt/build_dir.sw_emu.xilinx_aws-vu9p-f1_shell-v04261818_201920_1/link/int/jacobi2d_unrolled_1_opt.xcp
Leaving xclbinutil.
