
*** Running vivado
    with args -log cl_bxy_ur_1_opt_kernel_1_0.vds -m64 -product Vivado -mode batch -messageDb vivado.pb -notrace -source cl_bxy_ur_1_opt_kernel_1_0.tcl


****** Vivado v2019.2 (64-bit)
  **** SW Build 2700185 on Thu Oct 24 18:45:48 MDT 2019
  **** IP Build 2699827 on Thu Oct 24 21:16:38 MDT 2019
    ** Copyright 1986-2019 Xilinx, Inc. All Rights Reserved.

source cl_bxy_ur_1_opt_kernel_1_0.tcl -notrace
[OPTRACE]|26080|1|/home/centos/clockwork/soda_codes/bxy_ur_1_opt/soda_code/blur.temp/link/vivado/vpl/prj/prj.runs/cl_bxy_ur_1_opt_kernel_1_0_synth_1/cl_bxy_ur_1_opt_kernel_1_0.tcl|vivado_synth|1588030895943|START|cl_bxy_ur_1_opt_kernel_1_0_synth_1|ROLLUP_AUTO
[OPTRACE]|26080|2|/home/centos/clockwork/soda_codes/bxy_ur_1_opt/soda_code/blur.temp/link/vivado/vpl/prj/prj.runs/cl_bxy_ur_1_opt_kernel_1_0_synth_1/cl_bxy_ur_1_opt_kernel_1_0.tcl|vivado_synth|1588030895946|START|Creating in-memory project|
INFO: [IP_Flow 19-234] Refreshing IP repositories
INFO: [IP_Flow 19-1700] Loaded user IP repository '/home/centos/clockwork/soda_codes/bxy_ur_1_opt/soda_code/blur.temp/link/int/xo/ip_repo/xilinx_com_RTLKernel_bxy_ur_1_opt_kernel_1_0'.
INFO: [IP_Flow 19-1700] Loaded user IP repository '/home/centos/clockwork/soda_codes/bxy_ur_1_opt/soda_code/blur.temp/link/vivado/vpl/.local/hw_platform/iprepo'.
INFO: [IP_Flow 19-1700] Loaded user IP repository '/opt/Xilinx/Vitis/2019.2/data/cache/xilinx'.
INFO: [IP_Flow 19-1700] Loaded user IP repository '/home/centos/clockwork/soda_codes/bxy_ur_1_opt/soda_code/blur.temp/link/vivado/vpl/.local/hw_platform/ipcache'.
INFO: [IP_Flow 19-1700] Loaded user IP repository '/opt/Xilinx/Vitis/2019.2/data/ip'.
INFO: [IP_Flow 19-2313] Loaded Vivado IP repository '/opt/Xilinx/Vivado/2019.2/data/ip'.
WARNING: [IP_Flow 19-1663] Duplicate IP found for 'xilinx.com:ip:pr_decoupler:1.0'. The one found in IP location '/home/centos/clockwork/soda_codes/bxy_ur_1_opt/soda_code/blur.temp/link/vivado/vpl/.local/hw_platform/iprepo/ipdefs/ii_infra_ipdefs/pr_decoupler_v1_0' will take precedence over the same IP in the Xilinx installed IP.
WARNING: [IP_Flow 19-4830] Duplicate Interface found for 'xilinx.com:interface:sdsoc_trace:2.0'. The one found in location '/opt/Xilinx/Vitis/2019.2/data/ip/xilinx/sdsoc_trace_v2_0/sdsoc_trace_v2_0.xml' will take precedence over the same Interface in location '/opt/Xilinx/Vivado/2019.2/data/ip/interfaces/sdsoc_trace_v2_0/sdsoc_trace_v2_0.xml'
update_ip_catalog: Time (s): cpu = 00:00:04 ; elapsed = 00:00:09 . Memory (MB): peak = 1660.000 ; gain = 105.516 ; free physical = 56547 ; free virtual = 79547
[OPTRACE]|26080|3|/home/centos/clockwork/soda_codes/bxy_ur_1_opt/soda_code/blur.temp/link/vivado/vpl/prj/prj.runs/cl_bxy_ur_1_opt_kernel_1_0_synth_1/cl_bxy_ur_1_opt_kernel_1_0.tcl|vivado_synth|1588030905039|END|Creating in-memory project|
[OPTRACE]|26080|4|/home/centos/clockwork/soda_codes/bxy_ur_1_opt/soda_code/blur.temp/link/vivado/vpl/prj/prj.runs/cl_bxy_ur_1_opt_kernel_1_0_synth_1/cl_bxy_ur_1_opt_kernel_1_0.tcl|vivado_synth|1588030905039|START|Adding files|
[OPTRACE]|26080|5|/home/centos/clockwork/soda_codes/bxy_ur_1_opt/soda_code/blur.temp/link/vivado/vpl/prj/prj.runs/cl_bxy_ur_1_opt_kernel_1_0_synth_1/cl_bxy_ur_1_opt_kernel_1_0.tcl|vivado_synth|1588030905419|END|Adding files|
[OPTRACE]|26080|6|/home/centos/clockwork/soda_codes/bxy_ur_1_opt/soda_code/blur.temp/link/vivado/vpl/prj/prj.runs/cl_bxy_ur_1_opt_kernel_1_0_synth_1/cl_bxy_ur_1_opt_kernel_1_0.tcl|vivado_synth|1588030905420|START|Configure IP Cache|
[OPTRACE]|26080|7|/home/centos/clockwork/soda_codes/bxy_ur_1_opt/soda_code/blur.temp/link/vivado/vpl/prj/prj.runs/cl_bxy_ur_1_opt_kernel_1_0_synth_1/cl_bxy_ur_1_opt_kernel_1_0.tcl|vivado_synth|1588030905421|END|Configure IP Cache|
[OPTRACE]|26080|8|/home/centos/clockwork/soda_codes/bxy_ur_1_opt/soda_code/blur.temp/link/vivado/vpl/prj/prj.runs/cl_bxy_ur_1_opt_kernel_1_0_synth_1/cl_bxy_ur_1_opt_kernel_1_0.tcl|vivado_synth|1588030905422|START|synth_design|
Command: synth_design -top cl_bxy_ur_1_opt_kernel_1_0 -part xcvu9p-flgb2104-2-i -mode out_of_context
Starting synth_design
Attempting to get a license for feature 'Synthesis' and/or device 'xcvu9p'
INFO: [Common 17-349] Got license for feature 'Synthesis' and/or device 'xcvu9p'
INFO: [Device 21-403] Loading part xcvu9p-flgb2104-2-i
INFO: Launching helper process for spawning children vivado processes
INFO: Helper process launched with PID 26313 
---------------------------------------------------------------------------------
Starting RTL Elaboration : Time (s): cpu = 00:00:03 ; elapsed = 00:00:06 . Memory (MB): peak = 2634.250 ; gain = 171.715 ; free physical = 52434 ; free virtual = 75435
---------------------------------------------------------------------------------
INFO: [Synth 8-6157] synthesizing module 'cl_bxy_ur_1_opt_kernel_1_0' [/home/centos/clockwork/soda_codes/bxy_ur_1_opt/soda_code/blur.temp/link/vivado/vpl/prj/prj.srcs/my_rm/bd/bd/ip/cl_bxy_ur_1_opt_kernel_1_0/synth/cl_bxy_ur_1_opt_kernel_1_0.v:60]
INFO: [Synth 8-6157] synthesizing module 'bxy_ur_1_opt_kernel' [/home/centos/clockwork/soda_codes/bxy_ur_1_opt/soda_code/blur.temp/link/vivado/vpl/prj/prj.srcs/my_rm/bd/bd/ipshared/1511/src/bxy_ur_1_opt_kernel.v:12]
	Parameter C_S_AXI_CONTROL_DATA_WIDTH bound to: 32 - type: integer 
	Parameter C_S_AXI_CONTROL_ADDR_WIDTH bound to: 6 - type: integer 
	Parameter C_S_AXI_DATA_WIDTH bound to: 32 - type: integer 
	Parameter C_S_AXI_ADDR_WIDTH bound to: 32 - type: integer 
	Parameter C_M_AXI_BXY_UR_1_BANK_0_ID_WIDTH bound to: 1 - type: integer 
	Parameter C_M_AXI_BXY_UR_1_BANK_0_ADDR_WIDTH bound to: 64 - type: integer 
	Parameter C_M_AXI_BXY_UR_1_BANK_0_DATA_WIDTH bound to: 32 - type: integer 
	Parameter C_M_AXI_BXY_UR_1_BANK_0_AWUSER_WIDTH bound to: 1 - type: integer 
	Parameter C_M_AXI_BXY_UR_1_BANK_0_ARUSER_WIDTH bound to: 1 - type: integer 
	Parameter C_M_AXI_BXY_UR_1_BANK_0_WUSER_WIDTH bound to: 1 - type: integer 
	Parameter C_M_AXI_BXY_UR_1_BANK_0_RUSER_WIDTH bound to: 1 - type: integer 
	Parameter C_M_AXI_BXY_UR_1_BANK_0_BUSER_WIDTH bound to: 1 - type: integer 
	Parameter C_M_AXI_BXY_UR_1_BANK_0_USER_VALUE bound to: 0 - type: integer 
	Parameter C_M_AXI_BXY_UR_1_BANK_0_PROT_VALUE bound to: 0 - type: integer 
	Parameter C_M_AXI_BXY_UR_1_BANK_0_CACHE_VALUE bound to: 3 - type: integer 
	Parameter C_M_AXI_ID_WIDTH bound to: 1 - type: integer 
	Parameter C_M_AXI_ADDR_WIDTH bound to: 64 - type: integer 
	Parameter C_M_AXI_DATA_WIDTH bound to: 32 - type: integer 
	Parameter C_M_AXI_AWUSER_WIDTH bound to: 1 - type: integer 
	Parameter C_M_AXI_ARUSER_WIDTH bound to: 1 - type: integer 
	Parameter C_M_AXI_WUSER_WIDTH bound to: 1 - type: integer 
	Parameter C_M_AXI_RUSER_WIDTH bound to: 1 - type: integer 
	Parameter C_M_AXI_BUSER_WIDTH bound to: 1 - type: integer 
	Parameter C_M_AXI_INPUT_BANK_0_ID_WIDTH bound to: 1 - type: integer 
	Parameter C_M_AXI_INPUT_BANK_0_ADDR_WIDTH bound to: 64 - type: integer 
	Parameter C_M_AXI_INPUT_BANK_0_DATA_WIDTH bound to: 32 - type: integer 
	Parameter C_M_AXI_INPUT_BANK_0_AWUSER_WIDTH bound to: 1 - type: integer 
	Parameter C_M_AXI_INPUT_BANK_0_ARUSER_WIDTH bound to: 1 - type: integer 
	Parameter C_M_AXI_INPUT_BANK_0_WUSER_WIDTH bound to: 1 - type: integer 
	Parameter C_M_AXI_INPUT_BANK_0_RUSER_WIDTH bound to: 1 - type: integer 
	Parameter C_M_AXI_INPUT_BANK_0_BUSER_WIDTH bound to: 1 - type: integer 
	Parameter C_M_AXI_INPUT_BANK_0_USER_VALUE bound to: 0 - type: integer 
	Parameter C_M_AXI_INPUT_BANK_0_PROT_VALUE bound to: 0 - type: integer 
	Parameter C_M_AXI_INPUT_BANK_0_CACHE_VALUE bound to: 3 - type: integer 
	Parameter C_S_AXI_CONTROL_WSTRB_WIDTH bound to: 4 - type: integer 
	Parameter C_S_AXI_WSTRB_WIDTH bound to: 4 - type: integer 
	Parameter C_M_AXI_BXY_UR_1_BANK_0_WSTRB_WIDTH bound to: 4 - type: integer 
	Parameter C_M_AXI_WSTRB_WIDTH bound to: 4 - type: integer 
	Parameter C_M_AXI_INPUT_BANK_0_WSTRB_WIDTH bound to: 4 - type: integer 
INFO: [Synth 8-6157] synthesizing module 'bxy_ur_1_opt_kernel_control_s_axi' [/home/centos/clockwork/soda_codes/bxy_ur_1_opt/soda_code/blur.temp/link/vivado/vpl/prj/prj.srcs/my_rm/bd/bd/ipshared/1511/src/bxy_ur_1_opt_kernel_control_s_axi.v:6]
	Parameter C_S_AXI_ADDR_WIDTH bound to: 6 - type: integer 
	Parameter C_S_AXI_DATA_WIDTH bound to: 32 - type: integer 
	Parameter ADDR_AP_CTRL bound to: 6'b000000 
	Parameter ADDR_GIE bound to: 6'b000100 
	Parameter ADDR_IER bound to: 6'b001000 
	Parameter ADDR_ISR bound to: 6'b001100 
	Parameter ADDR_BANK_0_BXY_UR_1_DATA_0 bound to: 6'b010000 
	Parameter ADDR_BANK_0_BXY_UR_1_DATA_1 bound to: 6'b010100 
	Parameter ADDR_BANK_0_BXY_UR_1_CTRL bound to: 6'b011000 
	Parameter ADDR_BANK_0_INPUT_DATA_0 bound to: 6'b011100 
	Parameter ADDR_BANK_0_INPUT_DATA_1 bound to: 6'b100000 
	Parameter ADDR_BANK_0_INPUT_CTRL bound to: 6'b100100 
	Parameter ADDR_COALESCED_DATA_NUM_DATA_0 bound to: 6'b101000 
	Parameter ADDR_COALESCED_DATA_NUM_DATA_1 bound to: 6'b101100 
	Parameter ADDR_COALESCED_DATA_NUM_CTRL bound to: 6'b110000 
	Parameter WRIDLE bound to: 2'b00 
	Parameter WRDATA bound to: 2'b01 
	Parameter WRRESP bound to: 2'b10 
	Parameter WRRESET bound to: 2'b11 
	Parameter RDIDLE bound to: 2'b00 
	Parameter RDDATA bound to: 2'b01 
	Parameter RDRESET bound to: 2'b10 
	Parameter ADDR_BITS bound to: 6 - type: integer 
INFO: [Synth 8-155] case statement is not full and has no default [/home/centos/clockwork/soda_codes/bxy_ur_1_opt/soda_code/blur.temp/link/vivado/vpl/prj/prj.srcs/my_rm/bd/bd/ipshared/1511/src/bxy_ur_1_opt_kernel_control_s_axi.v:214]
INFO: [Synth 8-6155] done synthesizing module 'bxy_ur_1_opt_kernel_control_s_axi' (1#1) [/home/centos/clockwork/soda_codes/bxy_ur_1_opt/soda_code/blur.temp/link/vivado/vpl/prj/prj.srcs/my_rm/bd/bd/ipshared/1511/src/bxy_ur_1_opt_kernel_control_s_axi.v:6]
INFO: [Synth 8-6157] synthesizing module 'bxy_ur_1_opt_kernel_bxy_ur_1_bank_0_m_axi' [/home/centos/clockwork/soda_codes/bxy_ur_1_opt/soda_code/blur.temp/link/vivado/vpl/prj/prj.srcs/my_rm/bd/bd/ipshared/1511/src/bxy_ur_1_opt_kernel_bxy_ur_1_bank_0_m_axi.v:8]
	Parameter CONSERVATIVE bound to: 0 - type: integer 
	Parameter NUM_READ_OUTSTANDING bound to: 16 - type: integer 
	Parameter NUM_WRITE_OUTSTANDING bound to: 16 - type: integer 
	Parameter MAX_READ_BURST_LENGTH bound to: 16 - type: integer 
	Parameter MAX_WRITE_BURST_LENGTH bound to: 16 - type: integer 
	Parameter C_M_AXI_ID_WIDTH bound to: 1 - type: integer 
	Parameter C_M_AXI_ADDR_WIDTH bound to: 64 - type: integer 
	Parameter C_TARGET_ADDR bound to: 0 - type: integer 
	Parameter C_M_AXI_DATA_WIDTH bound to: 32 - type: integer 
	Parameter C_M_AXI_AWUSER_WIDTH bound to: 1 - type: integer 
	Parameter C_M_AXI_ARUSER_WIDTH bound to: 1 - type: integer 
	Parameter C_M_AXI_WUSER_WIDTH bound to: 1 - type: integer 
	Parameter C_M_AXI_RUSER_WIDTH bound to: 1 - type: integer 
	Parameter C_M_AXI_BUSER_WIDTH bound to: 1 - type: integer 
	Parameter C_USER_VALUE bound to: 0 - type: integer 
	Parameter C_PROT_VALUE bound to: 0 - type: integer 
	Parameter C_CACHE_VALUE bound to: 3 - type: integer 
	Parameter USER_DW bound to: 16 - type: integer 
	Parameter USER_AW bound to: 64 - type: integer 
	Parameter USER_MAXREQS bound to: 5 - type: integer 
INFO: [Synth 8-6157] synthesizing module 'bxy_ur_1_opt_kernel_bxy_ur_1_bank_0_m_axi_throttl' [/home/centos/clockwork/soda_codes/bxy_ur_1_opt/soda_code/blur.temp/link/vivado/vpl/prj/prj.srcs/my_rm/bd/bd/ipshared/1511/src/bxy_ur_1_opt_kernel_bxy_ur_1_bank_0_m_axi.v:708]
	Parameter USED_FIX bound to: 0 - type: integer 
	Parameter FIX_VALUE bound to: 4 - type: integer 
	Parameter ADDR_WIDTH bound to: 64 - type: integer 
	Parameter DATA_WIDTH bound to: 32 - type: integer 
	Parameter DEPTH bound to: 16 - type: integer 
	Parameter USER_MAXREQS bound to: 16 - type: integer 
	Parameter CONSERVATIVE bound to: 0 - type: integer 
	Parameter AVERAGE_MODE bound to: 0 - type: integer 
INFO: [Synth 8-6155] done synthesizing module 'bxy_ur_1_opt_kernel_bxy_ur_1_bank_0_m_axi_throttl' (2#1) [/home/centos/clockwork/soda_codes/bxy_ur_1_opt/soda_code/blur.temp/link/vivado/vpl/prj/prj.srcs/my_rm/bd/bd/ipshared/1511/src/bxy_ur_1_opt_kernel_bxy_ur_1_bank_0_m_axi.v:708]
INFO: [Synth 8-6157] synthesizing module 'bxy_ur_1_opt_kernel_bxy_ur_1_bank_0_m_axi_write' [/home/centos/clockwork/soda_codes/bxy_ur_1_opt/soda_code/blur.temp/link/vivado/vpl/prj/prj.srcs/my_rm/bd/bd/ipshared/1511/src/bxy_ur_1_opt_kernel_bxy_ur_1_bank_0_m_axi.v:1701]
	Parameter NUM_WRITE_OUTSTANDING bound to: 16 - type: integer 
	Parameter MAX_WRITE_BURST_LENGTH bound to: 16 - type: integer 
	Parameter C_M_AXI_ID_WIDTH bound to: 1 - type: integer 
	Parameter C_M_AXI_ADDR_WIDTH bound to: 64 - type: integer 
	Parameter C_TARGET_ADDR bound to: 0 - type: integer 
	Parameter C_M_AXI_DATA_WIDTH bound to: 32 - type: integer 
	Parameter C_M_AXI_AWUSER_WIDTH bound to: 1 - type: integer 
	Parameter C_M_AXI_WUSER_WIDTH bound to: 1 - type: integer 
	Parameter C_M_AXI_BUSER_WIDTH bound to: 1 - type: integer 
	Parameter C_USER_VALUE bound to: 0 - type: integer 
	Parameter C_PROT_VALUE bound to: 0 - type: integer 
	Parameter C_CACHE_VALUE bound to: 3 - type: integer 
	Parameter USER_DW bound to: 16 - type: integer 
	Parameter USER_AW bound to: 64 - type: integer 
	Parameter USER_MAXREQS bound to: 5 - type: integer 
	Parameter USER_DATA_WIDTH bound to: 16 - type: integer 
	Parameter USER_DATA_BYTES bound to: 2 - type: integer 
	Parameter USER_ADDR_ALIGN bound to: 1 - type: integer 
	Parameter BUS_DATA_WIDTH bound to: 32 - type: integer 
	Parameter BUS_DATA_BYTES bound to: 4 - type: integer 
	Parameter BUS_ADDR_ALIGN bound to: 2 - type: integer 
	Parameter NUM_WRITE_WIDTH bound to: 4 - type: integer 
	Parameter TARGET_ADDR bound to: 0 - type: integer 
	Parameter BOUNDARY_BEATS bound to: 10'b1111111111 
INFO: [Synth 8-6157] synthesizing module 'bxy_ur_1_opt_kernel_bxy_ur_1_bank_0_m_axi_fifo' [/home/centos/clockwork/soda_codes/bxy_ur_1_opt/soda_code/blur.temp/link/vivado/vpl/prj/prj.srcs/my_rm/bd/bd/ipshared/1511/src/bxy_ur_1_opt_kernel_bxy_ur_1_bank_0_m_axi.v:418]
	Parameter DATA_BITS bound to: 10 - type: integer 
	Parameter DEPTH bound to: 5 - type: integer 
	Parameter DEPTH_BITS bound to: 3 - type: integer 
INFO: [Synth 8-6155] done synthesizing module 'bxy_ur_1_opt_kernel_bxy_ur_1_bank_0_m_axi_fifo' (3#1) [/home/centos/clockwork/soda_codes/bxy_ur_1_opt/soda_code/blur.temp/link/vivado/vpl/prj/prj.srcs/my_rm/bd/bd/ipshared/1511/src/bxy_ur_1_opt_kernel_bxy_ur_1_bank_0_m_axi.v:418]
INFO: [Synth 8-6157] synthesizing module 'bxy_ur_1_opt_kernel_bxy_ur_1_bank_0_m_axi_decoder' [/home/centos/clockwork/soda_codes/bxy_ur_1_opt/soda_code/blur.temp/link/vivado/vpl/prj/prj.srcs/my_rm/bd/bd/ipshared/1511/src/bxy_ur_1_opt_kernel_bxy_ur_1_bank_0_m_axi.v:692]
	Parameter DIN_WIDTH bound to: 1 - type: integer 
INFO: [Synth 8-6155] done synthesizing module 'bxy_ur_1_opt_kernel_bxy_ur_1_bank_0_m_axi_decoder' (4#1) [/home/centos/clockwork/soda_codes/bxy_ur_1_opt/soda_code/blur.temp/link/vivado/vpl/prj/prj.srcs/my_rm/bd/bd/ipshared/1511/src/bxy_ur_1_opt_kernel_bxy_ur_1_bank_0_m_axi.v:692]
INFO: [Synth 8-6157] synthesizing module 'bxy_ur_1_opt_kernel_bxy_ur_1_bank_0_m_axi_reg_slice' [/home/centos/clockwork/soda_codes/bxy_ur_1_opt/soda_code/blur.temp/link/vivado/vpl/prj/prj.srcs/my_rm/bd/bd/ipshared/1511/src/bxy_ur_1_opt_kernel_bxy_ur_1_bank_0_m_axi.v:314]
	Parameter N bound to: 96 - type: integer 
	Parameter ZERO bound to: 2'b10 
	Parameter ONE bound to: 2'b11 
	Parameter TWO bound to: 2'b01 
INFO: [Synth 8-6155] done synthesizing module 'bxy_ur_1_opt_kernel_bxy_ur_1_bank_0_m_axi_reg_slice' (5#1) [/home/centos/clockwork/soda_codes/bxy_ur_1_opt/soda_code/blur.temp/link/vivado/vpl/prj/prj.srcs/my_rm/bd/bd/ipshared/1511/src/bxy_ur_1_opt_kernel_bxy_ur_1_bank_0_m_axi.v:314]
INFO: [Synth 8-6157] synthesizing module 'bxy_ur_1_opt_kernel_bxy_ur_1_bank_0_m_axi_fifo__parameterized0' [/home/centos/clockwork/soda_codes/bxy_ur_1_opt/soda_code/blur.temp/link/vivado/vpl/prj/prj.srcs/my_rm/bd/bd/ipshared/1511/src/bxy_ur_1_opt_kernel_bxy_ur_1_bank_0_m_axi.v:418]
	Parameter DATA_BITS bound to: 96 - type: integer 
	Parameter DEPTH bound to: 5 - type: integer 
	Parameter DEPTH_BITS bound to: 3 - type: integer 
INFO: [Synth 8-6155] done synthesizing module 'bxy_ur_1_opt_kernel_bxy_ur_1_bank_0_m_axi_fifo__parameterized0' (5#1) [/home/centos/clockwork/soda_codes/bxy_ur_1_opt/soda_code/blur.temp/link/vivado/vpl/prj/prj.srcs/my_rm/bd/bd/ipshared/1511/src/bxy_ur_1_opt_kernel_bxy_ur_1_bank_0_m_axi.v:418]
INFO: [Synth 8-6157] synthesizing module 'bxy_ur_1_opt_kernel_bxy_ur_1_bank_0_m_axi_buffer' [/home/centos/clockwork/soda_codes/bxy_ur_1_opt/soda_code/blur.temp/link/vivado/vpl/prj/prj.srcs/my_rm/bd/bd/ipshared/1511/src/bxy_ur_1_opt_kernel_bxy_ur_1_bank_0_m_axi.v:527]
	Parameter MEM_STYLE bound to: block - type: string 
	Parameter DATA_WIDTH bound to: 18 - type: integer 
	Parameter ADDR_WIDTH bound to: 8 - type: integer 
	Parameter DEPTH bound to: 256 - type: integer 
INFO: [Synth 8-6155] done synthesizing module 'bxy_ur_1_opt_kernel_bxy_ur_1_bank_0_m_axi_buffer' (6#1) [/home/centos/clockwork/soda_codes/bxy_ur_1_opt/soda_code/blur.temp/link/vivado/vpl/prj/prj.srcs/my_rm/bd/bd/ipshared/1511/src/bxy_ur_1_opt_kernel_bxy_ur_1_bank_0_m_axi.v:527]
INFO: [Synth 8-6157] synthesizing module 'bxy_ur_1_opt_kernel_bxy_ur_1_bank_0_m_axi_fifo__parameterized1' [/home/centos/clockwork/soda_codes/bxy_ur_1_opt/soda_code/blur.temp/link/vivado/vpl/prj/prj.srcs/my_rm/bd/bd/ipshared/1511/src/bxy_ur_1_opt_kernel_bxy_ur_1_bank_0_m_axi.v:418]
	Parameter DATA_BITS bound to: 2 - type: integer 
	Parameter DEPTH bound to: 15 - type: integer 
	Parameter DEPTH_BITS bound to: 4 - type: integer 
INFO: [Synth 8-6155] done synthesizing module 'bxy_ur_1_opt_kernel_bxy_ur_1_bank_0_m_axi_fifo__parameterized1' (6#1) [/home/centos/clockwork/soda_codes/bxy_ur_1_opt/soda_code/blur.temp/link/vivado/vpl/prj/prj.srcs/my_rm/bd/bd/ipshared/1511/src/bxy_ur_1_opt_kernel_bxy_ur_1_bank_0_m_axi.v:418]
INFO: [Synth 8-6157] synthesizing module 'bxy_ur_1_opt_kernel_bxy_ur_1_bank_0_m_axi_fifo__parameterized2' [/home/centos/clockwork/soda_codes/bxy_ur_1_opt/soda_code/blur.temp/link/vivado/vpl/prj/prj.srcs/my_rm/bd/bd/ipshared/1511/src/bxy_ur_1_opt_kernel_bxy_ur_1_bank_0_m_axi.v:418]
	Parameter DATA_BITS bound to: 2 - type: integer 
	Parameter DEPTH bound to: 5 - type: integer 
	Parameter DEPTH_BITS bound to: 3 - type: integer 
INFO: [Synth 8-6155] done synthesizing module 'bxy_ur_1_opt_kernel_bxy_ur_1_bank_0_m_axi_fifo__parameterized2' (6#1) [/home/centos/clockwork/soda_codes/bxy_ur_1_opt/soda_code/blur.temp/link/vivado/vpl/prj/prj.srcs/my_rm/bd/bd/ipshared/1511/src/bxy_ur_1_opt_kernel_bxy_ur_1_bank_0_m_axi.v:418]
INFO: [Synth 8-6155] done synthesizing module 'bxy_ur_1_opt_kernel_bxy_ur_1_bank_0_m_axi_write' (7#1) [/home/centos/clockwork/soda_codes/bxy_ur_1_opt/soda_code/blur.temp/link/vivado/vpl/prj/prj.srcs/my_rm/bd/bd/ipshared/1511/src/bxy_ur_1_opt_kernel_bxy_ur_1_bank_0_m_axi.v:1701]
INFO: [Synth 8-6157] synthesizing module 'bxy_ur_1_opt_kernel_bxy_ur_1_bank_0_m_axi_read' [/home/centos/clockwork/soda_codes/bxy_ur_1_opt/soda_code/blur.temp/link/vivado/vpl/prj/prj.srcs/my_rm/bd/bd/ipshared/1511/src/bxy_ur_1_opt_kernel_bxy_ur_1_bank_0_m_axi.v:904]
	Parameter NUM_READ_OUTSTANDING bound to: 16 - type: integer 
	Parameter MAX_READ_BURST_LENGTH bound to: 16 - type: integer 
	Parameter C_M_AXI_ID_WIDTH bound to: 1 - type: integer 
	Parameter C_M_AXI_ADDR_WIDTH bound to: 64 - type: integer 
	Parameter C_TARGET_ADDR bound to: 0 - type: integer 
	Parameter C_M_AXI_DATA_WIDTH bound to: 32 - type: integer 
	Parameter C_M_AXI_ARUSER_WIDTH bound to: 1 - type: integer 
	Parameter C_M_AXI_RUSER_WIDTH bound to: 1 - type: integer 
	Parameter C_USER_VALUE bound to: 0 - type: integer 
	Parameter C_PROT_VALUE bound to: 0 - type: integer 
	Parameter C_CACHE_VALUE bound to: 3 - type: integer 
	Parameter USER_DW bound to: 16 - type: integer 
	Parameter USER_AW bound to: 64 - type: integer 
	Parameter USER_MAXREQS bound to: 5 - type: integer 
	Parameter USER_DATA_WIDTH bound to: 16 - type: integer 
	Parameter USER_DATA_BYTES bound to: 2 - type: integer 
	Parameter USER_ADDR_ALIGN bound to: 1 - type: integer 
	Parameter BUS_DATA_WIDTH bound to: 32 - type: integer 
	Parameter BUS_DATA_BYTES bound to: 4 - type: integer 
	Parameter BUS_ADDR_ALIGN bound to: 2 - type: integer 
	Parameter NUM_READ_WIDTH bound to: 4 - type: integer 
	Parameter TARGET_ADDR bound to: 0 - type: integer 
	Parameter BOUNDARY_BEATS bound to: 10'b1111111111 
INFO: [Synth 8-6157] synthesizing module 'bxy_ur_1_opt_kernel_bxy_ur_1_bank_0_m_axi_buffer__parameterized0' [/home/centos/clockwork/soda_codes/bxy_ur_1_opt/soda_code/blur.temp/link/vivado/vpl/prj/prj.srcs/my_rm/bd/bd/ipshared/1511/src/bxy_ur_1_opt_kernel_bxy_ur_1_bank_0_m_axi.v:527]
	Parameter MEM_STYLE bound to: block - type: string 
	Parameter DATA_WIDTH bound to: 35 - type: integer 
	Parameter ADDR_WIDTH bound to: 8 - type: integer 
	Parameter DEPTH bound to: 256 - type: integer 
INFO: [Synth 8-6155] done synthesizing module 'bxy_ur_1_opt_kernel_bxy_ur_1_bank_0_m_axi_buffer__parameterized0' (7#1) [/home/centos/clockwork/soda_codes/bxy_ur_1_opt/soda_code/blur.temp/link/vivado/vpl/prj/prj.srcs/my_rm/bd/bd/ipshared/1511/src/bxy_ur_1_opt_kernel_bxy_ur_1_bank_0_m_axi.v:527]
INFO: [Synth 8-6157] synthesizing module 'bxy_ur_1_opt_kernel_bxy_ur_1_bank_0_m_axi_reg_slice__parameterized0' [/home/centos/clockwork/soda_codes/bxy_ur_1_opt/soda_code/blur.temp/link/vivado/vpl/prj/prj.srcs/my_rm/bd/bd/ipshared/1511/src/bxy_ur_1_opt_kernel_bxy_ur_1_bank_0_m_axi.v:314]
	Parameter N bound to: 18 - type: integer 
	Parameter ZERO bound to: 2'b10 
	Parameter ONE bound to: 2'b11 
	Parameter TWO bound to: 2'b01 
INFO: [Synth 8-6155] done synthesizing module 'bxy_ur_1_opt_kernel_bxy_ur_1_bank_0_m_axi_reg_slice__parameterized0' (7#1) [/home/centos/clockwork/soda_codes/bxy_ur_1_opt/soda_code/blur.temp/link/vivado/vpl/prj/prj.srcs/my_rm/bd/bd/ipshared/1511/src/bxy_ur_1_opt_kernel_bxy_ur_1_bank_0_m_axi.v:314]
INFO: [Synth 8-6155] done synthesizing module 'bxy_ur_1_opt_kernel_bxy_ur_1_bank_0_m_axi_read' (8#1) [/home/centos/clockwork/soda_codes/bxy_ur_1_opt/soda_code/blur.temp/link/vivado/vpl/prj/prj.srcs/my_rm/bd/bd/ipshared/1511/src/bxy_ur_1_opt_kernel_bxy_ur_1_bank_0_m_axi.v:904]
INFO: [Synth 8-6155] done synthesizing module 'bxy_ur_1_opt_kernel_bxy_ur_1_bank_0_m_axi' (9#1) [/home/centos/clockwork/soda_codes/bxy_ur_1_opt/soda_code/blur.temp/link/vivado/vpl/prj/prj.srcs/my_rm/bd/bd/ipshared/1511/src/bxy_ur_1_opt_kernel_bxy_ur_1_bank_0_m_axi.v:8]
INFO: [Synth 8-6157] synthesizing module 'bxy_ur_1_opt_kernel_input_bank_0_m_axi' [/home/centos/clockwork/soda_codes/bxy_ur_1_opt/soda_code/blur.temp/link/vivado/vpl/prj/prj.srcs/my_rm/bd/bd/ipshared/1511/src/bxy_ur_1_opt_kernel_input_bank_0_m_axi.v:8]
	Parameter CONSERVATIVE bound to: 0 - type: integer 
	Parameter NUM_READ_OUTSTANDING bound to: 16 - type: integer 
	Parameter NUM_WRITE_OUTSTANDING bound to: 16 - type: integer 
	Parameter MAX_READ_BURST_LENGTH bound to: 16 - type: integer 
	Parameter MAX_WRITE_BURST_LENGTH bound to: 16 - type: integer 
	Parameter C_M_AXI_ID_WIDTH bound to: 1 - type: integer 
	Parameter C_M_AXI_ADDR_WIDTH bound to: 64 - type: integer 
	Parameter C_TARGET_ADDR bound to: 0 - type: integer 
	Parameter C_M_AXI_DATA_WIDTH bound to: 32 - type: integer 
	Parameter C_M_AXI_AWUSER_WIDTH bound to: 1 - type: integer 
	Parameter C_M_AXI_ARUSER_WIDTH bound to: 1 - type: integer 
	Parameter C_M_AXI_WUSER_WIDTH bound to: 1 - type: integer 
	Parameter C_M_AXI_RUSER_WIDTH bound to: 1 - type: integer 
	Parameter C_M_AXI_BUSER_WIDTH bound to: 1 - type: integer 
	Parameter C_USER_VALUE bound to: 0 - type: integer 
	Parameter C_PROT_VALUE bound to: 0 - type: integer 
	Parameter C_CACHE_VALUE bound to: 3 - type: integer 
	Parameter USER_DW bound to: 16 - type: integer 
	Parameter USER_AW bound to: 64 - type: integer 
	Parameter USER_MAXREQS bound to: 5 - type: integer 
INFO: [Synth 8-6157] synthesizing module 'bxy_ur_1_opt_kernel_input_bank_0_m_axi_throttl' [/home/centos/clockwork/soda_codes/bxy_ur_1_opt/soda_code/blur.temp/link/vivado/vpl/prj/prj.srcs/my_rm/bd/bd/ipshared/1511/src/bxy_ur_1_opt_kernel_input_bank_0_m_axi.v:708]
	Parameter USED_FIX bound to: 0 - type: integer 
	Parameter FIX_VALUE bound to: 4 - type: integer 
	Parameter ADDR_WIDTH bound to: 64 - type: integer 
	Parameter DATA_WIDTH bound to: 32 - type: integer 
	Parameter DEPTH bound to: 16 - type: integer 
	Parameter USER_MAXREQS bound to: 16 - type: integer 
	Parameter CONSERVATIVE bound to: 0 - type: integer 
	Parameter AVERAGE_MODE bound to: 0 - type: integer 
INFO: [Synth 8-6155] done synthesizing module 'bxy_ur_1_opt_kernel_input_bank_0_m_axi_throttl' (10#1) [/home/centos/clockwork/soda_codes/bxy_ur_1_opt/soda_code/blur.temp/link/vivado/vpl/prj/prj.srcs/my_rm/bd/bd/ipshared/1511/src/bxy_ur_1_opt_kernel_input_bank_0_m_axi.v:708]
INFO: [Synth 8-6157] synthesizing module 'bxy_ur_1_opt_kernel_input_bank_0_m_axi_write' [/home/centos/clockwork/soda_codes/bxy_ur_1_opt/soda_code/blur.temp/link/vivado/vpl/prj/prj.srcs/my_rm/bd/bd/ipshared/1511/src/bxy_ur_1_opt_kernel_input_bank_0_m_axi.v:1701]
	Parameter NUM_WRITE_OUTSTANDING bound to: 16 - type: integer 
	Parameter MAX_WRITE_BURST_LENGTH bound to: 16 - type: integer 
	Parameter C_M_AXI_ID_WIDTH bound to: 1 - type: integer 
	Parameter C_M_AXI_ADDR_WIDTH bound to: 64 - type: integer 
	Parameter C_TARGET_ADDR bound to: 0 - type: integer 
	Parameter C_M_AXI_DATA_WIDTH bound to: 32 - type: integer 
	Parameter C_M_AXI_AWUSER_WIDTH bound to: 1 - type: integer 
	Parameter C_M_AXI_WUSER_WIDTH bound to: 1 - type: integer 
	Parameter C_M_AXI_BUSER_WIDTH bound to: 1 - type: integer 
	Parameter C_USER_VALUE bound to: 0 - type: integer 
	Parameter C_PROT_VALUE bound to: 0 - type: integer 
	Parameter C_CACHE_VALUE bound to: 3 - type: integer 
	Parameter USER_DW bound to: 16 - type: integer 
	Parameter USER_AW bound to: 64 - type: integer 
	Parameter USER_MAXREQS bound to: 5 - type: integer 
	Parameter USER_DATA_WIDTH bound to: 16 - type: integer 
	Parameter USER_DATA_BYTES bound to: 2 - type: integer 
	Parameter USER_ADDR_ALIGN bound to: 1 - type: integer 
	Parameter BUS_DATA_WIDTH bound to: 32 - type: integer 
	Parameter BUS_DATA_BYTES bound to: 4 - type: integer 
	Parameter BUS_ADDR_ALIGN bound to: 2 - type: integer 
	Parameter NUM_WRITE_WIDTH bound to: 4 - type: integer 
	Parameter TARGET_ADDR bound to: 0 - type: integer 
	Parameter BOUNDARY_BEATS bound to: 10'b1111111111 
INFO: [Synth 8-6157] synthesizing module 'bxy_ur_1_opt_kernel_input_bank_0_m_axi_fifo' [/home/centos/clockwork/soda_codes/bxy_ur_1_opt/soda_code/blur.temp/link/vivado/vpl/prj/prj.srcs/my_rm/bd/bd/ipshared/1511/src/bxy_ur_1_opt_kernel_input_bank_0_m_axi.v:418]
	Parameter DATA_BITS bound to: 10 - type: integer 
	Parameter DEPTH bound to: 5 - type: integer 
	Parameter DEPTH_BITS bound to: 3 - type: integer 
INFO: [Synth 8-6155] done synthesizing module 'bxy_ur_1_opt_kernel_input_bank_0_m_axi_fifo' (11#1) [/home/centos/clockwork/soda_codes/bxy_ur_1_opt/soda_code/blur.temp/link/vivado/vpl/prj/prj.srcs/my_rm/bd/bd/ipshared/1511/src/bxy_ur_1_opt_kernel_input_bank_0_m_axi.v:418]
INFO: [Synth 8-6157] synthesizing module 'bxy_ur_1_opt_kernel_input_bank_0_m_axi_decoder' [/home/centos/clockwork/soda_codes/bxy_ur_1_opt/soda_code/blur.temp/link/vivado/vpl/prj/prj.srcs/my_rm/bd/bd/ipshared/1511/src/bxy_ur_1_opt_kernel_input_bank_0_m_axi.v:692]
	Parameter DIN_WIDTH bound to: 1 - type: integer 
INFO: [Synth 8-6155] done synthesizing module 'bxy_ur_1_opt_kernel_input_bank_0_m_axi_decoder' (12#1) [/home/centos/clockwork/soda_codes/bxy_ur_1_opt/soda_code/blur.temp/link/vivado/vpl/prj/prj.srcs/my_rm/bd/bd/ipshared/1511/src/bxy_ur_1_opt_kernel_input_bank_0_m_axi.v:692]
INFO: [Synth 8-6157] synthesizing module 'bxy_ur_1_opt_kernel_input_bank_0_m_axi_reg_slice' [/home/centos/clockwork/soda_codes/bxy_ur_1_opt/soda_code/blur.temp/link/vivado/vpl/prj/prj.srcs/my_rm/bd/bd/ipshared/1511/src/bxy_ur_1_opt_kernel_input_bank_0_m_axi.v:314]
	Parameter N bound to: 96 - type: integer 
	Parameter ZERO bound to: 2'b10 
	Parameter ONE bound to: 2'b11 
	Parameter TWO bound to: 2'b01 
INFO: [Synth 8-6155] done synthesizing module 'bxy_ur_1_opt_kernel_input_bank_0_m_axi_reg_slice' (13#1) [/home/centos/clockwork/soda_codes/bxy_ur_1_opt/soda_code/blur.temp/link/vivado/vpl/prj/prj.srcs/my_rm/bd/bd/ipshared/1511/src/bxy_ur_1_opt_kernel_input_bank_0_m_axi.v:314]
INFO: [Synth 8-6157] synthesizing module 'bxy_ur_1_opt_kernel_input_bank_0_m_axi_fifo__parameterized0' [/home/centos/clockwork/soda_codes/bxy_ur_1_opt/soda_code/blur.temp/link/vivado/vpl/prj/prj.srcs/my_rm/bd/bd/ipshared/1511/src/bxy_ur_1_opt_kernel_input_bank_0_m_axi.v:418]
	Parameter DATA_BITS bound to: 96 - type: integer 
	Parameter DEPTH bound to: 5 - type: integer 
	Parameter DEPTH_BITS bound to: 3 - type: integer 
INFO: [Synth 8-6155] done synthesizing module 'bxy_ur_1_opt_kernel_input_bank_0_m_axi_fifo__parameterized0' (13#1) [/home/centos/clockwork/soda_codes/bxy_ur_1_opt/soda_code/blur.temp/link/vivado/vpl/prj/prj.srcs/my_rm/bd/bd/ipshared/1511/src/bxy_ur_1_opt_kernel_input_bank_0_m_axi.v:418]
INFO: [Synth 8-6157] synthesizing module 'bxy_ur_1_opt_kernel_input_bank_0_m_axi_buffer' [/home/centos/clockwork/soda_codes/bxy_ur_1_opt/soda_code/blur.temp/link/vivado/vpl/prj/prj.srcs/my_rm/bd/bd/ipshared/1511/src/bxy_ur_1_opt_kernel_input_bank_0_m_axi.v:527]
	Parameter MEM_STYLE bound to: block - type: string 
	Parameter DATA_WIDTH bound to: 18 - type: integer 
	Parameter ADDR_WIDTH bound to: 8 - type: integer 
	Parameter DEPTH bound to: 256 - type: integer 
INFO: [Synth 8-6155] done synthesizing module 'bxy_ur_1_opt_kernel_input_bank_0_m_axi_buffer' (14#1) [/home/centos/clockwork/soda_codes/bxy_ur_1_opt/soda_code/blur.temp/link/vivado/vpl/prj/prj.srcs/my_rm/bd/bd/ipshared/1511/src/bxy_ur_1_opt_kernel_input_bank_0_m_axi.v:527]
INFO: [Synth 8-6157] synthesizing module 'bxy_ur_1_opt_kernel_input_bank_0_m_axi_fifo__parameterized1' [/home/centos/clockwork/soda_codes/bxy_ur_1_opt/soda_code/blur.temp/link/vivado/vpl/prj/prj.srcs/my_rm/bd/bd/ipshared/1511/src/bxy_ur_1_opt_kernel_input_bank_0_m_axi.v:418]
	Parameter DATA_BITS bound to: 2 - type: integer 
	Parameter DEPTH bound to: 15 - type: integer 
	Parameter DEPTH_BITS bound to: 4 - type: integer 
INFO: [Synth 8-6155] done synthesizing module 'bxy_ur_1_opt_kernel_input_bank_0_m_axi_fifo__parameterized1' (14#1) [/home/centos/clockwork/soda_codes/bxy_ur_1_opt/soda_code/blur.temp/link/vivado/vpl/prj/prj.srcs/my_rm/bd/bd/ipshared/1511/src/bxy_ur_1_opt_kernel_input_bank_0_m_axi.v:418]
INFO: [Synth 8-6157] synthesizing module 'bxy_ur_1_opt_kernel_input_bank_0_m_axi_fifo__parameterized2' [/home/centos/clockwork/soda_codes/bxy_ur_1_opt/soda_code/blur.temp/link/vivado/vpl/prj/prj.srcs/my_rm/bd/bd/ipshared/1511/src/bxy_ur_1_opt_kernel_input_bank_0_m_axi.v:418]
	Parameter DATA_BITS bound to: 2 - type: integer 
	Parameter DEPTH bound to: 5 - type: integer 
	Parameter DEPTH_BITS bound to: 3 - type: integer 
INFO: [Synth 8-6155] done synthesizing module 'bxy_ur_1_opt_kernel_input_bank_0_m_axi_fifo__parameterized2' (14#1) [/home/centos/clockwork/soda_codes/bxy_ur_1_opt/soda_code/blur.temp/link/vivado/vpl/prj/prj.srcs/my_rm/bd/bd/ipshared/1511/src/bxy_ur_1_opt_kernel_input_bank_0_m_axi.v:418]
INFO: [Synth 8-6155] done synthesizing module 'bxy_ur_1_opt_kernel_input_bank_0_m_axi_write' (15#1) [/home/centos/clockwork/soda_codes/bxy_ur_1_opt/soda_code/blur.temp/link/vivado/vpl/prj/prj.srcs/my_rm/bd/bd/ipshared/1511/src/bxy_ur_1_opt_kernel_input_bank_0_m_axi.v:1701]
INFO: [Synth 8-6157] synthesizing module 'bxy_ur_1_opt_kernel_input_bank_0_m_axi_read' [/home/centos/clockwork/soda_codes/bxy_ur_1_opt/soda_code/blur.temp/link/vivado/vpl/prj/prj.srcs/my_rm/bd/bd/ipshared/1511/src/bxy_ur_1_opt_kernel_input_bank_0_m_axi.v:904]
	Parameter NUM_READ_OUTSTANDING bound to: 16 - type: integer 
	Parameter MAX_READ_BURST_LENGTH bound to: 16 - type: integer 
	Parameter C_M_AXI_ID_WIDTH bound to: 1 - type: integer 
	Parameter C_M_AXI_ADDR_WIDTH bound to: 64 - type: integer 
	Parameter C_TARGET_ADDR bound to: 0 - type: integer 
	Parameter C_M_AXI_DATA_WIDTH bound to: 32 - type: integer 
	Parameter C_M_AXI_ARUSER_WIDTH bound to: 1 - type: integer 
	Parameter C_M_AXI_RUSER_WIDTH bound to: 1 - type: integer 
	Parameter C_USER_VALUE bound to: 0 - type: integer 
	Parameter C_PROT_VALUE bound to: 0 - type: integer 
	Parameter C_CACHE_VALUE bound to: 3 - type: integer 
	Parameter USER_DW bound to: 16 - type: integer 
	Parameter USER_AW bound to: 64 - type: integer 
	Parameter USER_MAXREQS bound to: 5 - type: integer 
	Parameter USER_DATA_WIDTH bound to: 16 - type: integer 
	Parameter USER_DATA_BYTES bound to: 2 - type: integer 
	Parameter USER_ADDR_ALIGN bound to: 1 - type: integer 
	Parameter BUS_DATA_WIDTH bound to: 32 - type: integer 
	Parameter BUS_DATA_BYTES bound to: 4 - type: integer 
	Parameter BUS_ADDR_ALIGN bound to: 2 - type: integer 
	Parameter NUM_READ_WIDTH bound to: 4 - type: integer 
	Parameter TARGET_ADDR bound to: 0 - type: integer 
	Parameter BOUNDARY_BEATS bound to: 10'b1111111111 
INFO: [Synth 8-6157] synthesizing module 'bxy_ur_1_opt_kernel_input_bank_0_m_axi_buffer__parameterized0' [/home/centos/clockwork/soda_codes/bxy_ur_1_opt/soda_code/blur.temp/link/vivado/vpl/prj/prj.srcs/my_rm/bd/bd/ipshared/1511/src/bxy_ur_1_opt_kernel_input_bank_0_m_axi.v:527]
	Parameter MEM_STYLE bound to: block - type: string 
	Parameter DATA_WIDTH bound to: 35 - type: integer 
	Parameter ADDR_WIDTH bound to: 8 - type: integer 
	Parameter DEPTH bound to: 256 - type: integer 
INFO: [Synth 8-6155] done synthesizing module 'bxy_ur_1_opt_kernel_input_bank_0_m_axi_buffer__parameterized0' (15#1) [/home/centos/clockwork/soda_codes/bxy_ur_1_opt/soda_code/blur.temp/link/vivado/vpl/prj/prj.srcs/my_rm/bd/bd/ipshared/1511/src/bxy_ur_1_opt_kernel_input_bank_0_m_axi.v:527]
INFO: [Synth 8-6157] synthesizing module 'bxy_ur_1_opt_kernel_input_bank_0_m_axi_reg_slice__parameterized0' [/home/centos/clockwork/soda_codes/bxy_ur_1_opt/soda_code/blur.temp/link/vivado/vpl/prj/prj.srcs/my_rm/bd/bd/ipshared/1511/src/bxy_ur_1_opt_kernel_input_bank_0_m_axi.v:314]
	Parameter N bound to: 18 - type: integer 
	Parameter ZERO bound to: 2'b10 
	Parameter ONE bound to: 2'b11 
	Parameter TWO bound to: 2'b01 
INFO: [Synth 8-6155] done synthesizing module 'bxy_ur_1_opt_kernel_input_bank_0_m_axi_reg_slice__parameterized0' (15#1) [/home/centos/clockwork/soda_codes/bxy_ur_1_opt/soda_code/blur.temp/link/vivado/vpl/prj/prj.srcs/my_rm/bd/bd/ipshared/1511/src/bxy_ur_1_opt_kernel_input_bank_0_m_axi.v:314]
INFO: [Synth 8-6155] done synthesizing module 'bxy_ur_1_opt_kernel_input_bank_0_m_axi_read' (16#1) [/home/centos/clockwork/soda_codes/bxy_ur_1_opt/soda_code/blur.temp/link/vivado/vpl/prj/prj.srcs/my_rm/bd/bd/ipshared/1511/src/bxy_ur_1_opt_kernel_input_bank_0_m_axi.v:904]
INFO: [Synth 8-6155] done synthesizing module 'bxy_ur_1_opt_kernel_input_bank_0_m_axi' (17#1) [/home/centos/clockwork/soda_codes/bxy_ur_1_opt/soda_code/blur.temp/link/vivado/vpl/prj/prj.srcs/my_rm/bd/bd/ipshared/1511/src/bxy_ur_1_opt_kernel_input_bank_0_m_axi.v:8]
INFO: [Synth 8-6157] synthesizing module 'BurstRead_unsigned_short_5' [/home/centos/clockwork/soda_codes/bxy_ur_1_opt/soda_code/blur.temp/link/vivado/vpl/prj/prj.srcs/my_rm/bd/bd/ipshared/1511/src/BurstRead_unsigned_short_5.v:10]
	Parameter ap_ST_fsm_state1 bound to: 9'b000000001 
	Parameter ap_ST_fsm_state2 bound to: 9'b000000010 
	Parameter ap_ST_fsm_state3 bound to: 9'b000000100 
	Parameter ap_ST_fsm_state4 bound to: 9'b000001000 
	Parameter ap_ST_fsm_state5 bound to: 9'b000010000 
	Parameter ap_ST_fsm_state6 bound to: 9'b000100000 
	Parameter ap_ST_fsm_state7 bound to: 9'b001000000 
	Parameter ap_ST_fsm_pp0_stage0 bound to: 9'b010000000 
	Parameter ap_ST_fsm_state11 bound to: 9'b100000000 
INFO: [Synth 8-5534] Detected attribute (* fsm_encoding = "none" *) [/home/centos/clockwork/soda_codes/bxy_ur_1_opt/soda_code/blur.temp/link/vivado/vpl/prj/prj.srcs/my_rm/bd/bd/ipshared/1511/src/BurstRead_unsigned_short_5.v:162]
INFO: [Synth 8-6155] done synthesizing module 'BurstRead_unsigned_short_5' (18#1) [/home/centos/clockwork/soda_codes/bxy_ur_1_opt/soda_code/blur.temp/link/vivado/vpl/prj/prj.srcs/my_rm/bd/bd/ipshared/1511/src/BurstRead_unsigned_short_5.v:10]
INFO: [Synth 8-6157] synthesizing module 'Dataflow' [/home/centos/clockwork/soda_codes/bxy_ur_1_opt/soda_code/blur.temp/link/vivado/vpl/prj/prj.srcs/my_rm/bd/bd/ipshared/1511/src/Dataflow.v:2]
INFO: [Synth 8-6157] synthesizing module 'fifo_w16_d2_A' [/home/centos/clockwork/soda_codes/bxy_ur_1_opt/soda_code/blur.temp/link/vivado/vpl/prj/prj.srcs/my_rm/bd/bd/ipshared/1511/src/Dataflow.v:636]
	Parameter MEM_STYLE bound to: shiftreg - type: string 
	Parameter DATA_WIDTH bound to: 16 - type: integer 
	Parameter ADDR_WIDTH bound to: 1 - type: integer 
	Parameter DEPTH bound to: 2'b10 
INFO: [Synth 8-6157] synthesizing module 'fifo_w16_d2_A_shiftReg' [/home/centos/clockwork/soda_codes/bxy_ur_1_opt/soda_code/blur.temp/link/vivado/vpl/prj/prj.srcs/my_rm/bd/bd/ipshared/1511/src/Dataflow.v:602]
	Parameter DATA_WIDTH bound to: 16 - type: integer 
	Parameter ADDR_WIDTH bound to: 1 - type: integer 
	Parameter DEPTH bound to: 2'b10 
INFO: [Synth 8-6155] done synthesizing module 'fifo_w16_d2_A_shiftReg' (19#1) [/home/centos/clockwork/soda_codes/bxy_ur_1_opt/soda_code/blur.temp/link/vivado/vpl/prj/prj.srcs/my_rm/bd/bd/ipshared/1511/src/Dataflow.v:602]
INFO: [Synth 8-6155] done synthesizing module 'fifo_w16_d2_A' (20#1) [/home/centos/clockwork/soda_codes/bxy_ur_1_opt/soda_code/blur.temp/link/vivado/vpl/prj/prj.srcs/my_rm/bd/bd/ipshared/1511/src/Dataflow.v:636]
INFO: [Synth 8-6157] synthesizing module 'fifo_w16_d6_A' [/home/centos/clockwork/soda_codes/bxy_ur_1_opt/soda_code/blur.temp/link/vivado/vpl/prj/prj.srcs/my_rm/bd/bd/ipshared/1511/src/Dataflow.v:509]
	Parameter MEM_STYLE bound to: shiftreg - type: string 
	Parameter DATA_WIDTH bound to: 16 - type: integer 
	Parameter ADDR_WIDTH bound to: 3 - type: integer 
	Parameter DEPTH bound to: 4'b0110 
INFO: [Synth 8-6157] synthesizing module 'fifo_w16_d6_A_shiftReg' [/home/centos/clockwork/soda_codes/bxy_ur_1_opt/soda_code/blur.temp/link/vivado/vpl/prj/prj.srcs/my_rm/bd/bd/ipshared/1511/src/Dataflow.v:475]
	Parameter DATA_WIDTH bound to: 16 - type: integer 
	Parameter ADDR_WIDTH bound to: 3 - type: integer 
	Parameter DEPTH bound to: 4'b0110 
INFO: [Synth 8-6155] done synthesizing module 'fifo_w16_d6_A_shiftReg' (21#1) [/home/centos/clockwork/soda_codes/bxy_ur_1_opt/soda_code/blur.temp/link/vivado/vpl/prj/prj.srcs/my_rm/bd/bd/ipshared/1511/src/Dataflow.v:475]
INFO: [Synth 8-6155] done synthesizing module 'fifo_w16_d6_A' (22#1) [/home/centos/clockwork/soda_codes/bxy_ur_1_opt/soda_code/blur.temp/link/vivado/vpl/prj/prj.srcs/my_rm/bd/bd/ipshared/1511/src/Dataflow.v:509]
INFO: [Synth 8-6157] synthesizing module 'fifo_w16_d4_A' [/home/centos/clockwork/soda_codes/bxy_ur_1_opt/soda_code/blur.temp/link/vivado/vpl/prj/prj.srcs/my_rm/bd/bd/ipshared/1511/src/Dataflow.v:763]
	Parameter MEM_STYLE bound to: shiftreg - type: string 
	Parameter DATA_WIDTH bound to: 16 - type: integer 
	Parameter ADDR_WIDTH bound to: 2 - type: integer 
	Parameter DEPTH bound to: 3'b100 
INFO: [Synth 8-6157] synthesizing module 'fifo_w16_d4_A_shiftReg' [/home/centos/clockwork/soda_codes/bxy_ur_1_opt/soda_code/blur.temp/link/vivado/vpl/prj/prj.srcs/my_rm/bd/bd/ipshared/1511/src/Dataflow.v:729]
	Parameter DATA_WIDTH bound to: 16 - type: integer 
	Parameter ADDR_WIDTH bound to: 2 - type: integer 
	Parameter DEPTH bound to: 3'b100 
INFO: [Synth 8-6155] done synthesizing module 'fifo_w16_d4_A_shiftReg' (23#1) [/home/centos/clockwork/soda_codes/bxy_ur_1_opt/soda_code/blur.temp/link/vivado/vpl/prj/prj.srcs/my_rm/bd/bd/ipshared/1511/src/Dataflow.v:729]
INFO: [Synth 8-6155] done synthesizing module 'fifo_w16_d4_A' (24#1) [/home/centos/clockwork/soda_codes/bxy_ur_1_opt/soda_code/blur.temp/link/vivado/vpl/prj/prj.srcs/my_rm/bd/bd/ipshared/1511/src/Dataflow.v:763]
INFO: [Synth 8-6157] synthesizing module 'Module0Func' [/home/centos/clockwork/soda_codes/bxy_ur_1_opt/soda_code/blur.temp/link/vivado/vpl/prj/prj.srcs/my_rm/bd/bd/ipshared/1511/src/Module0Func.v:12]
	Parameter ap_ST_fsm_state1 bound to: 3'b001 
	Parameter ap_ST_fsm_pp0_stage0 bound to: 3'b010 
	Parameter ap_ST_fsm_state4 bound to: 3'b100 
INFO: [Synth 8-5534] Detected attribute (* fsm_encoding = "none" *) [/home/centos/clockwork/soda_codes/bxy_ur_1_opt/soda_code/blur.temp/link/vivado/vpl/prj/prj.srcs/my_rm/bd/bd/ipshared/1511/src/Module0Func.v:50]
INFO: [Synth 8-6155] done synthesizing module 'Module0Func' (25#1) [/home/centos/clockwork/soda_codes/bxy_ur_1_opt/soda_code/blur.temp/link/vivado/vpl/prj/prj.srcs/my_rm/bd/bd/ipshared/1511/src/Module0Func.v:12]
WARNING: [Synth 8-689] width (16) of port connection 'fifo_st_0_V_din' does not match port width (17) of module 'Module0Func' [/home/centos/clockwork/soda_codes/bxy_ur_1_opt/soda_code/blur.temp/link/vivado/vpl/prj/prj.srcs/my_rm/bd/bd/ipshared/1511/src/Dataflow.v:323]
WARNING: [Synth 8-7023] instance 'super_source' of module 'Module0Func' has 12 connections declared, but only 9 given [/home/centos/clockwork/soda_codes/bxy_ur_1_opt/soda_code/blur.temp/link/vivado/vpl/prj/prj.srcs/my_rm/bd/bd/ipshared/1511/src/Dataflow.v:319]
INFO: [Synth 8-6157] synthesizing module 'Module1Func' [/home/centos/clockwork/soda_codes/bxy_ur_1_opt/soda_code/blur.temp/link/vivado/vpl/prj/prj.srcs/my_rm/bd/bd/ipshared/1511/src/Module1Func.v:12]
	Parameter ap_ST_fsm_state1 bound to: 3'b001 
	Parameter ap_ST_fsm_pp0_stage0 bound to: 3'b010 
	Parameter ap_ST_fsm_state4 bound to: 3'b100 
INFO: [Synth 8-5534] Detected attribute (* fsm_encoding = "none" *) [/home/centos/clockwork/soda_codes/bxy_ur_1_opt/soda_code/blur.temp/link/vivado/vpl/prj/prj.srcs/my_rm/bd/bd/ipshared/1511/src/Module1Func.v:57]
INFO: [Synth 8-6155] done synthesizing module 'Module1Func' (26#1) [/home/centos/clockwork/soda_codes/bxy_ur_1_opt/soda_code/blur.temp/link/vivado/vpl/prj/prj.srcs/my_rm/bd/bd/ipshared/1511/src/Module1Func.v:12]
WARNING: [Synth 8-689] width (16) of port connection 'fifo_st_0_V_din' does not match port width (17) of module 'Module1Func' [/home/centos/clockwork/soda_codes/bxy_ur_1_opt/soda_code/blur.temp/link/vivado/vpl/prj/prj.srcs/my_rm/bd/bd/ipshared/1511/src/Dataflow.v:335]
WARNING: [Synth 8-689] width (16) of port connection 'fifo_st_1_V_din' does not match port width (17) of module 'Module1Func' [/home/centos/clockwork/soda_codes/bxy_ur_1_opt/soda_code/blur.temp/link/vivado/vpl/prj/prj.srcs/my_rm/bd/bd/ipshared/1511/src/Dataflow.v:338]
WARNING: [Synth 8-7023] instance 'input_offset_0' of module 'Module1Func' has 15 connections declared, but only 12 given [/home/centos/clockwork/soda_codes/bxy_ur_1_opt/soda_code/blur.temp/link/vivado/vpl/prj/prj.srcs/my_rm/bd/bd/ipshared/1511/src/Dataflow.v:331]
INFO: [Synth 8-6157] synthesizing module 'Module2Func' [/home/centos/clockwork/soda_codes/bxy_ur_1_opt/soda_code/blur.temp/link/vivado/vpl/prj/prj.srcs/my_rm/bd/bd/ipshared/1511/src/Module2Func.v:12]
	Parameter ap_ST_fsm_state1 bound to: 3'b001 
	Parameter ap_ST_fsm_pp0_stage0 bound to: 3'b010 
	Parameter ap_ST_fsm_state4 bound to: 3'b100 
INFO: [Synth 8-5534] Detected attribute (* fsm_encoding = "none" *) [/home/centos/clockwork/soda_codes/bxy_ur_1_opt/soda_code/blur.temp/link/vivado/vpl/prj/prj.srcs/my_rm/bd/bd/ipshared/1511/src/Module2Func.v:57]
INFO: [Synth 8-6157] synthesizing module 'Module2Func_fifo_ref_0_delayed_1922_buf' [/home/centos/clockwork/soda_codes/bxy_ur_1_opt/soda_code/blur.temp/link/vivado/vpl/prj/prj.srcs/my_rm/bd/bd/ipshared/1511/src/Module2Func_fifo_ref_0_delayed_1922_buf.v:37]
	Parameter DataWidth bound to: 16 - type: integer 
	Parameter AddressRange bound to: 1922 - type: integer 
	Parameter AddressWidth bound to: 11 - type: integer 
INFO: [Synth 8-6157] synthesizing module 'Module2Func_fifo_ref_0_delayed_1922_buf_ram' [/home/centos/clockwork/soda_codes/bxy_ur_1_opt/soda_code/blur.temp/link/vivado/vpl/prj/prj.srcs/my_rm/bd/bd/ipshared/1511/src/Module2Func_fifo_ref_0_delayed_1922_buf.v:6]
	Parameter DWIDTH bound to: 16 - type: integer 
	Parameter AWIDTH bound to: 11 - type: integer 
	Parameter MEM_SIZE bound to: 1922 - type: integer 
INFO: [Synth 8-5534] Detected attribute (* ram_style = "block" *) [/home/centos/clockwork/soda_codes/bxy_ur_1_opt/soda_code/blur.temp/link/vivado/vpl/prj/prj.srcs/my_rm/bd/bd/ipshared/1511/src/Module2Func_fifo_ref_0_delayed_1922_buf.v:19]
INFO: [Synth 8-6155] done synthesizing module 'Module2Func_fifo_ref_0_delayed_1922_buf_ram' (27#1) [/home/centos/clockwork/soda_codes/bxy_ur_1_opt/soda_code/blur.temp/link/vivado/vpl/prj/prj.srcs/my_rm/bd/bd/ipshared/1511/src/Module2Func_fifo_ref_0_delayed_1922_buf.v:6]
INFO: [Synth 8-6155] done synthesizing module 'Module2Func_fifo_ref_0_delayed_1922_buf' (28#1) [/home/centos/clockwork/soda_codes/bxy_ur_1_opt/soda_code/blur.temp/link/vivado/vpl/prj/prj.srcs/my_rm/bd/bd/ipshared/1511/src/Module2Func_fifo_ref_0_delayed_1922_buf.v:37]
WARNING: [Synth 8-589] replacing case/wildcard equality operator === with logical equality operator == [/home/centos/clockwork/soda_codes/bxy_ur_1_opt/soda_code/blur.temp/link/vivado/vpl/prj/prj.srcs/my_rm/bd/bd/ipshared/1511/src/Module2Func.v:358]
INFO: [Synth 8-6155] done synthesizing module 'Module2Func' (29#1) [/home/centos/clockwork/soda_codes/bxy_ur_1_opt/soda_code/blur.temp/link/vivado/vpl/prj/prj.srcs/my_rm/bd/bd/ipshared/1511/src/Module2Func.v:12]
WARNING: [Synth 8-689] width (16) of port connection 'fifo_st_0_V_din' does not match port width (17) of module 'Module2Func' [/home/centos/clockwork/soda_codes/bxy_ur_1_opt/soda_code/blur.temp/link/vivado/vpl/prj/prj.srcs/my_rm/bd/bd/ipshared/1511/src/Dataflow.v:350]
WARNING: [Synth 8-689] width (16) of port connection 'fifo_st_1_V_din' does not match port width (17) of module 'Module2Func' [/home/centos/clockwork/soda_codes/bxy_ur_1_opt/soda_code/blur.temp/link/vivado/vpl/prj/prj.srcs/my_rm/bd/bd/ipshared/1511/src/Dataflow.v:353]
WARNING: [Synth 8-7023] instance 'input_offset_1922' of module 'Module2Func' has 15 connections declared, but only 12 given [/home/centos/clockwork/soda_codes/bxy_ur_1_opt/soda_code/blur.temp/link/vivado/vpl/prj/prj.srcs/my_rm/bd/bd/ipshared/1511/src/Dataflow.v:346]
INFO: [Synth 8-6157] synthesizing module 'Module3Func' [/home/centos/clockwork/soda_codes/bxy_ur_1_opt/soda_code/blur.temp/link/vivado/vpl/prj/prj.srcs/my_rm/bd/bd/ipshared/1511/src/Module3Func.v:12]
	Parameter ap_ST_fsm_state1 bound to: 3'b001 
	Parameter ap_ST_fsm_pp0_stage0 bound to: 3'b010 
	Parameter ap_ST_fsm_state4 bound to: 3'b100 
INFO: [Synth 8-5534] Detected attribute (* fsm_encoding = "none" *) [/home/centos/clockwork/soda_codes/bxy_ur_1_opt/soda_code/blur.temp/link/vivado/vpl/prj/prj.srcs/my_rm/bd/bd/ipshared/1511/src/Module3Func.v:50]
INFO: [Synth 8-6157] synthesizing module 'Module3Func_fifo_ref_0_delayed_1922_buf' [/home/centos/clockwork/soda_codes/bxy_ur_1_opt/soda_code/blur.temp/link/vivado/vpl/prj/prj.srcs/my_rm/bd/bd/ipshared/1511/src/Module3Func_fifo_ref_0_delayed_1922_buf.v:37]
	Parameter DataWidth bound to: 16 - type: integer 
	Parameter AddressRange bound to: 1922 - type: integer 
	Parameter AddressWidth bound to: 11 - type: integer 
INFO: [Synth 8-6157] synthesizing module 'Module3Func_fifo_ref_0_delayed_1922_buf_ram' [/home/centos/clockwork/soda_codes/bxy_ur_1_opt/soda_code/blur.temp/link/vivado/vpl/prj/prj.srcs/my_rm/bd/bd/ipshared/1511/src/Module3Func_fifo_ref_0_delayed_1922_buf.v:6]
	Parameter DWIDTH bound to: 16 - type: integer 
	Parameter AWIDTH bound to: 11 - type: integer 
	Parameter MEM_SIZE bound to: 1922 - type: integer 
INFO: [Synth 8-5534] Detected attribute (* ram_style = "block" *) [/home/centos/clockwork/soda_codes/bxy_ur_1_opt/soda_code/blur.temp/link/vivado/vpl/prj/prj.srcs/my_rm/bd/bd/ipshared/1511/src/Module3Func_fifo_ref_0_delayed_1922_buf.v:19]
INFO: [Synth 8-6155] done synthesizing module 'Module3Func_fifo_ref_0_delayed_1922_buf_ram' (30#1) [/home/centos/clockwork/soda_codes/bxy_ur_1_opt/soda_code/blur.temp/link/vivado/vpl/prj/prj.srcs/my_rm/bd/bd/ipshared/1511/src/Module3Func_fifo_ref_0_delayed_1922_buf.v:6]
INFO: [Synth 8-6155] done synthesizing module 'Module3Func_fifo_ref_0_delayed_1922_buf' (31#1) [/home/centos/clockwork/soda_codes/bxy_ur_1_opt/soda_code/blur.temp/link/vivado/vpl/prj/prj.srcs/my_rm/bd/bd/ipshared/1511/src/Module3Func_fifo_ref_0_delayed_1922_buf.v:37]
WARNING: [Synth 8-589] replacing case/wildcard equality operator === with logical equality operator == [/home/centos/clockwork/soda_codes/bxy_ur_1_opt/soda_code/blur.temp/link/vivado/vpl/prj/prj.srcs/my_rm/bd/bd/ipshared/1511/src/Module3Func.v:333]
INFO: [Synth 8-6155] done synthesizing module 'Module3Func' (32#1) [/home/centos/clockwork/soda_codes/bxy_ur_1_opt/soda_code/blur.temp/link/vivado/vpl/prj/prj.srcs/my_rm/bd/bd/ipshared/1511/src/Module3Func.v:12]
WARNING: [Synth 8-689] width (16) of port connection 'fifo_st_0_V_din' does not match port width (17) of module 'Module3Func' [/home/centos/clockwork/soda_codes/bxy_ur_1_opt/soda_code/blur.temp/link/vivado/vpl/prj/prj.srcs/my_rm/bd/bd/ipshared/1511/src/Dataflow.v:365]
WARNING: [Synth 8-7023] instance 'input_offset_3844' of module 'Module3Func' has 12 connections declared, but only 9 given [/home/centos/clockwork/soda_codes/bxy_ur_1_opt/soda_code/blur.temp/link/vivado/vpl/prj/prj.srcs/my_rm/bd/bd/ipshared/1511/src/Dataflow.v:361]
INFO: [Synth 8-6157] synthesizing module 'Module4Func' [/home/centos/clockwork/soda_codes/bxy_ur_1_opt/soda_code/blur.temp/link/vivado/vpl/prj/prj.srcs/my_rm/bd/bd/ipshared/1511/src/Module4Func.v:12]
	Parameter ap_ST_fsm_state1 bound to: 3'b001 
	Parameter ap_ST_fsm_pp0_stage0 bound to: 3'b010 
	Parameter ap_ST_fsm_state5 bound to: 3'b100 
INFO: [Synth 8-5534] Detected attribute (* fsm_encoding = "none" *) [/home/centos/clockwork/soda_codes/bxy_ur_1_opt/soda_code/blur.temp/link/vivado/vpl/prj/prj.srcs/my_rm/bd/bd/ipshared/1511/src/Module4Func.v:64]
INFO: [Synth 8-6157] synthesizing module 'Module4Func_mul_mul_20ns_18ns_38_1_1' [/home/centos/clockwork/soda_codes/bxy_ur_1_opt/soda_code/blur.temp/link/vivado/vpl/prj/prj.srcs/my_rm/bd/bd/ipshared/1511/src/Module4Func_mul_mul_20ns_18ns_38_1_1.v:13]
	Parameter ID bound to: 1 - type: integer 
	Parameter NUM_STAGE bound to: 1 - type: integer 
	Parameter din0_WIDTH bound to: 20 - type: integer 
	Parameter din1_WIDTH bound to: 18 - type: integer 
	Parameter dout_WIDTH bound to: 38 - type: integer 
INFO: [Synth 8-6157] synthesizing module 'Module4Func_mul_mul_20ns_18ns_38_1_1_DSP48_0' [/home/centos/clockwork/soda_codes/bxy_ur_1_opt/soda_code/blur.temp/link/vivado/vpl/prj/prj.srcs/my_rm/bd/bd/ipshared/1511/src/Module4Func_mul_mul_20ns_18ns_38_1_1.v:4]
INFO: [Synth 8-6155] done synthesizing module 'Module4Func_mul_mul_20ns_18ns_38_1_1_DSP48_0' (33#1) [/home/centos/clockwork/soda_codes/bxy_ur_1_opt/soda_code/blur.temp/link/vivado/vpl/prj/prj.srcs/my_rm/bd/bd/ipshared/1511/src/Module4Func_mul_mul_20ns_18ns_38_1_1.v:4]
INFO: [Synth 8-6155] done synthesizing module 'Module4Func_mul_mul_20ns_18ns_38_1_1' (34#1) [/home/centos/clockwork/soda_codes/bxy_ur_1_opt/soda_code/blur.temp/link/vivado/vpl/prj/prj.srcs/my_rm/bd/bd/ipshared/1511/src/Module4Func_mul_mul_20ns_18ns_38_1_1.v:13]
INFO: [Synth 8-6155] done synthesizing module 'Module4Func' (35#1) [/home/centos/clockwork/soda_codes/bxy_ur_1_opt/soda_code/blur.temp/link/vivado/vpl/prj/prj.srcs/my_rm/bd/bd/ipshared/1511/src/Module4Func.v:12]
WARNING: [Synth 8-689] width (16) of port connection 'fifo_st_0_V_din' does not match port width (17) of module 'Module4Func' [/home/centos/clockwork/soda_codes/bxy_ur_1_opt/soda_code/blur.temp/link/vivado/vpl/prj/prj.srcs/my_rm/bd/bd/ipshared/1511/src/Dataflow.v:377]
WARNING: [Synth 8-7023] instance 'blurx_pe_0' of module 'Module4Func' has 18 connections declared, but only 15 given [/home/centos/clockwork/soda_codes/bxy_ur_1_opt/soda_code/blur.temp/link/vivado/vpl/prj/prj.srcs/my_rm/bd/bd/ipshared/1511/src/Dataflow.v:373]
WARNING: [Synth 8-689] width (16) of port connection 'fifo_st_0_V_din' does not match port width (17) of module 'Module1Func' [/home/centos/clockwork/soda_codes/bxy_ur_1_opt/soda_code/blur.temp/link/vivado/vpl/prj/prj.srcs/my_rm/bd/bd/ipshared/1511/src/Dataflow.v:395]
WARNING: [Synth 8-689] width (16) of port connection 'fifo_st_1_V_din' does not match port width (17) of module 'Module1Func' [/home/centos/clockwork/soda_codes/bxy_ur_1_opt/soda_code/blur.temp/link/vivado/vpl/prj/prj.srcs/my_rm/bd/bd/ipshared/1511/src/Dataflow.v:398]
WARNING: [Synth 8-7023] instance 'blurx_offset_0' of module 'Module1Func' has 15 connections declared, but only 12 given [/home/centos/clockwork/soda_codes/bxy_ur_1_opt/soda_code/blur.temp/link/vivado/vpl/prj/prj.srcs/my_rm/bd/bd/ipshared/1511/src/Dataflow.v:391]
INFO: [Synth 8-6157] synthesizing module 'Module5Func' [/home/centos/clockwork/soda_codes/bxy_ur_1_opt/soda_code/blur.temp/link/vivado/vpl/prj/prj.srcs/my_rm/bd/bd/ipshared/1511/src/Module5Func.v:12]
	Parameter ap_ST_fsm_state1 bound to: 3'b001 
	Parameter ap_ST_fsm_pp0_stage0 bound to: 3'b010 
	Parameter ap_ST_fsm_state4 bound to: 3'b100 
INFO: [Synth 8-5534] Detected attribute (* fsm_encoding = "none" *) [/home/centos/clockwork/soda_codes/bxy_ur_1_opt/soda_code/blur.temp/link/vivado/vpl/prj/prj.srcs/my_rm/bd/bd/ipshared/1511/src/Module5Func.v:57]
INFO: [Synth 8-6155] done synthesizing module 'Module5Func' (36#1) [/home/centos/clockwork/soda_codes/bxy_ur_1_opt/soda_code/blur.temp/link/vivado/vpl/prj/prj.srcs/my_rm/bd/bd/ipshared/1511/src/Module5Func.v:12]
WARNING: [Synth 8-689] width (16) of port connection 'fifo_st_0_V_din' does not match port width (17) of module 'Module5Func' [/home/centos/clockwork/soda_codes/bxy_ur_1_opt/soda_code/blur.temp/link/vivado/vpl/prj/prj.srcs/my_rm/bd/bd/ipshared/1511/src/Dataflow.v:410]
WARNING: [Synth 8-689] width (16) of port connection 'fifo_st_1_V_din' does not match port width (17) of module 'Module5Func' [/home/centos/clockwork/soda_codes/bxy_ur_1_opt/soda_code/blur.temp/link/vivado/vpl/prj/prj.srcs/my_rm/bd/bd/ipshared/1511/src/Dataflow.v:413]
WARNING: [Synth 8-7023] instance 'blurx_offset_1' of module 'Module5Func' has 15 connections declared, but only 12 given [/home/centos/clockwork/soda_codes/bxy_ur_1_opt/soda_code/blur.temp/link/vivado/vpl/prj/prj.srcs/my_rm/bd/bd/ipshared/1511/src/Dataflow.v:406]
INFO: [Synth 8-6157] synthesizing module 'Module6Func' [/home/centos/clockwork/soda_codes/bxy_ur_1_opt/soda_code/blur.temp/link/vivado/vpl/prj/prj.srcs/my_rm/bd/bd/ipshared/1511/src/Module6Func.v:12]
	Parameter ap_ST_fsm_state1 bound to: 3'b001 
	Parameter ap_ST_fsm_pp0_stage0 bound to: 3'b010 
	Parameter ap_ST_fsm_state4 bound to: 3'b100 
INFO: [Synth 8-5534] Detected attribute (* fsm_encoding = "none" *) [/home/centos/clockwork/soda_codes/bxy_ur_1_opt/soda_code/blur.temp/link/vivado/vpl/prj/prj.srcs/my_rm/bd/bd/ipshared/1511/src/Module6Func.v:50]
INFO: [Synth 8-6155] done synthesizing module 'Module6Func' (37#1) [/home/centos/clockwork/soda_codes/bxy_ur_1_opt/soda_code/blur.temp/link/vivado/vpl/prj/prj.srcs/my_rm/bd/bd/ipshared/1511/src/Module6Func.v:12]
WARNING: [Synth 8-689] width (16) of port connection 'fifo_st_0_V_din' does not match port width (17) of module 'Module6Func' [/home/centos/clockwork/soda_codes/bxy_ur_1_opt/soda_code/blur.temp/link/vivado/vpl/prj/prj.srcs/my_rm/bd/bd/ipshared/1511/src/Dataflow.v:425]
WARNING: [Synth 8-7023] instance 'blurx_offset_2' of module 'Module6Func' has 12 connections declared, but only 9 given [/home/centos/clockwork/soda_codes/bxy_ur_1_opt/soda_code/blur.temp/link/vivado/vpl/prj/prj.srcs/my_rm/bd/bd/ipshared/1511/src/Dataflow.v:421]
WARNING: [Synth 8-689] width (16) of port connection 'fifo_st_0_V_din' does not match port width (17) of module 'Module4Func' [/home/centos/clockwork/soda_codes/bxy_ur_1_opt/soda_code/blur.temp/link/vivado/vpl/prj/prj.srcs/my_rm/bd/bd/ipshared/1511/src/Dataflow.v:437]
WARNING: [Synth 8-7023] instance 'bxy_ur_1_pe_0' of module 'Module4Func' has 18 connections declared, but only 15 given [/home/centos/clockwork/soda_codes/bxy_ur_1_opt/soda_code/blur.temp/link/vivado/vpl/prj/prj.srcs/my_rm/bd/bd/ipshared/1511/src/Dataflow.v:433]
INFO: [Synth 8-6157] synthesizing module 'Module7Func' [/home/centos/clockwork/soda_codes/bxy_ur_1_opt/soda_code/blur.temp/link/vivado/vpl/prj/prj.srcs/my_rm/bd/bd/ipshared/1511/src/Module7Func.v:12]
	Parameter ap_ST_fsm_state1 bound to: 3'b001 
	Parameter ap_ST_fsm_pp0_stage0 bound to: 3'b010 
	Parameter ap_ST_fsm_state4 bound to: 3'b100 
INFO: [Synth 8-5534] Detected attribute (* fsm_encoding = "none" *) [/home/centos/clockwork/soda_codes/bxy_ur_1_opt/soda_code/blur.temp/link/vivado/vpl/prj/prj.srcs/my_rm/bd/bd/ipshared/1511/src/Module7Func.v:50]
INFO: [Synth 8-6155] done synthesizing module 'Module7Func' (38#1) [/home/centos/clockwork/soda_codes/bxy_ur_1_opt/soda_code/blur.temp/link/vivado/vpl/prj/prj.srcs/my_rm/bd/bd/ipshared/1511/src/Module7Func.v:12]
WARNING: [Synth 8-689] width (16) of port connection 'dram_bxy_ur_1_bank_0_fifo_V_din' does not match port width (17) of module 'Module7Func' [/home/centos/clockwork/soda_codes/bxy_ur_1_opt/soda_code/blur.temp/link/vivado/vpl/prj/prj.srcs/my_rm/bd/bd/ipshared/1511/src/Dataflow.v:455]
WARNING: [Synth 8-7023] instance 'super_sink' of module 'Module7Func' has 12 connections declared, but only 9 given [/home/centos/clockwork/soda_codes/bxy_ur_1_opt/soda_code/blur.temp/link/vivado/vpl/prj/prj.srcs/my_rm/bd/bd/ipshared/1511/src/Dataflow.v:451]
INFO: [Synth 8-6155] done synthesizing module 'Dataflow' (39#1) [/home/centos/clockwork/soda_codes/bxy_ur_1_opt/soda_code/blur.temp/link/vivado/vpl/prj/prj.srcs/my_rm/bd/bd/ipshared/1511/src/Dataflow.v:2]
ERROR: [Synth 8-448] named port connection 'bank_0_bxy_ur_1_V_din' does not exist for instance 'Dataflow_U0' of module 'Dataflow' [/home/centos/clockwork/soda_codes/bxy_ur_1_opt/soda_code/blur.temp/link/vivado/vpl/prj/prj.srcs/my_rm/bd/bd/ipshared/1511/src/bxy_ur_1_opt_kernel.v:767]
ERROR: [Synth 8-448] named port connection 'bank_0_bxy_ur_1_V_full_n' does not exist for instance 'Dataflow_U0' of module 'Dataflow' [/home/centos/clockwork/soda_codes/bxy_ur_1_opt/soda_code/blur.temp/link/vivado/vpl/prj/prj.srcs/my_rm/bd/bd/ipshared/1511/src/bxy_ur_1_opt_kernel.v:768]
ERROR: [Synth 8-448] named port connection 'bank_0_bxy_ur_1_V_write' does not exist for instance 'Dataflow_U0' of module 'Dataflow' [/home/centos/clockwork/soda_codes/bxy_ur_1_opt/soda_code/blur.temp/link/vivado/vpl/prj/prj.srcs/my_rm/bd/bd/ipshared/1511/src/bxy_ur_1_opt_kernel.v:769]
ERROR: [Synth 8-448] named port connection 'bank_0_input_V_dout' does not exist for instance 'Dataflow_U0' of module 'Dataflow' [/home/centos/clockwork/soda_codes/bxy_ur_1_opt/soda_code/blur.temp/link/vivado/vpl/prj/prj.srcs/my_rm/bd/bd/ipshared/1511/src/bxy_ur_1_opt_kernel.v:770]
ERROR: [Synth 8-448] named port connection 'bank_0_input_V_empty_n' does not exist for instance 'Dataflow_U0' of module 'Dataflow' [/home/centos/clockwork/soda_codes/bxy_ur_1_opt/soda_code/blur.temp/link/vivado/vpl/prj/prj.srcs/my_rm/bd/bd/ipshared/1511/src/bxy_ur_1_opt_kernel.v:771]
ERROR: [Synth 8-448] named port connection 'bank_0_input_V_read' does not exist for instance 'Dataflow_U0' of module 'Dataflow' [/home/centos/clockwork/soda_codes/bxy_ur_1_opt/soda_code/blur.temp/link/vivado/vpl/prj/prj.srcs/my_rm/bd/bd/ipshared/1511/src/bxy_ur_1_opt_kernel.v:772]
INFO: [Synth 8-6157] synthesizing module 'BurstWrite_unsigned_short_s' [/home/centos/clockwork/soda_codes/bxy_ur_1_opt/soda_code/blur.temp/link/vivado/vpl/prj/prj.srcs/my_rm/bd/bd/ipshared/1511/src/BurstWrite_unsigned_short_s.v:10]
	Parameter ap_ST_fsm_state1 bound to: 8'b00000001 
	Parameter ap_ST_fsm_state2 bound to: 8'b00000010 
	Parameter ap_ST_fsm_pp0_stage0 bound to: 8'b00000100 
	Parameter ap_ST_fsm_state6 bound to: 8'b00001000 
	Parameter ap_ST_fsm_state7 bound to: 8'b00010000 
	Parameter ap_ST_fsm_state8 bound to: 8'b00100000 
	Parameter ap_ST_fsm_state9 bound to: 8'b01000000 
	Parameter ap_ST_fsm_state10 bound to: 8'b10000000 
INFO: [Synth 8-5534] Detected attribute (* fsm_encoding = "none" *) [/home/centos/clockwork/soda_codes/bxy_ur_1_opt/soda_code/blur.temp/link/vivado/vpl/prj/prj.srcs/my_rm/bd/bd/ipshared/1511/src/BurstWrite_unsigned_short_s.v:156]
ERROR: [Synth 8-6156] failed synthesizing module 'BurstWrite_unsigned_short_s' [/home/centos/clockwork/soda_codes/bxy_ur_1_opt/soda_code/blur.temp/link/vivado/vpl/prj/prj.srcs/my_rm/bd/bd/ipshared/1511/src/BurstWrite_unsigned_short_s.v:10]
ERROR: [Synth 8-6156] failed synthesizing module 'bxy_ur_1_opt_kernel' [/home/centos/clockwork/soda_codes/bxy_ur_1_opt/soda_code/blur.temp/link/vivado/vpl/prj/prj.srcs/my_rm/bd/bd/ipshared/1511/src/bxy_ur_1_opt_kernel.v:12]
ERROR: [Synth 8-6156] failed synthesizing module 'cl_bxy_ur_1_opt_kernel_1_0' [/home/centos/clockwork/soda_codes/bxy_ur_1_opt/soda_code/blur.temp/link/vivado/vpl/prj/prj.srcs/my_rm/bd/bd/ip/cl_bxy_ur_1_opt_kernel_1_0/synth/cl_bxy_ur_1_opt_kernel_1_0.v:60]
---------------------------------------------------------------------------------
Finished RTL Elaboration : Time (s): cpu = 00:00:05 ; elapsed = 00:00:09 . Memory (MB): peak = 2715.934 ; gain = 253.398 ; free physical = 52411 ; free virtual = 75412
---------------------------------------------------------------------------------
RTL Elaboration failed
INFO: [Common 17-83] Releasing license: Synthesis
124 Infos, 28 Warnings, 0 Critical Warnings and 10 Errors encountered.
synth_design failed
ERROR: [Common 17-69] Command failed: Synthesis failed - please see the console or run log file for details
INFO: [Common 17-206] Exiting Vivado at Mon Apr 27 23:42:31 2020...
