

================================================================
== Vivado HLS Report for 'jacobi2d'
================================================================
* Date:           Wed Feb 12 19:11:16 2020

* Version:        2018.2 (Build 2258646 on Thu Jun 14 20:25:20 MDT 2018)
* Project:        jacobi2d_proj
* Solution:       solution1
* Product family: kintex7
* Target device:  xc7k160tfbg484-2


================================================================
== Performance Estimates
================================================================
+ Timing (ns): 
    * Summary: 
    +--------+-------+----------+------------+
    |  Clock | Target| Estimated| Uncertainty|
    +--------+-------+----------+------------+
    |ap_clk  |   5.00|     4.108|        0.62|
    +--------+-------+----------+------------+

+ Latency (clock cycles): 
    * Summary: 
    +------+------+------+------+---------+
    |   Latency   |   Interval  | Pipeline|
    |  min |  max |  min |  max |   Type  |
    +------+------+------+------+---------+
    |  1033|  1033|  1033|  1033|   none  |
    +------+------+------+------+---------+

    + Detail: 
        * Instance: 
        +-----------------------------------------------+----------------------+-----+-----+-----+-----+----------+
        |                                               |                      |  Latency  |  Interval | Pipeline |
        |                    Instance                   |        Module        | min | max | min | max |   Type   |
        +-----------------------------------------------+----------------------+-----+-----+-----+-----+----------+
        |I_d0_p_m_1_c_d1_s_I_out_jacobi2d_compu_fu_240  |I_out_jacobi2d_compu  |    0|    0|    1|    1| function |
        +-----------------------------------------------+----------------------+-----+-----+-----+-----+----------+

        * Loop: 
        +----------+------+------+----------+-----------+-----------+------+----------+
        |          |   Latency   | Iteration|  Initiation Interval  | Trip |          |
        | Loop Name|  min |  max |  Latency |  achieved |   target  | Count| Pipelined|
        +----------+------+------+----------+-----------+-----------+------+----------+
        |- Loop 1  |  1031|  1031|         9|          1|          1|  1024|    yes   |
        +----------+------+------+----------+-----------+-----------+------+----------+



================================================================
== Utilization Estimates
================================================================
* Summary: 
+-----------------+---------+-------+--------+--------+
|       Name      | BRAM_18K| DSP48E|   FF   |   LUT  |
+-----------------+---------+-------+--------+--------+
|DSP              |        -|      -|       -|       -|
|Expression       |        -|      -|       0|     815|
|FIFO             |        -|      -|       -|       -|
|Instance         |        -|      4|     174|      53|
|Memory           |        0|      -|     128|      30|
|Multiplexer      |        -|      -|       -|     116|
|Register         |        0|      -|     869|      96|
+-----------------+---------+-------+--------+--------+
|Total            |        0|      4|    1171|    1110|
+-----------------+---------+-------+--------+--------+
|Available        |      650|    600|  202800|  101400|
+-----------------+---------+-------+--------+--------+
|Utilization (%)  |        0|   ~0  |   ~0   |       1|
+-----------------+---------+-------+--------+--------+

+ Detail: 
    * Instance: 
    +-----------------------------------------------+----------------------+---------+-------+-----+----+
    |                    Instance                   |        Module        | BRAM_18K| DSP48E|  FF | LUT|
    +-----------------------------------------------+----------------------+---------+-------+-----+----+
    |I_d0_p_m_1_c_d1_s_I_out_jacobi2d_compu_fu_240  |I_out_jacobi2d_compu  |        0|      0|    0|   0|
    |jacobi2d_mul_34nsdEe_U6                        |jacobi2d_mul_34nsdEe  |        0|      4|  174|  53|
    +-----------------------------------------------+----------------------+---------+-------+-----+----+
    |Total                                          |                      |        0|      4|  174|  53|
    +-----------------------------------------------+----------------------+---------+-------+-----+----+

    * DSP48: 
    N/A

    * Memory: 
    +------------------------+----------------------+---------+----+----+------+-----+------+-------------+
    |         Memory         |        Module        | BRAM_18K| FF | LUT| Words| Bits| Banks| W*Bits*Banks|
    +------------------------+----------------------+---------+----+----+------+-----+------+-------------+
    |I_I_id0_0_f1_vals_as_U  |jacobi2d_I_I_id0_bkb  |        0|  64|  15|    30|   32|     1|          960|
    |I_I_id0_0_f7_vals_as_U  |jacobi2d_I_I_id0_bkb  |        0|  64|  15|    30|   32|     1|          960|
    +------------------------+----------------------+---------+----+----+------+-----+------+-------------+
    |Total                   |                      |        0| 128|  30|    60|   64|     2|         1920|
    +------------------------+----------------------+---------+----+----+------+-----+------+-------------+

    * FIFO: 
    N/A

    * Expression: 
    +-----------------------------------+----------+-------+---+----+------------+------------+
    |           Variable Name           | Operation| DSP48E| FF| LUT| Bitwidth P0| Bitwidth P1|
    +-----------------------------------+----------+-------+---+----+------------+------------+
    |addr_3_fu_290_p2                   |     +    |      0|  0|  39|          32|           5|
    |addr_fu_264_p2                     |     +    |      0|  0|  39|          32|           5|
    |c0_s_fu_393_p2                     |     +    |      0|  0|  15|           6|           1|
    |c1_1_fu_547_p2                     |     +    |      0|  0|  15|           6|           1|
    |indvar_flatten_next_fu_258_p2      |     +    |      0|  0|  18|          11|           1|
    |tmp2_fu_535_p2                     |     +    |      0|  0|  39|          32|          32|
    |tmp3_fu_553_p2                     |     +    |      0|  0|  32|          32|          32|
    |tmp4_fu_541_p2                     |     +    |      0|  0|  39|          32|          32|
    |tmp_8_i26_i_i_i_i_fu_302_p2        |     +    |      0|  0|  39|          32|           1|
    |tmp_8_i_i_i_i_i_fu_276_p2          |     +    |      0|  0|  39|          32|           1|
    |v_val_V_fu_557_p2                  |     +    |      0|  0|  32|          32|          32|
    |neg_mul_fu_589_p2                  |     -    |      0|  0|  72|           1|          65|
    |neg_ti_fu_618_p2                   |     -    |      0|  0|  39|           1|          32|
    |ap_block_state10_pp0_stage0_iter8  |    and   |      0|  0|   2|           1|           1|
    |ap_block_state4_pp0_stage0_iter2   |    and   |      0|  0|   2|           1|           1|
    |or_cond2_fu_475_p2                 |    and   |      0|  0|   2|           1|           1|
    |tmp1_fu_469_p2                     |    and   |      0|  0|   2|           1|           1|
    |exitcond8_fu_379_p2                |   icmp   |      0|  0|  11|           6|           7|
    |exitcond_flatten_fu_252_p2         |   icmp   |      0|  0|  13|          11|          12|
    |icmp1_fu_425_p2                    |   icmp   |      0|  0|  11|           5|           1|
    |icmp_fu_409_p2                     |   icmp   |      0|  0|  11|           5|           1|
    |tmp_2_fu_463_p2                    |   icmp   |      0|  0|  11|           6|           5|
    |tmp_7_i25_i_i_i_i_fu_296_p2        |   icmp   |      0|  0|  18|          32|           5|
    |tmp_7_i_i_i_i_i_fu_270_p2          |   icmp   |      0|  0|  18|          32|           5|
    |tmp_i13_i_i_i_i_fu_333_p2          |   icmp   |      0|  0|  18|          32|           5|
    |tmp_i_i_i_i_i_fu_316_p2            |   icmp   |      0|  0|  18|          32|           5|
    |tmp_s_fu_457_p2                    |   icmp   |      0|  0|  11|           6|           1|
    |ap_block_pp0_stage0_01001          |    or    |      0|  0|   2|           1|           1|
    |I_I_id0_0_f1_write_a_fu_308_p3     |  select  |      0|  0|  32|           1|           1|
    |I_I_id0_0_f7_write_a_fu_282_p3     |  select  |      0|  0|  32|           1|           1|
    |c0_mid2_fu_439_p3                  |  select  |      0|  0|   6|           1|           6|
    |c1_mid2_fu_385_p3                  |  select  |      0|  0|   6|           1|           1|
    |p_i14_i_i_i_i_fu_338_p3            |  select  |      0|  0|  32|           1|          32|
    |p_i_i_i_i_i_fu_321_p3              |  select  |      0|  0|  32|           1|          32|
    |tmp_13_fu_624_p3                   |  select  |      0|  0|  32|           1|          32|
    |tmp_7_fu_611_p3                    |  select  |      0|  0|  32|           1|          32|
    |tmp_mid2_fu_431_p3                 |  select  |      0|  0|   2|           1|           1|
    |ap_enable_pp0                      |    xor   |      0|  0|   2|           1|           2|
    +-----------------------------------+----------+-------+---+----+------------+------------+
    |Total                              |          |      0|  0| 815|         463|         432|
    +-----------------------------------+----------+-------+---+----+------------+------------+

    * Multiplexer: 
    +--------------------------------+----+-----------+-----+-----------+
    |              Name              | LUT| Input Size| Bits| Total Bits|
    +--------------------------------+----+-----------+-----+-----------+
    |ap_NS_fsm                       |  17|          4|    1|          4|
    |ap_enable_reg_pp0_iter3         |   9|          2|    1|          2|
    |ap_enable_reg_pp0_iter8         |   9|          2|    1|          2|
    |ap_phi_mux_rem_1_phi_fu_210_p4  |   9|          2|   32|         64|
    |ap_phi_mux_rem_phi_fu_198_p4    |   9|          2|   32|         64|
    |c0_reg_218                      |   9|          2|    6|         12|
    |c1_reg_229                      |   9|          2|    6|         12|
    |in_values_V_blk_n               |   9|          2|    1|          2|
    |indvar_flatten_reg_183          |   9|          2|   11|         22|
    |out_values_V_blk_n              |   9|          2|    1|          2|
    |rem_1_reg_206                   |   9|          2|   32|         64|
    |rem_reg_194                     |   9|          2|   32|         64|
    +--------------------------------+----+-----------+-----+-----------+
    |Total                           | 116|         26|  156|        314|
    +--------------------------------+----+-----------+-----+-----------+

    * Register: 
    +------------------------------+----+----+-----+-----------+
    |             Name             | FF | LUT| Bits| Const Bits|
    +------------------------------+----+----+-----+-----------+
    |I_I_id0_0_f1_write_a_reg_682  |  32|   0|   32|          0|
    |I_I_id0_0_f4_vals_0_fu_104    |  32|   0|   32|          0|
    |I_I_id0_0_f6_vals_0_fu_108    |  32|   0|   32|          0|
    |I_I_id0_0_f7_write_a_reg_671  |  32|   0|   32|          0|
    |addr_3_reg_676                |  32|   0|   32|          0|
    |addr_reg_665                  |  32|   0|   32|          0|
    |ap_CS_fsm                     |   3|   0|    3|          0|
    |ap_enable_reg_pp0_iter0       |   1|   0|    1|          0|
    |ap_enable_reg_pp0_iter1       |   1|   0|    1|          0|
    |ap_enable_reg_pp0_iter2       |   1|   0|    1|          0|
    |ap_enable_reg_pp0_iter3       |   1|   0|    1|          0|
    |ap_enable_reg_pp0_iter4       |   1|   0|    1|          0|
    |ap_enable_reg_pp0_iter5       |   1|   0|    1|          0|
    |ap_enable_reg_pp0_iter6       |   1|   0|    1|          0|
    |ap_enable_reg_pp0_iter7       |   1|   0|    1|          0|
    |ap_enable_reg_pp0_iter8       |   1|   0|    1|          0|
    |c0_reg_218                    |   6|   0|    6|          0|
    |c1_reg_229                    |   6|   0|    6|          0|
    |exitcond_flatten_reg_656      |   1|   0|    1|          0|
    |indvar_flatten_reg_183        |  11|   0|   11|          0|
    |mul_reg_742                   |  65|   0|   65|          0|
    |or_cond2_reg_702              |   1|   0|    1|          0|
    |rem_1_reg_206                 |  32|   0|   32|          0|
    |rem_1_reg_206_pp0_iter1_reg   |  32|   0|   32|          0|
    |rem_reg_194                   |  32|   0|   32|          0|
    |rem_reg_194_pp0_iter1_reg     |  32|   0|   32|          0|
    |tmp2_reg_711                  |  32|   0|   32|          0|
    |tmp4_reg_716                  |  32|   0|   32|          0|
    |tmp_10_reg_731                |   1|   0|    1|          0|
    |tmp_12_reg_747                |  30|   0|   30|          0|
    |tmp_13_reg_752                |  32|   0|   32|          0|
    |v2_val_V_reg_706              |  32|   0|   32|          0|
    |v_val_V_reg_726               |  32|   0|   32|          0|
    |val_read_assign_1_fu_112      |  32|   0|   32|          0|
    |val_read_assign_5_fu_100      |  32|   0|   32|          0|
    |exitcond_flatten_reg_656      |  64|  32|    1|          0|
    |or_cond2_reg_702              |  64|  32|    1|          0|
    |tmp_10_reg_731                |  64|  32|    1|          0|
    +------------------------------+----+----+-----+-----------+
    |Total                         | 869|  96|  680|          0|
    +------------------------------+----+----+-----+-----------+



================================================================
== Interface
================================================================
* Summary: 
+---------------------+-----+-----+------------+--------------+--------------+
|      RTL Ports      | Dir | Bits|  Protocol  | Source Object|    C Type    |
+---------------------+-----+-----+------------+--------------+--------------+
|ap_clk               |  in |    1| ap_ctrl_hs |   jacobi2d   | return value |
|ap_rst               |  in |    1| ap_ctrl_hs |   jacobi2d   | return value |
|ap_start             |  in |    1| ap_ctrl_hs |   jacobi2d   | return value |
|ap_done              | out |    1| ap_ctrl_hs |   jacobi2d   | return value |
|ap_idle              | out |    1| ap_ctrl_hs |   jacobi2d   | return value |
|ap_ready             | out |    1| ap_ctrl_hs |   jacobi2d   | return value |
|in_values_V_dout     |  in |   32|   ap_fifo  |  in_values_V |    pointer   |
|in_values_V_empty_n  |  in |    1|   ap_fifo  |  in_values_V |    pointer   |
|in_values_V_read     | out |    1|   ap_fifo  |  in_values_V |    pointer   |
|out_values_V_din     | out |   32|   ap_fifo  | out_values_V |    pointer   |
|out_values_V_full_n  |  in |    1|   ap_fifo  | out_values_V |    pointer   |
|out_values_V_write   | out |    1|   ap_fifo  | out_values_V |    pointer   |
+---------------------+-----+-----+------------+--------------+--------------+

