[OPTRACE]|140135161788416|1|OPTraceCPP|cpp|1586402244486|START|v++|ROLLUP_0
[OPTRACE]|140135161788416|2|OPTraceCPP|cpp|1586402244486|START|Validate Kernels|
[OPTRACE]|140135161788416|3|OPTraceCPP|cpp|1586402244573|END|Validate Kernels|
[OPTRACE]|140135161788416|4|OPTraceCPP|cpp|1586402244573|START|CreateSolution|
[OPTRACE]|140135161788416|5|OPTraceCPP|cpp|1586402246508|END|CreateSolution|
[OPTRACE]|140135161788416|6|OPTraceCPP|cpp|1586402246508|START|AddDevice|
[OPTRACE]|140135161788416|7|OPTraceCPP|cpp|1586402246508|START|Find & load device|
[OPTRACE]|140135161788416|8|OPTraceCPP|cpp|1586402246574|END|Find & load device|
[OPTRACE]|140135161788416|9|OPTraceCPP|cpp|1586402249241|END|AddDevice|
[OPTRACE]|140135161788416|10|OPTraceCPP|cpp|1586402249249|START|OCL_LINK|
[OPTRACE]|140135161788416|11|OPTraceCPP|cpp|1586402249249|START|CreateBinary|
[OPTRACE]|140135161788416|12|OPTraceCPP|cpp|1586402249249|END|CreateBinary|
[OPTRACE]|140135161788416|13|OPTraceCPP|cpp|1586402249249|START|Extract Kernels|
[OPTRACE]|140135161788416|14|OPTraceCPP|cpp|1586402249254|END|Extract Kernels|
[OPTRACE]|140135161788416|15|OPTraceCPP|cpp|1586402249258|START|regiongen_0|ROLLUP_AUTO
[OPTRACE]|140135161788416|16|OPTraceCPP|cpp|1586402250266|END|regiongen_0|ROLLUP_AUTO
[OPTRACE]|140135161788416|17|OPTraceCPP|cpp|1586402250267|START|gcc_1|ROLLUP_AUTO
[OPTRACE]|140135161788416|18|OPTraceCPP|cpp|1586402251357|END|gcc_1|ROLLUP_AUTO
[OPTRACE]|140135161788416|19|OPTraceCPP|cpp|1586402251357|START|ar_2|ROLLUP_AUTO
[OPTRACE]|140135161788416|20|OPTraceCPP|cpp|1586402251362|END|ar_2|ROLLUP_AUTO
[OPTRACE]|140135161788416|21|OPTraceCPP|cpp|1586402251362|START|g++_3|ROLLUP_AUTO
[OPTRACE]|140135161788416|22|OPTraceCPP|cpp|1586402252253|END|g++_3|ROLLUP_AUTO
[OPTRACE]|140135161788416|23|OPTraceCPP|cpp|1586402252253|START|g++_4|ROLLUP_AUTO
[OPTRACE]|140135161788416|24|OPTraceCPP|cpp|1586402252317|END|g++_4|ROLLUP_AUTO
[OPTRACE]|140135161788416|25|OPTraceCPP|cpp|1586402252319|START|xclbinutil_5|ROLLUP_AUTO
[OPTRACE]|140135161788416|26|OPTraceCPP|cpp|1586402252324|END|xclbinutil_5|ROLLUP_AUTO
[OPTRACE]|140135161788416|27|OPTraceCPP|cpp|1586402252324|START|xclbinutil_6|ROLLUP_AUTO
[OPTRACE]|140135161788416|28|OPTraceCPP|cpp|1586402252331|END|xclbinutil_6|ROLLUP_AUTO
[OPTRACE]|140135161788416|29|OPTraceCPP|cpp|1586402252331|END|OCL_LINK|
[OPTRACE]|140135161788416|30|OPTraceCPP|cpp|1586402252371|END|v++|
