
****** Vivado(TM) HLS - High-Level Synthesis from C, C++ and SystemC v2019.2 (64-bit)
  **** SW Build 2700185 on Thu Oct 24 18:45:48 MDT 2019
  **** IP Build 2699827 on Thu Oct 24 21:16:38 MDT 2019
    ** Copyright 1986-2019 Xilinx, Inc. All Rights Reserved.

source /opt/Xilinx/Vivado/2019.2/scripts/vivado_hls/hls.tcl -notrace
INFO: [HLS 200-10] Running '/opt/Xilinx/Vivado/2019.2/bin/unwrapped/lnx64.o/vivado_hls'
INFO: [HLS 200-10] For user 'centos' on host 'ip-172-31-77-56.ec2.internal' (Linux_x86_64 version 3.10.0-1062.4.1.el7.x86_64) on Mon May 18 22:47:53 UTC 2020
INFO: [HLS 200-10] On os "CentOS Linux release 7.7.1908 (Core)"
INFO: [HLS 200-10] In directory '/home/centos/clockwork/soda_codes/hr18_1_opt/soda_code/_x.hw.hr18_1_opt/hr18_1_opt_kernel/hr18_1_opt_kernel'
Sourcing Tcl script 'hr18_1_opt_kernel.tcl'
INFO: [HLS 200-10] Creating and opening project '/home/centos/clockwork/soda_codes/hr18_1_opt/soda_code/_x.hw.hr18_1_opt/hr18_1_opt_kernel/hr18_1_opt_kernel/hr18_1_opt_kernel'.
INFO: [HLS 200-10] Adding design file '/home/centos/clockwork/soda_codes/hr18_1_opt/soda_code/hr18_1_opt_kernel.cpp' to the project
INFO: [HLS 200-10] Creating and opening solution '/home/centos/clockwork/soda_codes/hr18_1_opt/soda_code/_x.hw.hr18_1_opt/hr18_1_opt_kernel/hr18_1_opt_kernel/hr18_1_opt_kernel/solution'.
INFO: [HLS 200-10] Setting target device to 'xcvu9p-flgb2104-2-i'
INFO: [SYN 201-201] Setting up clock 'default' with a period of 4ns.
INFO: [HLS 200-435] Setting 'config_sdx -target' configuration: config_export -vivado_optimization_level=0
INFO: [HLS 200-435] Setting 'config_export -vivado_optimization_level' configuration: config_export -vivado_phys_opt=none
INFO: [HLS 200-435] Setting 'config_sdx -target' configuration: config_compile -pipeline_loops=64
INFO: [XFORM 203-1171] Pipeline the innermost loop with trip count more than 64 or its parent loop when its trip count is less than or equal 64.
INFO: [HLS 200-435] Setting 'config_sdx -target' configuration: config_compile -name_max_length=80
INFO: [XFORM 203-1161] The maximum of name length is set into 80.
INFO: [HLS 200-435] Setting 'config_sdx -target' configuration: config_schedule -enable_dsp_full_reg=1
INFO: [HLS 200-435] Setting 'config_sdx -target' configuration: config_rtl -register_reset_num=3
INFO: [HLS 200-435] Setting 'config_sdx -target' configuration: config_rtl -module_auto_prefix=1
INFO: [HLS 200-435] Setting 'config_sdx -target' configuration: config_interface -m_axi_addr64=1
INFO: [HLS 200-435] Setting 'config_sdx -target' configuration: set_clock_uncertainty 27%
INFO: [SYN 201-201] Setting up clock 'default' with an uncertainty of 1.08ns.
INFO: [SYN 201-201] Setting up clock 'default' with an uncertainty of 1.08ns.
INFO: [SCHED 204-61] Option 'relax_ii_for_timing' is enabled, will increase II to preserve clock frequency constraints.
INFO: [HLS 200-10] Analyzing design file '/home/centos/clockwork/soda_codes/hr18_1_opt/soda_code/hr18_1_opt_kernel.cpp' ... 
INFO: [HLS 200-111] Finished Linking Time (s): cpu = 00:00:11 ; elapsed = 00:00:12 . Memory (MB): peak = 983.102 ; gain = 463.160 ; free physical = 61839 ; free virtual = 83179
INFO: [HLS 200-111] Finished Checking Pragmas Time (s): cpu = 00:00:11 ; elapsed = 00:00:12 . Memory (MB): peak = 983.102 ; gain = 463.160 ; free physical = 61839 ; free virtual = 83179
INFO: [HLS 200-10] Starting code transformations ...
INFO: [XFORM 203-603] Inlining function 'WriteData<ap_uint<16> >' into 'Module18Func' (/home/centos/clockwork/soda_codes/hr18_1_opt/soda_code/hr18_1_opt_kernel.cpp:601).
INFO: [XFORM 203-603] Inlining function 'WriteData<ap_uint<16> >' into 'BurstRead' (/home/centos/clockwork/soda_codes/hr18_1_opt/soda_code/hr18_1_opt_kernel.cpp:64).
INFO: [XFORM 203-603] Inlining function 'ReadData<ap_uint<16> >' into 'Module0Func' (/home/centos/clockwork/soda_codes/hr18_1_opt/soda_code/hr18_1_opt_kernel.cpp:92).
INFO: [XFORM 203-603] Inlining function 'ReadData<ap_uint<16> >' into 'BurstWrite' (/home/centos/clockwork/soda_codes/hr18_1_opt/soda_code/hr18_1_opt_kernel.cpp:75).
INFO: [XFORM 203-603] Inlining function 'WriteData<unsigned short>' into 'Module17Func' (/home/centos/clockwork/soda_codes/hr18_1_opt/soda_code/hr18_1_opt_kernel.cpp:579).
INFO: [XFORM 203-603] Inlining function 'WriteData<unsigned short>' into 'Module16Func' (/home/centos/clockwork/soda_codes/hr18_1_opt/soda_code/hr18_1_opt_kernel.cpp:555).
INFO: [XFORM 203-603] Inlining function 'WriteData<unsigned short>' into 'Module15Func' (/home/centos/clockwork/soda_codes/hr18_1_opt/soda_code/hr18_1_opt_kernel.cpp:531).
INFO: [XFORM 203-603] Inlining function 'WriteData<unsigned short>' into 'Module14Func' (/home/centos/clockwork/soda_codes/hr18_1_opt/soda_code/hr18_1_opt_kernel.cpp:503).
INFO: [XFORM 203-603] Inlining function 'WriteData<unsigned short>' into 'Module13Func' (/home/centos/clockwork/soda_codes/hr18_1_opt/soda_code/hr18_1_opt_kernel.cpp:483).
INFO: [XFORM 203-603] Inlining function 'WriteData<unsigned short>' into 'Module12Func' (/home/centos/clockwork/soda_codes/hr18_1_opt/soda_code/hr18_1_opt_kernel.cpp:429).
INFO: [XFORM 203-603] Inlining function 'WriteData<unsigned short>' into 'Module11Func' (/home/centos/clockwork/soda_codes/hr18_1_opt/soda_code/hr18_1_opt_kernel.cpp:404).
INFO: [XFORM 203-603] Inlining function 'WriteData<unsigned short>' into 'Module10Func' (/home/centos/clockwork/soda_codes/hr18_1_opt/soda_code/hr18_1_opt_kernel.cpp:380).
INFO: [XFORM 203-603] Inlining function 'WriteData<unsigned short>' into 'Module9Func' (/home/centos/clockwork/soda_codes/hr18_1_opt/soda_code/hr18_1_opt_kernel.cpp:360).
INFO: [XFORM 203-603] Inlining function 'WriteData<unsigned short>' into 'Module9Func' (/home/centos/clockwork/soda_codes/hr18_1_opt/soda_code/hr18_1_opt_kernel.cpp:359).
INFO: [XFORM 203-603] Inlining function 'WriteData<unsigned short>' into 'Module8Func' (/home/centos/clockwork/soda_codes/hr18_1_opt/soda_code/hr18_1_opt_kernel.cpp:337).
INFO: [XFORM 203-603] Inlining function 'WriteData<unsigned short>' into 'Module7Func' (/home/centos/clockwork/soda_codes/hr18_1_opt/soda_code/hr18_1_opt_kernel.cpp:295).
INFO: [XFORM 203-603] Inlining function 'WriteData<unsigned short>' into 'Module7Func' (/home/centos/clockwork/soda_codes/hr18_1_opt/soda_code/hr18_1_opt_kernel.cpp:294).
INFO: [XFORM 203-603] Inlining function 'WriteData<unsigned short>' into 'Module7Func' (/home/centos/clockwork/soda_codes/hr18_1_opt/soda_code/hr18_1_opt_kernel.cpp:293).
INFO: [XFORM 203-603] Inlining function 'WriteData<unsigned short>' into 'Module6Func' (/home/centos/clockwork/soda_codes/hr18_1_opt/soda_code/hr18_1_opt_kernel.cpp:262).
INFO: [XFORM 203-603] Inlining function 'WriteData<unsigned short>' into 'Module6Func' (/home/centos/clockwork/soda_codes/hr18_1_opt/soda_code/hr18_1_opt_kernel.cpp:261).
INFO: [XFORM 203-603] Inlining function 'WriteData<unsigned short>' into 'Module5Func' (/home/centos/clockwork/soda_codes/hr18_1_opt/soda_code/hr18_1_opt_kernel.cpp:232).
INFO: [XFORM 203-603] Inlining function 'WriteData<unsigned short>' into 'Module5Func' (/home/centos/clockwork/soda_codes/hr18_1_opt/soda_code/hr18_1_opt_kernel.cpp:231).
INFO: [XFORM 203-603] Inlining function 'WriteData<unsigned short>' into 'Module4Func' (/home/centos/clockwork/soda_codes/hr18_1_opt/soda_code/hr18_1_opt_kernel.cpp:202).
INFO: [XFORM 203-603] Inlining function 'WriteData<unsigned short>' into 'Module4Func' (/home/centos/clockwork/soda_codes/hr18_1_opt/soda_code/hr18_1_opt_kernel.cpp:201).
INFO: [XFORM 203-603] Inlining function 'WriteData<unsigned short>' into 'Module4Func' (/home/centos/clockwork/soda_codes/hr18_1_opt/soda_code/hr18_1_opt_kernel.cpp:200).
INFO: [XFORM 203-603] Inlining function 'WriteData<unsigned short>' into 'Module3Func' (/home/centos/clockwork/soda_codes/hr18_1_opt/soda_code/hr18_1_opt_kernel.cpp:169).
INFO: [XFORM 203-603] Inlining function 'WriteData<unsigned short>' into 'Module3Func' (/home/centos/clockwork/soda_codes/hr18_1_opt/soda_code/hr18_1_opt_kernel.cpp:168).
INFO: [XFORM 203-603] Inlining function 'WriteData<unsigned short>' into 'Module2Func' (/home/centos/clockwork/soda_codes/hr18_1_opt/soda_code/hr18_1_opt_kernel.cpp:141).
INFO: [XFORM 203-603] Inlining function 'WriteData<unsigned short>' into 'Module2Func' (/home/centos/clockwork/soda_codes/hr18_1_opt/soda_code/hr18_1_opt_kernel.cpp:140).
INFO: [XFORM 203-603] Inlining function 'WriteData<unsigned short>' into 'Module2Func' (/home/centos/clockwork/soda_codes/hr18_1_opt/soda_code/hr18_1_opt_kernel.cpp:139).
INFO: [XFORM 203-603] Inlining function 'WriteData<unsigned short>' into 'Module1Func' (/home/centos/clockwork/soda_codes/hr18_1_opt/soda_code/hr18_1_opt_kernel.cpp:115).
INFO: [XFORM 203-603] Inlining function 'WriteData<unsigned short>' into 'Module0Func' (/home/centos/clockwork/soda_codes/hr18_1_opt/soda_code/hr18_1_opt_kernel.cpp:95).
INFO: [XFORM 203-603] Inlining function 'ReadData<unsigned short>' into 'Module18Func' (/home/centos/clockwork/soda_codes/hr18_1_opt/soda_code/hr18_1_opt_kernel.cpp:597).
INFO: [XFORM 203-603] Inlining function 'ReadData<unsigned short>' into 'Module17Func' (/home/centos/clockwork/soda_codes/hr18_1_opt/soda_code/hr18_1_opt_kernel.cpp:576).
INFO: [XFORM 203-603] Inlining function 'ReadData<unsigned short>' into 'Module17Func' (/home/centos/clockwork/soda_codes/hr18_1_opt/soda_code/hr18_1_opt_kernel.cpp:575).
INFO: [XFORM 203-603] Inlining function 'ReadData<unsigned short>' into 'Module16Func' (/home/centos/clockwork/soda_codes/hr18_1_opt/soda_code/hr18_1_opt_kernel.cpp:552).
INFO: [XFORM 203-603] Inlining function 'ReadData<unsigned short>' into 'Module16Func' (/home/centos/clockwork/soda_codes/hr18_1_opt/soda_code/hr18_1_opt_kernel.cpp:551).
INFO: [XFORM 203-603] Inlining function 'ReadData<unsigned short>' into 'Module15Func' (/home/centos/clockwork/soda_codes/hr18_1_opt/soda_code/hr18_1_opt_kernel.cpp:528).
INFO: [XFORM 203-603] Inlining function 'ReadData<unsigned short>' into 'Module15Func' (/home/centos/clockwork/soda_codes/hr18_1_opt/soda_code/hr18_1_opt_kernel.cpp:527).
INFO: [XFORM 203-603] Inlining function 'ReadData<unsigned short>' into 'Module15Func' (/home/centos/clockwork/soda_codes/hr18_1_opt/soda_code/hr18_1_opt_kernel.cpp:526).
INFO: [XFORM 203-603] Inlining function 'ReadData<unsigned short>' into 'Module14Func' (/home/centos/clockwork/soda_codes/hr18_1_opt/soda_code/hr18_1_opt_kernel.cpp:500).
INFO: [XFORM 203-603] Inlining function 'ReadData<unsigned short>' into 'Module13Func' (/home/centos/clockwork/soda_codes/hr18_1_opt/soda_code/hr18_1_opt_kernel.cpp:480).
INFO: [XFORM 203-603] Inlining function 'ReadData<unsigned short>' into 'Module13Func' (/home/centos/clockwork/soda_codes/hr18_1_opt/soda_code/hr18_1_opt_kernel.cpp:479).
INFO: [XFORM 203-603] Inlining function 'ReadData<unsigned short>' into 'Module13Func' (/home/centos/clockwork/soda_codes/hr18_1_opt/soda_code/hr18_1_opt_kernel.cpp:478).
INFO: [XFORM 203-603] Inlining function 'ReadData<unsigned short>' into 'Module13Func' (/home/centos/clockwork/soda_codes/hr18_1_opt/soda_code/hr18_1_opt_kernel.cpp:477).
INFO: [XFORM 203-603] Inlining function 'ReadData<unsigned short>' into 'Module13Func' (/home/centos/clockwork/soda_codes/hr18_1_opt/soda_code/hr18_1_opt_kernel.cpp:476).
INFO: [XFORM 203-603] Inlining function 'ReadData<unsigned short>' into 'Module13Func' (/home/centos/clockwork/soda_codes/hr18_1_opt/soda_code/hr18_1_opt_kernel.cpp:475).
INFO: [XFORM 203-603] Inlining function 'ReadData<unsigned short>' into 'Module13Func' (/home/centos/clockwork/soda_codes/hr18_1_opt/soda_code/hr18_1_opt_kernel.cpp:474).
INFO: [XFORM 203-603] Inlining function 'ReadData<unsigned short>' into 'Module13Func' (/home/centos/clockwork/soda_codes/hr18_1_opt/soda_code/hr18_1_opt_kernel.cpp:473).
INFO: [XFORM 203-603] Inlining function 'ReadData<unsigned short>' into 'Module13Func' (/home/centos/clockwork/soda_codes/hr18_1_opt/soda_code/hr18_1_opt_kernel.cpp:472).
INFO: [XFORM 203-603] Inlining function 'ReadData<unsigned short>' into 'Module12Func' (/home/centos/clockwork/soda_codes/hr18_1_opt/soda_code/hr18_1_opt_kernel.cpp:424).
INFO: [XFORM 203-603] Inlining function 'ReadData<unsigned short>' into 'Module11Func' (/home/centos/clockwork/soda_codes/hr18_1_opt/soda_code/hr18_1_opt_kernel.cpp:401).
INFO: [XFORM 203-603] Inlining function 'ReadData<unsigned short>' into 'Module11Func' (/home/centos/clockwork/soda_codes/hr18_1_opt/soda_code/hr18_1_opt_kernel.cpp:400).
INFO: [XFORM 203-603] Inlining function 'ReadData<unsigned short>' into 'Module10Func' (/home/centos/clockwork/soda_codes/hr18_1_opt/soda_code/hr18_1_opt_kernel.cpp:377).
INFO: [XFORM 203-603] Inlining function 'ReadData<unsigned short>' into 'Module9Func' (/home/centos/clockwork/soda_codes/hr18_1_opt/soda_code/hr18_1_opt_kernel.cpp:356).
INFO: [XFORM 203-603] Inlining function 'ReadData<unsigned short>' into 'Module8Func' (/home/centos/clockwork/soda_codes/hr18_1_opt/soda_code/hr18_1_opt_kernel.cpp:334).
INFO: [XFORM 203-603] Inlining function 'ReadData<unsigned short>' into 'Module8Func' (/home/centos/clockwork/soda_codes/hr18_1_opt/soda_code/hr18_1_opt_kernel.cpp:333).
INFO: [XFORM 203-603] Inlining function 'ReadData<unsigned short>' into 'Module8Func' (/home/centos/clockwork/soda_codes/hr18_1_opt/soda_code/hr18_1_opt_kernel.cpp:332).
INFO: [XFORM 203-603] Inlining function 'ReadData<unsigned short>' into 'Module8Func' (/home/centos/clockwork/soda_codes/hr18_1_opt/soda_code/hr18_1_opt_kernel.cpp:331).
INFO: [XFORM 203-603] Inlining function 'ReadData<unsigned short>' into 'Module8Func' (/home/centos/clockwork/soda_codes/hr18_1_opt/soda_code/hr18_1_opt_kernel.cpp:330).
INFO: [XFORM 203-603] Inlining function 'ReadData<unsigned short>' into 'Module8Func' (/home/centos/clockwork/soda_codes/hr18_1_opt/soda_code/hr18_1_opt_kernel.cpp:329).
INFO: [XFORM 203-603] Inlining function 'ReadData<unsigned short>' into 'Module7Func' (/home/centos/clockwork/soda_codes/hr18_1_opt/soda_code/hr18_1_opt_kernel.cpp:288).
INFO: [XFORM 203-603] Inlining function 'ReadData<unsigned short>' into 'Module6Func' (/home/centos/clockwork/soda_codes/hr18_1_opt/soda_code/hr18_1_opt_kernel.cpp:256).
INFO: [XFORM 203-603] Inlining function 'ReadData<unsigned short>' into 'Module5Func' (/home/centos/clockwork/soda_codes/hr18_1_opt/soda_code/hr18_1_opt_kernel.cpp:226).
INFO: [XFORM 203-603] Inlining function 'ReadData<unsigned short>' into 'Module4Func' (/home/centos/clockwork/soda_codes/hr18_1_opt/soda_code/hr18_1_opt_kernel.cpp:195).
INFO: [XFORM 203-603] Inlining function 'ReadData<unsigned short>' into 'Module3Func' (/home/centos/clockwork/soda_codes/hr18_1_opt/soda_code/hr18_1_opt_kernel.cpp:163).
INFO: [XFORM 203-603] Inlining function 'ReadData<unsigned short>' into 'Module2Func' (/home/centos/clockwork/soda_codes/hr18_1_opt/soda_code/hr18_1_opt_kernel.cpp:136).
INFO: [XFORM 203-603] Inlining function 'ReadData<unsigned short>' into 'Module1Func' (/home/centos/clockwork/soda_codes/hr18_1_opt/soda_code/hr18_1_opt_kernel.cpp:112).
INFO: [HLS 200-111] Finished Standard Transforms Time (s): cpu = 00:00:12 ; elapsed = 00:00:14 . Memory (MB): peak = 983.102 ; gain = 463.160 ; free physical = 61836 ; free virtual = 83177
INFO: [HLS 200-10] Checking synthesizability ...
INFO: [XFORM 203-602] Inlining function 'Reinterpret<unsigned short, ap_uint<16> >' into 'Module0Func' (/home/centos/clockwork/soda_codes/hr18_1_opt/soda_code/hr18_1_opt_kernel.cpp:95) automatically.
INFO: [XFORM 203-602] Inlining function 'Reinterpret<ap_uint<16>, unsigned short>' into 'Module18Func' (/home/centos/clockwork/soda_codes/hr18_1_opt/soda_code/hr18_1_opt_kernel.cpp:600) automatically.
INFO: [HLS 200-111] Finished Checking Synthesizability Time (s): cpu = 00:00:13 ; elapsed = 00:00:14 . Memory (MB): peak = 983.102 ; gain = 463.160 ; free physical = 61832 ; free virtual = 83174
WARNING: [XFORM 203-1102] Ignored multiple data pack pragma for variable 'bank_0_img_oc_buf.V' (/home/centos/clockwork/soda_codes/hr18_1_opt/soda_code/hr18_1_opt_kernel.cpp:621).
INFO: [XFORM 203-1101] Packing variable 'bank_0_img_oc_buf.V' (/home/centos/clockwork/soda_codes/hr18_1_opt/soda_code/hr18_1_opt_kernel.cpp:621) into a 17-bit variable.
WARNING: [XFORM 203-1102] Ignored multiple data pack pragma for variable 'bank_0_hr18_1_buf.V' (/home/centos/clockwork/soda_codes/hr18_1_opt/soda_code/hr18_1_opt_kernel.cpp:624).
INFO: [XFORM 203-1101] Packing variable 'bank_0_hr18_1_buf.V' (/home/centos/clockwork/soda_codes/hr18_1_opt/soda_code/hr18_1_opt_kernel.cpp:624) into a 17-bit variable.
WARNING: [XFORM 203-1102] Ignored multiple data pack pragma for variable 'from_super_source_to_img_oc_offset_0.V' (/home/centos/clockwork/soda_codes/hr18_1_opt/soda_code/hr18_1_opt_kernel.cpp:628).
INFO: [XFORM 203-1101] Packing variable 'from_super_source_to_img_oc_offset_0.V' (/home/centos/clockwork/soda_codes/hr18_1_opt/soda_code/hr18_1_opt_kernel.cpp:628) into a 17-bit variable.
WARNING: [XFORM 203-1102] Ignored multiple data pack pragma for variable 'from_img_oc_offset_0_to_img_pe_0.V' (/home/centos/clockwork/soda_codes/hr18_1_opt/soda_code/hr18_1_opt_kernel.cpp:631).
INFO: [XFORM 203-1101] Packing variable 'from_img_oc_offset_0_to_img_pe_0.V' (/home/centos/clockwork/soda_codes/hr18_1_opt/soda_code/hr18_1_opt_kernel.cpp:631) into a 17-bit variable.
WARNING: [XFORM 203-1102] Ignored multiple data pack pragma for variable 'from_img_pe_0_to_img_offset_0.V' (/home/centos/clockwork/soda_codes/hr18_1_opt/soda_code/hr18_1_opt_kernel.cpp:634).
INFO: [XFORM 203-1101] Packing variable 'from_img_pe_0_to_img_offset_0.V' (/home/centos/clockwork/soda_codes/hr18_1_opt/soda_code/hr18_1_opt_kernel.cpp:634) into a 17-bit variable.
WARNING: [XFORM 203-1102] Ignored multiple data pack pragma for variable 'from_img_offset_0_to_img_offset_1.V' (/home/centos/clockwork/soda_codes/hr18_1_opt/soda_code/hr18_1_opt_kernel.cpp:637).
INFO: [XFORM 203-1101] Packing variable 'from_img_offset_0_to_img_offset_1.V' (/home/centos/clockwork/soda_codes/hr18_1_opt/soda_code/hr18_1_opt_kernel.cpp:637) into a 17-bit variable.
WARNING: [XFORM 203-1102] Ignored multiple data pack pragma for variable 'from_img_offset_0_to_grad_y_pe_0.V' (/home/centos/clockwork/soda_codes/hr18_1_opt/soda_code/hr18_1_opt_kernel.cpp:640).
INFO: [XFORM 203-1101] Packing variable 'from_img_offset_0_to_grad_y_pe_0.V' (/home/centos/clockwork/soda_codes/hr18_1_opt/soda_code/hr18_1_opt_kernel.cpp:640) into a 17-bit variable.
WARNING: [XFORM 203-1102] Ignored multiple data pack pragma for variable 'from_img_offset_0_to_grad_x_pe_0.V' (/home/centos/clockwork/soda_codes/hr18_1_opt/soda_code/hr18_1_opt_kernel.cpp:643).
INFO: [XFORM 203-1101] Packing variable 'from_img_offset_0_to_grad_x_pe_0.V' (/home/centos/clockwork/soda_codes/hr18_1_opt/soda_code/hr18_1_opt_kernel.cpp:643) into a 17-bit variable.
WARNING: [XFORM 203-1102] Ignored multiple data pack pragma for variable 'from_img_offset_1_to_img_offset_2.V' (/home/centos/clockwork/soda_codes/hr18_1_opt/soda_code/hr18_1_opt_kernel.cpp:646).
INFO: [XFORM 203-1101] Packing variable 'from_img_offset_1_to_img_offset_2.V' (/home/centos/clockwork/soda_codes/hr18_1_opt/soda_code/hr18_1_opt_kernel.cpp:646) into a 17-bit variable.
WARNING: [XFORM 203-1102] Ignored multiple data pack pragma for variable 'from_img_offset_1_to_grad_y_pe_0.V' (/home/centos/clockwork/soda_codes/hr18_1_opt/soda_code/hr18_1_opt_kernel.cpp:649).
INFO: [XFORM 203-1101] Packing variable 'from_img_offset_1_to_grad_y_pe_0.V' (/home/centos/clockwork/soda_codes/hr18_1_opt/soda_code/hr18_1_opt_kernel.cpp:649) into a 17-bit variable.
WARNING: [XFORM 203-1102] Ignored multiple data pack pragma for variable 'from_img_offset_2_to_img_offset_1924.V' (/home/centos/clockwork/soda_codes/hr18_1_opt/soda_code/hr18_1_opt_kernel.cpp:652).
INFO: [XFORM 203-1101] Packing variable 'from_img_offset_2_to_img_offset_1924.V' (/home/centos/clockwork/soda_codes/hr18_1_opt/soda_code/hr18_1_opt_kernel.cpp:652) into a 17-bit variable.
WARNING: [XFORM 203-1102] Ignored multiple data pack pragma for variable 'from_img_offset_2_to_grad_y_pe_0.V' (/home/centos/clockwork/soda_codes/hr18_1_opt/soda_code/hr18_1_opt_kernel.cpp:655).
INFO: [XFORM 203-1101] Packing variable 'from_img_offset_2_to_grad_y_pe_0.V' (/home/centos/clockwork/soda_codes/hr18_1_opt/soda_code/hr18_1_opt_kernel.cpp:655) into a 17-bit variable.
WARNING: [XFORM 203-1102] Ignored multiple data pack pragma for variable 'from_img_offset_2_to_grad_x_pe_0.V' (/home/centos/clockwork/soda_codes/hr18_1_opt/soda_code/hr18_1_opt_kernel.cpp:658).
INFO: [XFORM 203-1101] Packing variable 'from_img_offset_2_to_grad_x_pe_0.V' (/home/centos/clockwork/soda_codes/hr18_1_opt/soda_code/hr18_1_opt_kernel.cpp:658) into a 17-bit variable.
WARNING: [XFORM 203-1102] Ignored multiple data pack pragma for variable 'from_img_offset_1924_to_img_offset_1926.V' (/home/centos/clockwork/soda_codes/hr18_1_opt/soda_code/hr18_1_opt_kernel.cpp:661).
INFO: [XFORM 203-1101] Packing variable 'from_img_offset_1924_to_img_offset_1926.V' (/home/centos/clockwork/soda_codes/hr18_1_opt/soda_code/hr18_1_opt_kernel.cpp:661) into a 17-bit variable.
WARNING: [XFORM 203-1102] Ignored multiple data pack pragma for variable 'from_img_offset_1924_to_grad_x_pe_0.V' (/home/centos/clockwork/soda_codes/hr18_1_opt/soda_code/hr18_1_opt_kernel.cpp:664).
INFO: [XFORM 203-1101] Packing variable 'from_img_offset_1924_to_grad_x_pe_0.V' (/home/centos/clockwork/soda_codes/hr18_1_opt/soda_code/hr18_1_opt_kernel.cpp:664) into a 17-bit variable.
WARNING: [XFORM 203-1102] Ignored multiple data pack pragma for variable 'from_img_offset_1926_to_img_offset_3848.V' (/home/centos/clockwork/soda_codes/hr18_1_opt/soda_code/hr18_1_opt_kernel.cpp:667).
INFO: [XFORM 203-1101] Packing variable 'from_img_offset_1926_to_img_offset_3848.V' (/home/centos/clockwork/soda_codes/hr18_1_opt/soda_code/hr18_1_opt_kernel.cpp:667) into a 17-bit variable.
WARNING: [XFORM 203-1102] Ignored multiple data pack pragma for variable 'from_img_offset_1926_to_grad_x_pe_0.V' (/home/centos/clockwork/soda_codes/hr18_1_opt/soda_code/hr18_1_opt_kernel.cpp:670).
INFO: [XFORM 203-1101] Packing variable 'from_img_offset_1926_to_grad_x_pe_0.V' (/home/centos/clockwork/soda_codes/hr18_1_opt/soda_code/hr18_1_opt_kernel.cpp:670) into a 17-bit variable.
WARNING: [XFORM 203-1102] Ignored multiple data pack pragma for variable 'from_img_offset_3848_to_img_offset_3849.V' (/home/centos/clockwork/soda_codes/hr18_1_opt/soda_code/hr18_1_opt_kernel.cpp:673).
INFO: [XFORM 203-1101] Packing variable 'from_img_offset_3848_to_img_offset_3849.V' (/home/centos/clockwork/soda_codes/hr18_1_opt/soda_code/hr18_1_opt_kernel.cpp:673) into a 17-bit variable.
WARNING: [XFORM 203-1102] Ignored multiple data pack pragma for variable 'from_img_offset_3848_to_grad_y_pe_0.V' (/home/centos/clockwork/soda_codes/hr18_1_opt/soda_code/hr18_1_opt_kernel.cpp:676).
INFO: [XFORM 203-1101] Packing variable 'from_img_offset_3848_to_grad_y_pe_0.V' (/home/centos/clockwork/soda_codes/hr18_1_opt/soda_code/hr18_1_opt_kernel.cpp:676) into a 17-bit variable.
WARNING: [XFORM 203-1102] Ignored multiple data pack pragma for variable 'from_img_offset_3848_to_grad_x_pe_0.V' (/home/centos/clockwork/soda_codes/hr18_1_opt/soda_code/hr18_1_opt_kernel.cpp:679).
INFO: [XFORM 203-1101] Packing variable 'from_img_offset_3848_to_grad_x_pe_0.V' (/home/centos/clockwork/soda_codes/hr18_1_opt/soda_code/hr18_1_opt_kernel.cpp:679) into a 17-bit variable.
WARNING: [XFORM 203-1102] Ignored multiple data pack pragma for variable 'from_img_offset_3849_to_img_offset_3850.V' (/home/centos/clockwork/soda_codes/hr18_1_opt/soda_code/hr18_1_opt_kernel.cpp:682).
INFO: [XFORM 203-1101] Packing variable 'from_img_offset_3849_to_img_offset_3850.V' (/home/centos/clockwork/soda_codes/hr18_1_opt/soda_code/hr18_1_opt_kernel.cpp:682) into a 17-bit variable.
WARNING: [XFORM 203-1102] Ignored multiple data pack pragma for variable 'from_img_offset_3849_to_grad_y_pe_0.V' (/home/centos/clockwork/soda_codes/hr18_1_opt/soda_code/hr18_1_opt_kernel.cpp:685).
INFO: [XFORM 203-1101] Packing variable 'from_img_offset_3849_to_grad_y_pe_0.V' (/home/centos/clockwork/soda_codes/hr18_1_opt/soda_code/hr18_1_opt_kernel.cpp:685) into a 17-bit variable.
WARNING: [XFORM 203-1102] Ignored multiple data pack pragma for variable 'from_img_offset_3850_to_grad_y_pe_0.V' (/home/centos/clockwork/soda_codes/hr18_1_opt/soda_code/hr18_1_opt_kernel.cpp:688).
INFO: [XFORM 203-1101] Packing variable 'from_img_offset_3850_to_grad_y_pe_0.V' (/home/centos/clockwork/soda_codes/hr18_1_opt/soda_code/hr18_1_opt_kernel.cpp:688) into a 17-bit variable.
WARNING: [XFORM 203-1102] Ignored multiple data pack pragma for variable 'from_img_offset_3850_to_grad_x_pe_0.V' (/home/centos/clockwork/soda_codes/hr18_1_opt/soda_code/hr18_1_opt_kernel.cpp:691).
INFO: [XFORM 203-1101] Packing variable 'from_img_offset_3850_to_grad_x_pe_0.V' (/home/centos/clockwork/soda_codes/hr18_1_opt/soda_code/hr18_1_opt_kernel.cpp:691) into a 17-bit variable.
WARNING: [XFORM 203-1102] Ignored multiple data pack pragma for variable 'from_grad_y_pe_0_to_grad_y_offset_0.V' (/home/centos/clockwork/soda_codes/hr18_1_opt/soda_code/hr18_1_opt_kernel.cpp:694).
INFO: [XFORM 203-1101] Packing variable 'from_grad_y_pe_0_to_grad_y_offset_0.V' (/home/centos/clockwork/soda_codes/hr18_1_opt/soda_code/hr18_1_opt_kernel.cpp:694) into a 17-bit variable.
WARNING: [XFORM 203-1102] Ignored multiple data pack pragma for variable 'from_grad_x_pe_0_to_grad_x_offset_0.V' (/home/centos/clockwork/soda_codes/hr18_1_opt/soda_code/hr18_1_opt_kernel.cpp:697).
INFO: [XFORM 203-1101] Packing variable 'from_grad_x_pe_0_to_grad_x_offset_0.V' (/home/centos/clockwork/soda_codes/hr18_1_opt/soda_code/hr18_1_opt_kernel.cpp:697) into a 17-bit variable.
WARNING: [XFORM 203-1102] Ignored multiple data pack pragma for variable 'from_grad_y_offset_0_to_lyy_pe_0.V' (/home/centos/clockwork/soda_codes/hr18_1_opt/soda_code/hr18_1_opt_kernel.cpp:700).
INFO: [XFORM 203-1101] Packing variable 'from_grad_y_offset_0_to_lyy_pe_0.V' (/home/centos/clockwork/soda_codes/hr18_1_opt/soda_code/hr18_1_opt_kernel.cpp:700) into a 17-bit variable.
WARNING: [XFORM 203-1102] Ignored multiple data pack pragma for variable 'from_grad_y_offset_0_to_lxy_pe_0.V' (/home/centos/clockwork/soda_codes/hr18_1_opt/soda_code/hr18_1_opt_kernel.cpp:703).
INFO: [XFORM 203-1101] Packing variable 'from_grad_y_offset_0_to_lxy_pe_0.V' (/home/centos/clockwork/soda_codes/hr18_1_opt/soda_code/hr18_1_opt_kernel.cpp:703) into a 17-bit variable.
WARNING: [XFORM 203-1102] Ignored multiple data pack pragma for variable 'from_grad_x_offset_0_to_lxy_pe_0.V' (/home/centos/clockwork/soda_codes/hr18_1_opt/soda_code/hr18_1_opt_kernel.cpp:706).
INFO: [XFORM 203-1101] Packing variable 'from_grad_x_offset_0_to_lxy_pe_0.V' (/home/centos/clockwork/soda_codes/hr18_1_opt/soda_code/hr18_1_opt_kernel.cpp:706) into a 17-bit variable.
WARNING: [XFORM 203-1102] Ignored multiple data pack pragma for variable 'from_grad_x_offset_0_to_lxx_pe_0.V' (/home/centos/clockwork/soda_codes/hr18_1_opt/soda_code/hr18_1_opt_kernel.cpp:709).
INFO: [XFORM 203-1101] Packing variable 'from_grad_x_offset_0_to_lxx_pe_0.V' (/home/centos/clockwork/soda_codes/hr18_1_opt/soda_code/hr18_1_opt_kernel.cpp:709) into a 17-bit variable.
WARNING: [XFORM 203-1102] Ignored multiple data pack pragma for variable 'from_lyy_pe_0_to_lyy_offset_0.V' (/home/centos/clockwork/soda_codes/hr18_1_opt/soda_code/hr18_1_opt_kernel.cpp:712).
INFO: [XFORM 203-1101] Packing variable 'from_lyy_pe_0_to_lyy_offset_0.V' (/home/centos/clockwork/soda_codes/hr18_1_opt/soda_code/hr18_1_opt_kernel.cpp:712) into a 17-bit variable.
WARNING: [XFORM 203-1102] Ignored multiple data pack pragma for variable 'from_lxy_pe_0_to_lxy_offset_0.V' (/home/centos/clockwork/soda_codes/hr18_1_opt/soda_code/hr18_1_opt_kernel.cpp:715).
INFO: [XFORM 203-1101] Packing variable 'from_lxy_pe_0_to_lxy_offset_0.V' (/home/centos/clockwork/soda_codes/hr18_1_opt/soda_code/hr18_1_opt_kernel.cpp:715) into a 17-bit variable.
WARNING: [XFORM 203-1102] Ignored multiple data pack pragma for variable 'from_lxx_pe_0_to_lxx_offset_0.V' (/home/centos/clockwork/soda_codes/hr18_1_opt/soda_code/hr18_1_opt_kernel.cpp:718).
INFO: [XFORM 203-1101] Packing variable 'from_lxx_pe_0_to_lxx_offset_0.V' (/home/centos/clockwork/soda_codes/hr18_1_opt/soda_code/hr18_1_opt_kernel.cpp:718) into a 17-bit variable.
WARNING: [XFORM 203-1102] Ignored multiple data pack pragma for variable 'from_lyy_offset_0_to_lyy_offset_1.V' (/home/centos/clockwork/soda_codes/hr18_1_opt/soda_code/hr18_1_opt_kernel.cpp:721).
INFO: [XFORM 203-1101] Packing variable 'from_lyy_offset_0_to_lyy_offset_1.V' (/home/centos/clockwork/soda_codes/hr18_1_opt/soda_code/hr18_1_opt_kernel.cpp:721) into a 17-bit variable.
WARNING: [XFORM 203-1102] Ignored multiple data pack pragma for variable 'from_lyy_offset_0_to_lgyy_pe_0.V' (/home/centos/clockwork/soda_codes/hr18_1_opt/soda_code/hr18_1_opt_kernel.cpp:724).
INFO: [XFORM 203-1101] Packing variable 'from_lyy_offset_0_to_lgyy_pe_0.V' (/home/centos/clockwork/soda_codes/hr18_1_opt/soda_code/hr18_1_opt_kernel.cpp:724) into a 17-bit variable.
WARNING: [XFORM 203-1102] Ignored multiple data pack pragma for variable 'from_lxy_offset_0_to_lxy_offset_1.V' (/home/centos/clockwork/soda_codes/hr18_1_opt/soda_code/hr18_1_opt_kernel.cpp:727).
INFO: [XFORM 203-1101] Packing variable 'from_lxy_offset_0_to_lxy_offset_1.V' (/home/centos/clockwork/soda_codes/hr18_1_opt/soda_code/hr18_1_opt_kernel.cpp:727) into a 17-bit variable.
WARNING: [XFORM 203-1102] Ignored multiple data pack pragma for variable 'from_lxy_offset_0_to_lgxy_pe_0.V' (/home/centos/clockwork/soda_codes/hr18_1_opt/soda_code/hr18_1_opt_kernel.cpp:730).
INFO: [XFORM 203-1101] Packing variable 'from_lxy_offset_0_to_lgxy_pe_0.V' (/home/centos/clockwork/soda_codes/hr18_1_opt/soda_code/hr18_1_opt_kernel.cpp:730) into a 17-bit variable.
WARNING: [XFORM 203-1102] Ignored multiple data pack pragma for variable 'from_lxx_offset_0_to_lxx_offset_1.V' (/home/centos/clockwork/soda_codes/hr18_1_opt/soda_code/hr18_1_opt_kernel.cpp:733).
INFO: [XFORM 203-1101] Packing variable 'from_lxx_offset_0_to_lxx_offset_1.V' (/home/centos/clockwork/soda_codes/hr18_1_opt/soda_code/hr18_1_opt_kernel.cpp:733) into a 17-bit variable.
WARNING: [XFORM 203-1102] Ignored multiple data pack pragma for variable 'from_lxx_offset_0_to_lgxx_pe_0.V' (/home/centos/clockwork/soda_codes/hr18_1_opt/soda_code/hr18_1_opt_kernel.cpp:736).
INFO: [XFORM 203-1101] Packing variable 'from_lxx_offset_0_to_lgxx_pe_0.V' (/home/centos/clockwork/soda_codes/hr18_1_opt/soda_code/hr18_1_opt_kernel.cpp:736) into a 17-bit variable.
WARNING: [XFORM 203-1102] Ignored multiple data pack pragma for variable 'from_lyy_offset_1_to_lyy_offset_2.V' (/home/centos/clockwork/soda_codes/hr18_1_opt/soda_code/hr18_1_opt_kernel.cpp:739).
INFO: [XFORM 203-1101] Packing variable 'from_lyy_offset_1_to_lyy_offset_2.V' (/home/centos/clockwork/soda_codes/hr18_1_opt/soda_code/hr18_1_opt_kernel.cpp:739) into a 17-bit variable.
WARNING: [XFORM 203-1102] Ignored multiple data pack pragma for variable 'from_lyy_offset_1_to_lgyy_pe_0.V' (/home/centos/clockwork/soda_codes/hr18_1_opt/soda_code/hr18_1_opt_kernel.cpp:742).
INFO: [XFORM 203-1101] Packing variable 'from_lyy_offset_1_to_lgyy_pe_0.V' (/home/centos/clockwork/soda_codes/hr18_1_opt/soda_code/hr18_1_opt_kernel.cpp:742) into a 17-bit variable.
WARNING: [XFORM 203-1102] Ignored multiple data pack pragma for variable 'from_lxy_offset_1_to_lxy_offset_2.V' (/home/centos/clockwork/soda_codes/hr18_1_opt/soda_code/hr18_1_opt_kernel.cpp:745).
INFO: [XFORM 203-1101] Packing variable 'from_lxy_offset_1_to_lxy_offset_2.V' (/home/centos/clockwork/soda_codes/hr18_1_opt/soda_code/hr18_1_opt_kernel.cpp:745) into a 17-bit variable.
WARNING: [XFORM 203-1102] Ignored multiple data pack pragma for variable 'from_lxy_offset_1_to_lgxy_pe_0.V' (/home/centos/clockwork/soda_codes/hr18_1_opt/soda_code/hr18_1_opt_kernel.cpp:748).
INFO: [XFORM 203-1101] Packing variable 'from_lxy_offset_1_to_lgxy_pe_0.V' (/home/centos/clockwork/soda_codes/hr18_1_opt/soda_code/hr18_1_opt_kernel.cpp:748) into a 17-bit variable.
WARNING: [XFORM 203-1102] Ignored multiple data pack pragma for variable 'from_lxx_offset_1_to_lxx_offset_2.V' (/home/centos/clockwork/soda_codes/hr18_1_opt/soda_code/hr18_1_opt_kernel.cpp:751).
INFO: [XFORM 203-1101] Packing variable 'from_lxx_offset_1_to_lxx_offset_2.V' (/home/centos/clockwork/soda_codes/hr18_1_opt/soda_code/hr18_1_opt_kernel.cpp:751) into a 17-bit variable.
WARNING: [XFORM 203-1102] Ignored multiple data pack pragma for variable 'from_lxx_offset_1_to_lgxx_pe_0.V' (/home/centos/clockwork/soda_codes/hr18_1_opt/soda_code/hr18_1_opt_kernel.cpp:754).
INFO: [XFORM 203-1101] Packing variable 'from_lxx_offset_1_to_lgxx_pe_0.V' (/home/centos/clockwork/soda_codes/hr18_1_opt/soda_code/hr18_1_opt_kernel.cpp:754) into a 17-bit variable.
WARNING: [XFORM 203-1102] Ignored multiple data pack pragma for variable 'from_lyy_offset_2_to_lyy_offset_1924.V' (/home/centos/clockwork/soda_codes/hr18_1_opt/soda_code/hr18_1_opt_kernel.cpp:757).
INFO: [XFORM 203-1101] Packing variable 'from_lyy_offset_2_to_lyy_offset_1924.V' (/home/centos/clockwork/soda_codes/hr18_1_opt/soda_code/hr18_1_opt_kernel.cpp:757) into a 17-bit variable.
WARNING: [XFORM 203-1102] Ignored multiple data pack pragma for variable 'from_lyy_offset_2_to_lgyy_pe_0.V' (/home/centos/clockwork/soda_codes/hr18_1_opt/soda_code/hr18_1_opt_kernel.cpp:760).
INFO: [XFORM 203-1101] Packing variable 'from_lyy_offset_2_to_lgyy_pe_0.V' (/home/centos/clockwork/soda_codes/hr18_1_opt/soda_code/hr18_1_opt_kernel.cpp:760) into a 17-bit variable.
WARNING: [XFORM 203-1102] Ignored multiple data pack pragma for variable 'from_lxy_offset_2_to_lxy_offset_1924.V' (/home/centos/clockwork/soda_codes/hr18_1_opt/soda_code/hr18_1_opt_kernel.cpp:763).
INFO: [XFORM 203-1101] Packing variable 'from_lxy_offset_2_to_lxy_offset_1924.V' (/home/centos/clockwork/soda_codes/hr18_1_opt/soda_code/hr18_1_opt_kernel.cpp:763) into a 17-bit variable.
WARNING: [XFORM 203-1102] Ignored multiple data pack pragma for variable 'from_lxy_offset_2_to_lgxy_pe_0.V' (/home/centos/clockwork/soda_codes/hr18_1_opt/soda_code/hr18_1_opt_kernel.cpp:766).
INFO: [XFORM 203-1101] Packing variable 'from_lxy_offset_2_to_lgxy_pe_0.V' (/home/centos/clockwork/soda_codes/hr18_1_opt/soda_code/hr18_1_opt_kernel.cpp:766) into a 17-bit variable.
WARNING: [XFORM 203-1102] Ignored multiple data pack pragma for variable 'from_lxx_offset_2_to_lxx_offset_1924.V' (/home/centos/clockwork/soda_codes/hr18_1_opt/soda_code/hr18_1_opt_kernel.cpp:769).
INFO: [XFORM 203-1101] Packing variable 'from_lxx_offset_2_to_lxx_offset_1924.V' (/home/centos/clockwork/soda_codes/hr18_1_opt/soda_code/hr18_1_opt_kernel.cpp:769) into a 17-bit variable.
WARNING: [XFORM 203-1102] Ignored multiple data pack pragma for variable 'from_lxx_offset_2_to_lgxx_pe_0.V' (/home/centos/clockwork/soda_codes/hr18_1_opt/soda_code/hr18_1_opt_kernel.cpp:772).
INFO: [XFORM 203-1101] Packing variable 'from_lxx_offset_2_to_lgxx_pe_0.V' (/home/centos/clockwork/soda_codes/hr18_1_opt/soda_code/hr18_1_opt_kernel.cpp:772) into a 17-bit variable.
WARNING: [XFORM 203-1102] Ignored multiple data pack pragma for variable 'from_lyy_offset_1924_to_lyy_offset_1925.V' (/home/centos/clockwork/soda_codes/hr18_1_opt/soda_code/hr18_1_opt_kernel.cpp:775).
INFO: [XFORM 203-1101] Packing variable 'from_lyy_offset_1924_to_lyy_offset_1925.V' (/home/centos/clockwork/soda_codes/hr18_1_opt/soda_code/hr18_1_opt_kernel.cpp:775) into a 17-bit variable.
WARNING: [XFORM 203-1102] Ignored multiple data pack pragma for variable 'from_lyy_offset_1924_to_lgyy_pe_0.V' (/home/centos/clockwork/soda_codes/hr18_1_opt/soda_code/hr18_1_opt_kernel.cpp:778).
INFO: [XFORM 203-1101] Packing variable 'from_lyy_offset_1924_to_lgyy_pe_0.V' (/home/centos/clockwork/soda_codes/hr18_1_opt/soda_code/hr18_1_opt_kernel.cpp:778) into a 17-bit variable.
WARNING: [XFORM 203-1102] Ignored multiple data pack pragma for variable 'from_lxy_offset_1924_to_lxy_offset_1925.V' (/home/centos/clockwork/soda_codes/hr18_1_opt/soda_code/hr18_1_opt_kernel.cpp:781).
INFO: [XFORM 203-1101] Packing variable 'from_lxy_offset_1924_to_lxy_offset_1925.V' (/home/centos/clockwork/soda_codes/hr18_1_opt/soda_code/hr18_1_opt_kernel.cpp:781) into a 17-bit variable.
WARNING: [XFORM 203-1102] Ignored multiple data pack pragma for variable 'from_lxy_offset_1924_to_lgxy_pe_0.V' (/home/centos/clockwork/soda_codes/hr18_1_opt/soda_code/hr18_1_opt_kernel.cpp:784).
INFO: [XFORM 203-1101] Packing variable 'from_lxy_offset_1924_to_lgxy_pe_0.V' (/home/centos/clockwork/soda_codes/hr18_1_opt/soda_code/hr18_1_opt_kernel.cpp:784) into a 17-bit variable.
WARNING: [XFORM 203-1102] Ignored multiple data pack pragma for variable 'from_lxx_offset_1924_to_lxx_offset_1925.V' (/home/centos/clockwork/soda_codes/hr18_1_opt/soda_code/hr18_1_opt_kernel.cpp:787).
INFO: [XFORM 203-1101] Packing variable 'from_lxx_offset_1924_to_lxx_offset_1925.V' (/home/centos/clockwork/soda_codes/hr18_1_opt/soda_code/hr18_1_opt_kernel.cpp:787) into a 17-bit variable.
WARNING: [XFORM 203-1102] Ignored multiple data pack pragma for variable 'from_lxx_offset_1924_to_lgxx_pe_0.V' (/home/centos/clockwork/soda_codes/hr18_1_opt/soda_code/hr18_1_opt_kernel.cpp:790).
INFO: [XFORM 203-1101] Packing variable 'from_lxx_offset_1924_to_lgxx_pe_0.V' (/home/centos/clockwork/soda_codes/hr18_1_opt/soda_code/hr18_1_opt_kernel.cpp:790) into a 17-bit variable.
WARNING: [XFORM 203-1102] Ignored multiple data pack pragma for variable 'from_lyy_offset_1925_to_lyy_offset_1926.V' (/home/centos/clockwork/soda_codes/hr18_1_opt/soda_code/hr18_1_opt_kernel.cpp:793).
INFO: [XFORM 203-1101] Packing variable 'from_lyy_offset_1925_to_lyy_offset_1926.V' (/home/centos/clockwork/soda_codes/hr18_1_opt/soda_code/hr18_1_opt_kernel.cpp:793) into a 17-bit variable.
WARNING: [XFORM 203-1102] Ignored multiple data pack pragma for variable 'from_lyy_offset_1925_to_lgyy_pe_0.V' (/home/centos/clockwork/soda_codes/hr18_1_opt/soda_code/hr18_1_opt_kernel.cpp:796).
INFO: [XFORM 203-1101] Packing variable 'from_lyy_offset_1925_to_lgyy_pe_0.V' (/home/centos/clockwork/soda_codes/hr18_1_opt/soda_code/hr18_1_opt_kernel.cpp:796) into a 17-bit variable.
WARNING: [XFORM 203-1102] Ignored multiple data pack pragma for variable 'from_lxy_offset_1925_to_lxy_offset_1926.V' (/home/centos/clockwork/soda_codes/hr18_1_opt/soda_code/hr18_1_opt_kernel.cpp:799).
INFO: [XFORM 203-1101] Packing variable 'from_lxy_offset_1925_to_lxy_offset_1926.V' (/home/centos/clockwork/soda_codes/hr18_1_opt/soda_code/hr18_1_opt_kernel.cpp:799) into a 17-bit variable.
WARNING: [XFORM 203-1102] Ignored multiple data pack pragma for variable 'from_lxy_offset_1925_to_lgxy_pe_0.V' (/home/centos/clockwork/soda_codes/hr18_1_opt/soda_code/hr18_1_opt_kernel.cpp:802).
INFO: [XFORM 203-1101] Packing variable 'from_lxy_offset_1925_to_lgxy_pe_0.V' (/home/centos/clockwork/soda_codes/hr18_1_opt/soda_code/hr18_1_opt_kernel.cpp:802) into a 17-bit variable.
WARNING: [XFORM 203-1102] Ignored multiple data pack pragma for variable 'from_lxx_offset_1925_to_lxx_offset_1926.V' (/home/centos/clockwork/soda_codes/hr18_1_opt/soda_code/hr18_1_opt_kernel.cpp:805).
INFO: [XFORM 203-1101] Packing variable 'from_lxx_offset_1925_to_lxx_offset_1926.V' (/home/centos/clockwork/soda_codes/hr18_1_opt/soda_code/hr18_1_opt_kernel.cpp:805) into a 17-bit variable.
WARNING: [XFORM 203-1102] Ignored multiple data pack pragma for variable 'from_lxx_offset_1925_to_lgxx_pe_0.V' (/home/centos/clockwork/soda_codes/hr18_1_opt/soda_code/hr18_1_opt_kernel.cpp:808).
INFO: [XFORM 203-1101] Packing variable 'from_lxx_offset_1925_to_lgxx_pe_0.V' (/home/centos/clockwork/soda_codes/hr18_1_opt/soda_code/hr18_1_opt_kernel.cpp:808) into a 17-bit variable.
WARNING: [XFORM 203-1102] Ignored multiple data pack pragma for variable 'from_lyy_offset_1926_to_lyy_offset_3848.V' (/home/centos/clockwork/soda_codes/hr18_1_opt/soda_code/hr18_1_opt_kernel.cpp:811).
INFO: [XFORM 203-1101] Packing variable 'from_lyy_offset_1926_to_lyy_offset_3848.V' (/home/centos/clockwork/soda_codes/hr18_1_opt/soda_code/hr18_1_opt_kernel.cpp:811) into a 17-bit variable.
WARNING: [XFORM 203-1102] Ignored multiple data pack pragma for variable 'from_lyy_offset_1926_to_lgyy_pe_0.V' (/home/centos/clockwork/soda_codes/hr18_1_opt/soda_code/hr18_1_opt_kernel.cpp:814).
INFO: [XFORM 203-1101] Packing variable 'from_lyy_offset_1926_to_lgyy_pe_0.V' (/home/centos/clockwork/soda_codes/hr18_1_opt/soda_code/hr18_1_opt_kernel.cpp:814) into a 17-bit variable.
WARNING: [XFORM 203-1102] Ignored multiple data pack pragma for variable 'from_lxy_offset_1926_to_lxy_offset_3848.V' (/home/centos/clockwork/soda_codes/hr18_1_opt/soda_code/hr18_1_opt_kernel.cpp:817).
INFO: [XFORM 203-1101] Packing variable 'from_lxy_offset_1926_to_lxy_offset_3848.V' (/home/centos/clockwork/soda_codes/hr18_1_opt/soda_code/hr18_1_opt_kernel.cpp:817) into a 17-bit variable.
WARNING: [XFORM 203-1102] Ignored multiple data pack pragma for variable 'from_lxy_offset_1926_to_lgxy_pe_0.V' (/home/centos/clockwork/soda_codes/hr18_1_opt/soda_code/hr18_1_opt_kernel.cpp:820).
INFO: [XFORM 203-1101] Packing variable 'from_lxy_offset_1926_to_lgxy_pe_0.V' (/home/centos/clockwork/soda_codes/hr18_1_opt/soda_code/hr18_1_opt_kernel.cpp:820) into a 17-bit variable.
WARNING: [XFORM 203-1102] Ignored multiple data pack pragma for variable 'from_lxx_offset_1926_to_lxx_offset_3848.V' (/home/centos/clockwork/soda_codes/hr18_1_opt/soda_code/hr18_1_opt_kernel.cpp:823).
INFO: [XFORM 203-1101] Packing variable 'from_lxx_offset_1926_to_lxx_offset_3848.V' (/home/centos/clockwork/soda_codes/hr18_1_opt/soda_code/hr18_1_opt_kernel.cpp:823) into a 17-bit variable.
WARNING: [XFORM 203-1102] Ignored multiple data pack pragma for variable 'from_lxx_offset_1926_to_lgxx_pe_0.V' (/home/centos/clockwork/soda_codes/hr18_1_opt/soda_code/hr18_1_opt_kernel.cpp:826).
INFO: [XFORM 203-1101] Packing variable 'from_lxx_offset_1926_to_lgxx_pe_0.V' (/home/centos/clockwork/soda_codes/hr18_1_opt/soda_code/hr18_1_opt_kernel.cpp:826) into a 17-bit variable.
WARNING: [XFORM 203-1102] Ignored multiple data pack pragma for variable 'from_lyy_offset_3848_to_lyy_offset_3849.V' (/home/centos/clockwork/soda_codes/hr18_1_opt/soda_code/hr18_1_opt_kernel.cpp:829).
INFO: [XFORM 203-1101] Packing variable 'from_lyy_offset_3848_to_lyy_offset_3849.V' (/home/centos/clockwork/soda_codes/hr18_1_opt/soda_code/hr18_1_opt_kernel.cpp:829) into a 17-bit variable.
WARNING: [XFORM 203-1102] Ignored multiple data pack pragma for variable 'from_lyy_offset_3848_to_lgyy_pe_0.V' (/home/centos/clockwork/soda_codes/hr18_1_opt/soda_code/hr18_1_opt_kernel.cpp:832).
INFO: [XFORM 203-1101] Packing variable 'from_lyy_offset_3848_to_lgyy_pe_0.V' (/home/centos/clockwork/soda_codes/hr18_1_opt/soda_code/hr18_1_opt_kernel.cpp:832) into a 17-bit variable.
WARNING: [XFORM 203-1102] Ignored multiple data pack pragma for variable 'from_lxy_offset_3848_to_lxy_offset_3849.V' (/home/centos/clockwork/soda_codes/hr18_1_opt/soda_code/hr18_1_opt_kernel.cpp:835).
INFO: [XFORM 203-1101] Packing variable 'from_lxy_offset_3848_to_lxy_offset_3849.V' (/home/centos/clockwork/soda_codes/hr18_1_opt/soda_code/hr18_1_opt_kernel.cpp:835) into a 17-bit variable.
WARNING: [XFORM 203-1102] Ignored multiple data pack pragma for variable 'from_lxy_offset_3848_to_lgxy_pe_0.V' (/home/centos/clockwork/soda_codes/hr18_1_opt/soda_code/hr18_1_opt_kernel.cpp:838).
INFO: [XFORM 203-1101] Packing variable 'from_lxy_offset_3848_to_lgxy_pe_0.V' (/home/centos/clockwork/soda_codes/hr18_1_opt/soda_code/hr18_1_opt_kernel.cpp:838) into a 17-bit variable.
WARNING: [XFORM 203-1102] Ignored multiple data pack pragma for variable 'from_lxx_offset_3848_to_lxx_offset_3849.V' (/home/centos/clockwork/soda_codes/hr18_1_opt/soda_code/hr18_1_opt_kernel.cpp:841).
INFO: [XFORM 203-1101] Packing variable 'from_lxx_offset_3848_to_lxx_offset_3849.V' (/home/centos/clockwork/soda_codes/hr18_1_opt/soda_code/hr18_1_opt_kernel.cpp:841) into a 17-bit variable.
WARNING: [XFORM 203-1102] Ignored multiple data pack pragma for variable 'from_lxx_offset_3848_to_lgxx_pe_0.V' (/home/centos/clockwork/soda_codes/hr18_1_opt/soda_code/hr18_1_opt_kernel.cpp:844).
INFO: [XFORM 203-1101] Packing variable 'from_lxx_offset_3848_to_lgxx_pe_0.V' (/home/centos/clockwork/soda_codes/hr18_1_opt/soda_code/hr18_1_opt_kernel.cpp:844) into a 17-bit variable.
WARNING: [XFORM 203-1102] Ignored multiple data pack pragma for variable 'from_lyy_offset_3849_to_lyy_offset_3850.V' (/home/centos/clockwork/soda_codes/hr18_1_opt/soda_code/hr18_1_opt_kernel.cpp:847).
INFO: [XFORM 203-1101] Packing variable 'from_lyy_offset_3849_to_lyy_offset_3850.V' (/home/centos/clockwork/soda_codes/hr18_1_opt/soda_code/hr18_1_opt_kernel.cpp:847) into a 17-bit variable.
WARNING: [XFORM 203-1102] Ignored multiple data pack pragma for variable 'from_lyy_offset_3849_to_lgyy_pe_0.V' (/home/centos/clockwork/soda_codes/hr18_1_opt/soda_code/hr18_1_opt_kernel.cpp:850).
INFO: [XFORM 203-1101] Packing variable 'from_lyy_offset_3849_to_lgyy_pe_0.V' (/home/centos/clockwork/soda_codes/hr18_1_opt/soda_code/hr18_1_opt_kernel.cpp:850) into a 17-bit variable.
WARNING: [XFORM 203-1102] Ignored multiple data pack pragma for variable 'from_lxy_offset_3849_to_lxy_offset_3850.V' (/home/centos/clockwork/soda_codes/hr18_1_opt/soda_code/hr18_1_opt_kernel.cpp:853).
INFO: [XFORM 203-1101] Packing variable 'from_lxy_offset_3849_to_lxy_offset_3850.V' (/home/centos/clockwork/soda_codes/hr18_1_opt/soda_code/hr18_1_opt_kernel.cpp:853) into a 17-bit variable.
WARNING: [XFORM 203-1102] Ignored multiple data pack pragma for variable 'from_lxy_offset_3849_to_lgxy_pe_0.V' (/home/centos/clockwork/soda_codes/hr18_1_opt/soda_code/hr18_1_opt_kernel.cpp:856).
INFO: [XFORM 203-1101] Packing variable 'from_lxy_offset_3849_to_lgxy_pe_0.V' (/home/centos/clockwork/soda_codes/hr18_1_opt/soda_code/hr18_1_opt_kernel.cpp:856) into a 17-bit variable.
WARNING: [XFORM 203-1102] Ignored multiple data pack pragma for variable 'from_lxx_offset_3849_to_lxx_offset_3850.V' (/home/centos/clockwork/soda_codes/hr18_1_opt/soda_code/hr18_1_opt_kernel.cpp:859).
INFO: [XFORM 203-1101] Packing variable 'from_lxx_offset_3849_to_lxx_offset_3850.V' (/home/centos/clockwork/soda_codes/hr18_1_opt/soda_code/hr18_1_opt_kernel.cpp:859) into a 17-bit variable.
WARNING: [XFORM 203-1102] Ignored multiple data pack pragma for variable 'from_lxx_offset_3849_to_lgxx_pe_0.V' (/home/centos/clockwork/soda_codes/hr18_1_opt/soda_code/hr18_1_opt_kernel.cpp:862).
INFO: [XFORM 203-1101] Packing variable 'from_lxx_offset_3849_to_lgxx_pe_0.V' (/home/centos/clockwork/soda_codes/hr18_1_opt/soda_code/hr18_1_opt_kernel.cpp:862) into a 17-bit variable.
WARNING: [XFORM 203-1102] Ignored multiple data pack pragma for variable 'from_lyy_offset_3850_to_lgyy_pe_0.V' (/home/centos/clockwork/soda_codes/hr18_1_opt/soda_code/hr18_1_opt_kernel.cpp:865).
INFO: [XFORM 203-1101] Packing variable 'from_lyy_offset_3850_to_lgyy_pe_0.V' (/home/centos/clockwork/soda_codes/hr18_1_opt/soda_code/hr18_1_opt_kernel.cpp:865) into a 17-bit variable.
WARNING: [XFORM 203-1102] Ignored multiple data pack pragma for variable 'from_lgyy_pe_0_to_lgyy_offset_0.V' (/home/centos/clockwork/soda_codes/hr18_1_opt/soda_code/hr18_1_opt_kernel.cpp:868).
INFO: [XFORM 203-1101] Packing variable 'from_lgyy_pe_0_to_lgyy_offset_0.V' (/home/centos/clockwork/soda_codes/hr18_1_opt/soda_code/hr18_1_opt_kernel.cpp:868) into a 17-bit variable.
WARNING: [XFORM 203-1102] Ignored multiple data pack pragma for variable 'from_lgyy_offset_0_to_lgyy8_pe_0.V' (/home/centos/clockwork/soda_codes/hr18_1_opt/soda_code/hr18_1_opt_kernel.cpp:871).
INFO: [XFORM 203-1101] Packing variable 'from_lgyy_offset_0_to_lgyy8_pe_0.V' (/home/centos/clockwork/soda_codes/hr18_1_opt/soda_code/hr18_1_opt_kernel.cpp:871) into a 17-bit variable.
WARNING: [XFORM 203-1102] Ignored multiple data pack pragma for variable 'from_lgyy8_pe_0_to_lgyy8_offset_0.V' (/home/centos/clockwork/soda_codes/hr18_1_opt/soda_code/hr18_1_opt_kernel.cpp:874).
INFO: [XFORM 203-1101] Packing variable 'from_lgyy8_pe_0_to_lgyy8_offset_0.V' (/home/centos/clockwork/soda_codes/hr18_1_opt/soda_code/hr18_1_opt_kernel.cpp:874) into a 17-bit variable.
WARNING: [XFORM 203-1102] Ignored multiple data pack pragma for variable 'from_lgyy8_offset_0_to_det_pe_0.V' (/home/centos/clockwork/soda_codes/hr18_1_opt/soda_code/hr18_1_opt_kernel.cpp:877).
INFO: [XFORM 203-1101] Packing variable 'from_lgyy8_offset_0_to_det_pe_0.V' (/home/centos/clockwork/soda_codes/hr18_1_opt/soda_code/hr18_1_opt_kernel.cpp:877) into a 17-bit variable.
WARNING: [XFORM 203-1102] Ignored multiple data pack pragma for variable 'from_lgyy8_offset_0_to_trace_pe_0.V' (/home/centos/clockwork/soda_codes/hr18_1_opt/soda_code/hr18_1_opt_kernel.cpp:880).
INFO: [XFORM 203-1101] Packing variable 'from_lgyy8_offset_0_to_trace_pe_0.V' (/home/centos/clockwork/soda_codes/hr18_1_opt/soda_code/hr18_1_opt_kernel.cpp:880) into a 17-bit variable.
WARNING: [XFORM 203-1102] Ignored multiple data pack pragma for variable 'from_lxy_offset_3850_to_lgxy_pe_0.V' (/home/centos/clockwork/soda_codes/hr18_1_opt/soda_code/hr18_1_opt_kernel.cpp:883).
INFO: [XFORM 203-1101] Packing variable 'from_lxy_offset_3850_to_lgxy_pe_0.V' (/home/centos/clockwork/soda_codes/hr18_1_opt/soda_code/hr18_1_opt_kernel.cpp:883) into a 17-bit variable.
WARNING: [XFORM 203-1102] Ignored multiple data pack pragma for variable 'from_lgxy_pe_0_to_lgxy_offset_0.V' (/home/centos/clockwork/soda_codes/hr18_1_opt/soda_code/hr18_1_opt_kernel.cpp:886).
INFO: [XFORM 203-1101] Packing variable 'from_lgxy_pe_0_to_lgxy_offset_0.V' (/home/centos/clockwork/soda_codes/hr18_1_opt/soda_code/hr18_1_opt_kernel.cpp:886) into a 17-bit variable.
WARNING: [XFORM 203-1102] Ignored multiple data pack pragma for variable 'from_lgxy_offset_0_to_lgxy8_pe_0.V' (/home/centos/clockwork/soda_codes/hr18_1_opt/soda_code/hr18_1_opt_kernel.cpp:889).
INFO: [XFORM 203-1101] Packing variable 'from_lgxy_offset_0_to_lgxy8_pe_0.V' (/home/centos/clockwork/soda_codes/hr18_1_opt/soda_code/hr18_1_opt_kernel.cpp:889) into a 17-bit variable.
WARNING: [XFORM 203-1102] Ignored multiple data pack pragma for variable 'from_lgxy8_pe_0_to_lgxy8_offset_0.V' (/home/centos/clockwork/soda_codes/hr18_1_opt/soda_code/hr18_1_opt_kernel.cpp:892).
INFO: [XFORM 203-1101] Packing variable 'from_lgxy8_pe_0_to_lgxy8_offset_0.V' (/home/centos/clockwork/soda_codes/hr18_1_opt/soda_code/hr18_1_opt_kernel.cpp:892) into a 17-bit variable.
WARNING: [XFORM 203-1102] Ignored multiple data pack pragma for variable 'from_lgxy8_offset_0_to_det_pe_0.V' (/home/centos/clockwork/soda_codes/hr18_1_opt/soda_code/hr18_1_opt_kernel.cpp:895).
INFO: [XFORM 203-1101] Packing variable 'from_lgxy8_offset_0_to_det_pe_0.V' (/home/centos/clockwork/soda_codes/hr18_1_opt/soda_code/hr18_1_opt_kernel.cpp:895) into a 17-bit variable.
WARNING: [XFORM 203-1102] Ignored multiple data pack pragma for variable 'from_lxx_offset_3850_to_lgxx_pe_0.V' (/home/centos/clockwork/soda_codes/hr18_1_opt/soda_code/hr18_1_opt_kernel.cpp:898).
INFO: [XFORM 203-1101] Packing variable 'from_lxx_offset_3850_to_lgxx_pe_0.V' (/home/centos/clockwork/soda_codes/hr18_1_opt/soda_code/hr18_1_opt_kernel.cpp:898) into a 17-bit variable.
WARNING: [XFORM 203-1102] Ignored multiple data pack pragma for variable 'from_lgxx_pe_0_to_lgxx_offset_0.V' (/home/centos/clockwork/soda_codes/hr18_1_opt/soda_code/hr18_1_opt_kernel.cpp:901).
INFO: [XFORM 203-1101] Packing variable 'from_lgxx_pe_0_to_lgxx_offset_0.V' (/home/centos/clockwork/soda_codes/hr18_1_opt/soda_code/hr18_1_opt_kernel.cpp:901) into a 17-bit variable.
WARNING: [XFORM 203-1102] Ignored multiple data pack pragma for variable 'from_lgxx_offset_0_to_lgxx8_pe_0.V' (/home/centos/clockwork/soda_codes/hr18_1_opt/soda_code/hr18_1_opt_kernel.cpp:904).
INFO: [XFORM 203-1101] Packing variable 'from_lgxx_offset_0_to_lgxx8_pe_0.V' (/home/centos/clockwork/soda_codes/hr18_1_opt/soda_code/hr18_1_opt_kernel.cpp:904) into a 17-bit variable.
WARNING: [XFORM 203-1102] Ignored multiple data pack pragma for variable 'from_lgxx8_pe_0_to_lgxx8_offset_0.V' (/home/centos/clockwork/soda_codes/hr18_1_opt/soda_code/hr18_1_opt_kernel.cpp:907).
INFO: [XFORM 203-1101] Packing variable 'from_lgxx8_pe_0_to_lgxx8_offset_0.V' (/home/centos/clockwork/soda_codes/hr18_1_opt/soda_code/hr18_1_opt_kernel.cpp:907) into a 17-bit variable.
WARNING: [XFORM 203-1102] Ignored multiple data pack pragma for variable 'from_lgxx8_offset_0_to_det_pe_0.V' (/home/centos/clockwork/soda_codes/hr18_1_opt/soda_code/hr18_1_opt_kernel.cpp:910).
INFO: [XFORM 203-1101] Packing variable 'from_lgxx8_offset_0_to_det_pe_0.V' (/home/centos/clockwork/soda_codes/hr18_1_opt/soda_code/hr18_1_opt_kernel.cpp:910) into a 17-bit variable.
WARNING: [XFORM 203-1102] Ignored multiple data pack pragma for variable 'from_lgxx8_offset_0_to_trace_pe_0.V' (/home/centos/clockwork/soda_codes/hr18_1_opt/soda_code/hr18_1_opt_kernel.cpp:913).
INFO: [XFORM 203-1101] Packing variable 'from_lgxx8_offset_0_to_trace_pe_0.V' (/home/centos/clockwork/soda_codes/hr18_1_opt/soda_code/hr18_1_opt_kernel.cpp:913) into a 17-bit variable.
WARNING: [XFORM 203-1102] Ignored multiple data pack pragma for variable 'from_det_pe_0_to_det_offset_0.V' (/home/centos/clockwork/soda_codes/hr18_1_opt/soda_code/hr18_1_opt_kernel.cpp:916).
INFO: [XFORM 203-1101] Packing variable 'from_det_pe_0_to_det_offset_0.V' (/home/centos/clockwork/soda_codes/hr18_1_opt/soda_code/hr18_1_opt_kernel.cpp:916) into a 17-bit variable.
WARNING: [XFORM 203-1102] Ignored multiple data pack pragma for variable 'from_trace_pe_0_to_trace_offset_0.V' (/home/centos/clockwork/soda_codes/hr18_1_opt/soda_code/hr18_1_opt_kernel.cpp:919).
INFO: [XFORM 203-1101] Packing variable 'from_trace_pe_0_to_trace_offset_0.V' (/home/centos/clockwork/soda_codes/hr18_1_opt/soda_code/hr18_1_opt_kernel.cpp:919) into a 17-bit variable.
WARNING: [XFORM 203-1102] Ignored multiple data pack pragma for variable 'from_det_offset_0_to_hr18_1_pe_0.V' (/home/centos/clockwork/soda_codes/hr18_1_opt/soda_code/hr18_1_opt_kernel.cpp:922).
INFO: [XFORM 203-1101] Packing variable 'from_det_offset_0_to_hr18_1_pe_0.V' (/home/centos/clockwork/soda_codes/hr18_1_opt/soda_code/hr18_1_opt_kernel.cpp:922) into a 17-bit variable.
WARNING: [XFORM 203-1102] Ignored multiple data pack pragma for variable 'from_trace_offset_0_to_hr18_1_pe_0.V' (/home/centos/clockwork/soda_codes/hr18_1_opt/soda_code/hr18_1_opt_kernel.cpp:925).
INFO: [XFORM 203-1101] Packing variable 'from_trace_offset_0_to_hr18_1_pe_0.V' (/home/centos/clockwork/soda_codes/hr18_1_opt/soda_code/hr18_1_opt_kernel.cpp:925) into a 17-bit variable.
WARNING: [XFORM 203-1102] Ignored multiple data pack pragma for variable 'from_hr18_1_pe_0_to_super_sink.V' (/home/centos/clockwork/soda_codes/hr18_1_opt/soda_code/hr18_1_opt_kernel.cpp:928).
INFO: [XFORM 203-1101] Packing variable 'from_hr18_1_pe_0_to_super_sink.V' (/home/centos/clockwork/soda_codes/hr18_1_opt/soda_code/hr18_1_opt_kernel.cpp:928) into a 17-bit variable.
INFO: [XFORM 203-102] Partitioning array 'fifo_ref_0_delayed_1_buf' (/home/centos/clockwork/soda_codes/hr18_1_opt/soda_code/hr18_1_opt_kernel.cpp:153) automatically.
INFO: [XFORM 203-102] Partitioning array 'fifo_ref_0_delayed_1_buf' (/home/centos/clockwork/soda_codes/hr18_1_opt/soda_code/hr18_1_opt_kernel.cpp:185) automatically.
INFO: [XFORM 203-102] Partitioning array 'fifo_ref_0_delayed_1_buf' (/home/centos/clockwork/soda_codes/hr18_1_opt/soda_code/hr18_1_opt_kernel.cpp:414) automatically.
INFO: [XFORM 203-602] Inlining function 'Reinterpret<unsigned short, ap_uint<16> >' into 'Module0Func' (/home/centos/clockwork/soda_codes/hr18_1_opt/soda_code/hr18_1_opt_kernel.cpp:95) automatically.
INFO: [XFORM 203-602] Inlining function 'Reinterpret<ap_uint<16>, unsigned short>' into 'Module18Func' (/home/centos/clockwork/soda_codes/hr18_1_opt/soda_code/hr18_1_opt_kernel.cpp:600) automatically.
INFO: [XFORM 203-712] Applying dataflow to function 'hr18_1_opt_kernel', detected/extracted 65 process function(s): 
	 'BurstRead'
	 'Module0Func'
	 'Module1Func87'
	 'Module1Func88'
	 'Module2Func'
	 'Module3Func89'
	 'Module4Func'
	 'Module5Func90'
	 'Module6Func'
	 'Module7Func'
	 'Module3Func91'
	 'Module3Func92'
	 'Module8Func93'
	 'Module8Func'
	 'Module9Func94'
	 'Module9Func95'
	 'Module10Func96'
	 'Module11Func'
	 'Module10Func'
	 'Module9Func97'
	 'Module9Func98'
	 'Module9Func99'
	 'Module3Func100'
	 'Module3Func101'
	 'Module3Func102'
	 'Module3Func103'
	 'Module3Func104'
	 'Module3Func105'
	 'Module5Func106'
	 'Module5Func107'
	 'Module5Func108'
	 'Module3Func109'
	 'Module3Func110'
	 'Module3Func111'
	 'Module3Func112'
	 'Module3Func113'
	 'Module3Func114'
	 'Module5Func115'
	 'Module5Func116'
	 'Module5Func'
	 'Module3Func117'
	 'Module3Func118'
	 'Module3Func'
	 'Module12Func119'
	 'Module13Func120'
	 'Module1Func121'
	 'Module14Func122'
	 'Module9Func123'
	 'Module12Func124'
	 'Module13Func125'
	 'Module1Func126'
	 'Module14Func127'
	 'Module1Func128'
	 'Module12Func'
	 'Module13Func'
	 'Module1Func129'
	 'Module14Func'
	 'Module9Func'
	 'Module15Func'
	 'Module16Func'
	 'Module1Func130'
	 'Module1Func'
	 'Module17Func'
	 'Module18Func'
	 'BurstWrite'.
INFO: [XFORM 203-11] Balancing expressions in function 'Module8Func93' (/home/centos/clockwork/soda_codes/hr18_1_opt/soda_code/hr18_1_opt_kernel.cpp:302)...8 expression(s) balanced.
INFO: [XFORM 203-11] Balancing expressions in function 'Module8Func' (/home/centos/clockwork/soda_codes/hr18_1_opt/soda_code/hr18_1_opt_kernel.cpp:302)...8 expression(s) balanced.
INFO: [XFORM 203-11] Balancing expressions in function 'Module13Func125' (/home/centos/clockwork/soda_codes/hr18_1_opt/soda_code/hr18_1_opt_kernel.cpp:436)...18 expression(s) balanced.
INFO: [XFORM 203-11] Balancing expressions in function 'Module13Func120' (/home/centos/clockwork/soda_codes/hr18_1_opt/soda_code/hr18_1_opt_kernel.cpp:436)...18 expression(s) balanced.
INFO: [XFORM 203-11] Balancing expressions in function 'Module13Func' (/home/centos/clockwork/soda_codes/hr18_1_opt/soda_code/hr18_1_opt_kernel.cpp:436)...18 expression(s) balanced.
INFO: [HLS 200-111] Finished Pre-synthesis Time (s): cpu = 00:00:19 ; elapsed = 00:00:22 . Memory (MB): peak = 983.102 ; gain = 463.160 ; free physical = 61809 ; free virtual = 83152
WARNING: [ANALYSIS 214-52] Found false inter dependency for variable 'fifo_ref_0_delayed_1922_buf' (/home/centos/clockwork/soda_codes/hr18_1_opt/soda_code/hr18_1_opt_kernel.cpp:278).
WARNING: [ANALYSIS 214-52] Found false inter dependency for variable 'fifo_ref_0_delayed_2_buf' (/home/centos/clockwork/soda_codes/hr18_1_opt/soda_code/hr18_1_opt_kernel.cpp:246).
WARNING: [ANALYSIS 214-52] Found false inter dependency for variable 'fifo_ref_0_delayed_1922_buf' (/home/centos/clockwork/soda_codes/hr18_1_opt/soda_code/hr18_1_opt_kernel.cpp:216).
WARNING: [ANALYSIS 214-52] Found false inter dependency for variable 'fifo_ref_0_delayed_1922_buf' (/home/centos/clockwork/soda_codes/hr18_1_opt/soda_code/hr18_1_opt_kernel.cpp:216).
WARNING: [ANALYSIS 214-52] Found false inter dependency for variable 'fifo_ref_0_delayed_1922_buf' (/home/centos/clockwork/soda_codes/hr18_1_opt/soda_code/hr18_1_opt_kernel.cpp:216).
WARNING: [ANALYSIS 214-52] Found false inter dependency for variable 'fifo_ref_0_delayed_1922_buf' (/home/centos/clockwork/soda_codes/hr18_1_opt/soda_code/hr18_1_opt_kernel.cpp:216).
WARNING: [ANALYSIS 214-52] Found false inter dependency for variable 'fifo_ref_0_delayed_1922_buf' (/home/centos/clockwork/soda_codes/hr18_1_opt/soda_code/hr18_1_opt_kernel.cpp:216).
WARNING: [ANALYSIS 214-52] Found false inter dependency for variable 'fifo_ref_0_delayed_1922_buf' (/home/centos/clockwork/soda_codes/hr18_1_opt/soda_code/hr18_1_opt_kernel.cpp:216).
WARNING: [ANALYSIS 214-52] Found false inter dependency for variable 'fifo_ref_0_delayed_1922_buf' (/home/centos/clockwork/soda_codes/hr18_1_opt/soda_code/hr18_1_opt_kernel.cpp:216).
WARNING: [ANALYSIS 214-52] Found false inter dependency for variable 'fifo_ref_0_delayed_1_buf[0]' (/home/centos/clockwork/soda_codes/hr18_1_opt/soda_code/hr18_1_opt_kernel.cpp:185).
WARNING: [ANALYSIS 214-52] Found false inter dependency for variable 'fifo_ref_0_delayed_1_buf[0]' (/home/centos/clockwork/soda_codes/hr18_1_opt/soda_code/hr18_1_opt_kernel.cpp:153).
WARNING: [ANALYSIS 214-52] Found false inter dependency for variable 'fifo_ref_0_delayed_1_buf[0]' (/home/centos/clockwork/soda_codes/hr18_1_opt/soda_code/hr18_1_opt_kernel.cpp:153).
WARNING: [ANALYSIS 214-52] Found false inter dependency for variable 'fifo_ref_0_delayed_1_buf[0]' (/home/centos/clockwork/soda_codes/hr18_1_opt/soda_code/hr18_1_opt_kernel.cpp:153).
WARNING: [ANALYSIS 214-52] Found false inter dependency for variable 'fifo_ref_0_delayed_1_buf[0]' (/home/centos/clockwork/soda_codes/hr18_1_opt/soda_code/hr18_1_opt_kernel.cpp:153).
WARNING: [ANALYSIS 214-52] Found false inter dependency for variable 'fifo_ref_0_delayed_1_buf[0]' (/home/centos/clockwork/soda_codes/hr18_1_opt/soda_code/hr18_1_opt_kernel.cpp:153).
WARNING: [ANALYSIS 214-52] Found false inter dependency for variable 'fifo_ref_0_delayed_1_buf[0]' (/home/centos/clockwork/soda_codes/hr18_1_opt/soda_code/hr18_1_opt_kernel.cpp:153).
WARNING: [ANALYSIS 214-52] Found false inter dependency for variable 'fifo_ref_0_delayed_1_buf[0]' (/home/centos/clockwork/soda_codes/hr18_1_opt/soda_code/hr18_1_opt_kernel.cpp:153).
WARNING: [ANALYSIS 214-52] Found false inter dependency for variable 'fifo_ref_0_delayed_1_buf[0]' (/home/centos/clockwork/soda_codes/hr18_1_opt/soda_code/hr18_1_opt_kernel.cpp:153).
WARNING: [ANALYSIS 214-52] Found false inter dependency for variable 'fifo_ref_0_delayed_1_buf[0]' (/home/centos/clockwork/soda_codes/hr18_1_opt/soda_code/hr18_1_opt_kernel.cpp:153).
WARNING: [ANALYSIS 214-52] Found false inter dependency for variable 'fifo_ref_0_delayed_1_buf[0]' (/home/centos/clockwork/soda_codes/hr18_1_opt/soda_code/hr18_1_opt_kernel.cpp:153).
WARNING: [ANALYSIS 214-52] Found false inter dependency for variable 'fifo_ref_0_delayed_1_buf[0]' (/home/centos/clockwork/soda_codes/hr18_1_opt/soda_code/hr18_1_opt_kernel.cpp:153).
WARNING: [ANALYSIS 214-52] Found false inter dependency for variable 'fifo_ref_0_delayed_1_buf[0]' (/home/centos/clockwork/soda_codes/hr18_1_opt/soda_code/hr18_1_opt_kernel.cpp:153).
WARNING: [ANALYSIS 214-52] Found false inter dependency for variable 'fifo_ref_0_delayed_1_buf[0]' (/home/centos/clockwork/soda_codes/hr18_1_opt/soda_code/hr18_1_opt_kernel.cpp:153).
WARNING: [ANALYSIS 214-52] Found false inter dependency for variable 'fifo_ref_0_delayed_1_buf[0]' (/home/centos/clockwork/soda_codes/hr18_1_opt/soda_code/hr18_1_opt_kernel.cpp:153).
WARNING: [ANALYSIS 214-52] Found false inter dependency for variable 'fifo_ref_0_delayed_1_buf[0]' (/home/centos/clockwork/soda_codes/hr18_1_opt/soda_code/hr18_1_opt_kernel.cpp:153).
WARNING: [ANALYSIS 214-52] Found false inter dependency for variable 'fifo_ref_0_delayed_1_buf[0]' (/home/centos/clockwork/soda_codes/hr18_1_opt/soda_code/hr18_1_opt_kernel.cpp:153).
WARNING: [ANALYSIS 214-52] Found false inter dependency for variable 'fifo_ref_0_delayed_1_buf[0]' (/home/centos/clockwork/soda_codes/hr18_1_opt/soda_code/hr18_1_opt_kernel.cpp:153).
WARNING: [ANALYSIS 214-52] Found false inter dependency for variable 'fifo_ref_0_delayed_1_buf[0]' (/home/centos/clockwork/soda_codes/hr18_1_opt/soda_code/hr18_1_opt_kernel.cpp:153).
WARNING: [ANALYSIS 214-52] Found false inter dependency for variable 'fifo_ref_0_delayed_1_buf[0]' (/home/centos/clockwork/soda_codes/hr18_1_opt/soda_code/hr18_1_opt_kernel.cpp:414).
WARNING: [ANALYSIS 214-52] Found false inter dependency for variable 'fifo_ref_0_delayed_1_buf[0]' (/home/centos/clockwork/soda_codes/hr18_1_opt/soda_code/hr18_1_opt_kernel.cpp:414).
WARNING: [ANALYSIS 214-52] Found false inter dependency for variable 'fifo_ref_0_delayed_1_buf[0]' (/home/centos/clockwork/soda_codes/hr18_1_opt/soda_code/hr18_1_opt_kernel.cpp:414).
INFO: [HLS 200-444] Inferring multiple bus burst write of variable length on port 'to.V' (/home/centos/clockwork/soda_codes/hr18_1_opt/soda_code/hr18_1_opt_kernel.cpp:76:5). These data requests might be further partitioned to multiple requests during RTL generation, based on max_read_burst_length or max_write_burst_length settings.
INFO: [HLS 200-444] Inferring multiple bus burst read of variable length on port 'from.V' (/home/centos/clockwork/soda_codes/hr18_1_opt/soda_code/hr18_1_opt_kernel.cpp:53:3). These data requests might be further partitioned to multiple requests during RTL generation, based on max_read_burst_length or max_write_burst_length settings.
INFO: [HLS 200-472] Inferring partial write operation for 'fifo_ref_0_delayed_1922_buf' (/home/centos/clockwork/soda_codes/hr18_1_opt/soda_code/hr18_1_opt_kernel.cpp:296:35)
INFO: [HLS 200-472] Inferring partial write operation for 'fifo_ref_0_delayed_2_buf' (/home/centos/clockwork/soda_codes/hr18_1_opt/soda_code/hr18_1_opt_kernel.cpp:263:32)
INFO: [HLS 200-472] Inferring partial write operation for 'fifo_ref_0_delayed_1922_buf' (/home/centos/clockwork/soda_codes/hr18_1_opt/soda_code/hr18_1_opt_kernel.cpp:233:35)
Call parameter type does not match function signature!
  %tmp_1 = call i11 @_ssdm_op_PartSelect.i11.i17.i32.i32(i17 %tmp1, i32 6, i32 16), !dbg !4075, !bitwidth !4077
 i17  call void @_ssdm_op_Write.ap_fifo.volatile.i17P(i17* %from_lgyy8_pe_0_to_lgyy8_offset_0_V, i11 %tmp_1), !dbg !4080, !bitwidth !4036
Broken module found, compilation aborted!
Stack dump:
0.	Running pass 'Function Pass Manager' on module '/home/centos/clockwork/soda_codes/hr18_1_opt/soda_code/_x.hw.hr18_1_opt/hr18_1_opt_kernel/hr18_1_opt_kernel/hr18_1_opt_kernel/solution/.autopilot/db/a.o.2.bc'.
1.	Running pass 'Module Verifier' on function '@Module14Func127'
/opt/Xilinx/Vivado/2019.2/bin/loader: line 280:  5431 Aborted                 "$RDI_PROG" "$@"
